[0.064s] Invoking command in '/workspaces/manipulation_ws/build/moveit_resources_fanuc_moveit_config': CMAKE_PREFIX_PATH=/workspaces/manipulation_ws/install/moveit_resources_fanuc_description:/workspaces/manipulation_ws/install/moveit_resources:/workspaces/manipulation_ws/install/moveit_resources_pr2_description:/workspaces/manipulation_ws/install/moveit_resources_panda_moveit_config:/workspaces/manipulation_ws/install/dual_arm_panda_moveit_config:/workspaces/manipulation_ws/install/moveit_resources_panda_description:/workspaces/manipulation_ws/install/moveit_resources_fanuc_moveit_config:/opt/ros/jazzy/opt/gz_sim_vendor:/opt/ros/jazzy/opt/gz_sensors_vendor:/opt/ros/jazzy/opt/gz_physics_vendor:/opt/ros/jazzy/opt/sdformat_vendor:/opt/ros/jazzy/opt/gz_gui_vendor:/opt/ros/jazzy/opt/gz_transport_vendor:/opt/ros/jazzy/opt/gz_rendering_vendor:/opt/ros/jazzy/opt/gz_plugin_vendor:/opt/ros/jazzy/opt/gz_fuel_tools_vendor:/opt/ros/jazzy/opt/gz_msgs_vendor:/opt/ros/jazzy/opt/gz_common_vendor:/opt/ros/jazzy/opt/gz_math_vendor:/opt/ros/jazzy/opt/gz_utils_vendor:/opt/ros/jazzy/opt/gz_tools_vendor:/opt/ros/jazzy/opt/gz_ogre_next_vendor:/opt/ros/jazzy/opt/gz_dartsim_vendor:/opt/ros/jazzy/opt/gz_cmake_vendor:/opt/ros/jazzy /usr/bin/cmake --build /workspaces/manipulation_ws/build/moveit_resources_fanuc_moveit_config -- -j4 -l4
[0.326s] Invoked command in '/workspaces/manipulation_ws/build/moveit_resources_fanuc_moveit_config' returned '0': CMAKE_PREFIX_PATH=/workspaces/manipulation_ws/install/moveit_resources_fanuc_description:/workspaces/manipulation_ws/install/moveit_resources:/workspaces/manipulation_ws/install/moveit_resources_pr2_description:/workspaces/manipulation_ws/install/moveit_resources_panda_moveit_config:/workspaces/manipulation_ws/install/dual_arm_panda_moveit_config:/workspaces/manipulation_ws/install/moveit_resources_panda_description:/workspaces/manipulation_ws/install/moveit_resources_fanuc_moveit_config:/opt/ros/jazzy/opt/gz_sim_vendor:/opt/ros/jazzy/opt/gz_sensors_vendor:/opt/ros/jazzy/opt/gz_physics_vendor:/opt/ros/jazzy/opt/sdformat_vendor:/opt/ros/jazzy/opt/gz_gui_vendor:/opt/ros/jazzy/opt/gz_transport_vendor:/opt/ros/jazzy/opt/gz_rendering_vendor:/opt/ros/jazzy/opt/gz_plugin_vendor:/opt/ros/jazzy/opt/gz_fuel_tools_vendor:/opt/ros/jazzy/opt/gz_msgs_vendor:/opt/ros/jazzy/opt/gz_common_vendor:/opt/ros/jazzy/opt/gz_math_vendor:/opt/ros/jazzy/opt/gz_utils_vendor:/opt/ros/jazzy/opt/gz_tools_vendor:/opt/ros/jazzy/opt/gz_ogre_next_vendor:/opt/ros/jazzy/opt/gz_dartsim_vendor:/opt/ros/jazzy/opt/gz_cmake_vendor:/opt/ros/jazzy /usr/bin/cmake --build /workspaces/manipulation_ws/build/moveit_resources_fanuc_moveit_config -- -j4 -l4
[0.327s] Invoking command in '/workspaces/manipulation_ws/build/moveit_resources_fanuc_moveit_config': CMAKE_PREFIX_PATH=/workspaces/manipulation_ws/install/moveit_resources_fanuc_description:/workspaces/manipulation_ws/install/moveit_resources:/workspaces/manipulation_ws/install/moveit_resources_pr2_description:/workspaces/manipulation_ws/install/moveit_resources_panda_moveit_config:/workspaces/manipulation_ws/install/dual_arm_panda_moveit_config:/workspaces/manipulation_ws/install/moveit_resources_panda_description:/workspaces/manipulation_ws/install/moveit_resources_fanuc_moveit_config:/opt/ros/jazzy/opt/gz_sim_vendor:/opt/ros/jazzy/opt/gz_sensors_vendor:/opt/ros/jazzy/opt/gz_physics_vendor:/opt/ros/jazzy/opt/sdformat_vendor:/opt/ros/jazzy/opt/gz_gui_vendor:/opt/ros/jazzy/opt/gz_transport_vendor:/opt/ros/jazzy/opt/gz_rendering_vendor:/opt/ros/jazzy/opt/gz_plugin_vendor:/opt/ros/jazzy/opt/gz_fuel_tools_vendor:/opt/ros/jazzy/opt/gz_msgs_vendor:/opt/ros/jazzy/opt/gz_common_vendor:/opt/ros/jazzy/opt/gz_math_vendor:/opt/ros/jazzy/opt/gz_utils_vendor:/opt/ros/jazzy/opt/gz_tools_vendor:/opt/ros/jazzy/opt/gz_ogre_next_vendor:/opt/ros/jazzy/opt/gz_dartsim_vendor:/opt/ros/jazzy/opt/gz_cmake_vendor:/opt/ros/jazzy /usr/bin/cmake --install /workspaces/manipulation_ws/build/moveit_resources_fanuc_moveit_config
[0.355s] -- Install configuration: ""
[0.359s] -- Up-to-date: /workspaces/manipulation_ws/install/moveit_resources_fanuc_moveit_config/share/ament_index/resource_index/package_run_dependencies/moveit_resources_fanuc_moveit_config
[0.361s] -- Up-to-date: /workspaces/manipulation_ws/install/moveit_resources_fanuc_moveit_config/share/ament_index/resource_index/parent_prefix_path/moveit_resources_fanuc_moveit_config
[0.361s] -- Up-to-date: /workspaces/manipulation_ws/install/moveit_resources_fanuc_moveit_config/share/moveit_resources_fanuc_moveit_config/environment/ament_prefix_path.sh
[0.362s] -- Up-to-date: /workspaces/manipulation_ws/install/moveit_resources_fanuc_moveit_config/share/moveit_resources_fanuc_moveit_config/environment/ament_prefix_path.dsv
[0.381s] -- Up-to-date: /workspaces/manipulation_ws/install/moveit_resources_fanuc_moveit_config/share/moveit_resources_fanuc_moveit_config/environment/path.sh
[0.381s] -- Up-to-date: /workspaces/manipulation_ws/install/moveit_resources_fanuc_moveit_config/share/moveit_resources_fanuc_moveit_config/environment/path.dsv
[0.384s] -- Up-to-date: /workspaces/manipulation_ws/install/moveit_resources_fanuc_moveit_config/share/moveit_resources_fanuc_moveit_config/local_setup.bash
[0.384s] -- Up-to-date: /workspaces/manipulation_ws/install/moveit_resources_fanuc_moveit_config/share/moveit_resources_fanuc_moveit_config/local_setup.sh
[0.384s] -- Up-to-date: /workspaces/manipulation_ws/install/moveit_resources_fanuc_moveit_config/share/moveit_resources_fanuc_moveit_config/local_setup.zsh
[0.384s] -- Up-to-date: /workspaces/manipulation_ws/install/moveit_resources_fanuc_moveit_config/share/moveit_resources_fanuc_moveit_config/local_setup.dsv
[0.395s] -- Installing: /workspaces/manipulation_ws/install/moveit_resources_fanuc_moveit_config/share/moveit_resources_fanuc_moveit_config/package.dsv
[0.396s] -- Up-to-date: /workspaces/manipulation_ws/install/moveit_resources_fanuc_moveit_config/share/ament_index/resource_index/packages/moveit_resources_fanuc_moveit_config
[0.396s] -- Up-to-date: /workspaces/manipulation_ws/install/moveit_resources_fanuc_moveit_config/share/moveit_resources_fanuc_moveit_config/cmake/moveit_resources_fanuc_moveit_configConfig.cmake
[0.396s] -- Up-to-date: /workspaces/manipulation_ws/install/moveit_resources_fanuc_moveit_config/share/moveit_resources_fanuc_moveit_config/cmake/moveit_resources_fanuc_moveit_configConfig-version.cmake
[0.396s] -- Up-to-date: /workspaces/manipulation_ws/install/moveit_resources_fanuc_moveit_config/share/moveit_resources_fanuc_moveit_config/package.xml
[0.396s] -- Up-to-date: /workspaces/manipulation_ws/install/moveit_resources_fanuc_moveit_config/share/moveit_resources_fanuc_moveit_config/launch
[0.397s] -- Up-to-date: /workspaces/manipulation_ws/install/moveit_resources_fanuc_moveit_config/share/moveit_resources_fanuc_moveit_config/launch/demo.launch.py
[0.397s] -- Up-to-date: /workspaces/manipulation_ws/install/moveit_resources_fanuc_moveit_config/share/moveit_resources_fanuc_moveit_config/launch/moveit.rviz
[0.397s] -- Up-to-date: /workspaces/manipulation_ws/install/moveit_resources_fanuc_moveit_config/share/moveit_resources_fanuc_moveit_config/config
[0.401s] -- Up-to-date: /workspaces/manipulation_ws/install/moveit_resources_fanuc_moveit_config/share/moveit_resources_fanuc_moveit_config/config/kinematics.yaml
[0.401s] -- Up-to-date: /workspaces/manipulation_ws/install/moveit_resources_fanuc_moveit_config/share/moveit_resources_fanuc_moveit_config/config/sensors_3d.yaml
[0.404s] -- Up-to-date: /workspaces/manipulation_ws/install/moveit_resources_fanuc_moveit_config/share/moveit_resources_fanuc_moveit_config/config/fanuc.srdf
[0.404s] -- Up-to-date: /workspaces/manipulation_ws/install/moveit_resources_fanuc_moveit_config/share/moveit_resources_fanuc_moveit_config/config/fanuc.ros2_control.xacro
[0.404s] -- Up-to-date: /workspaces/manipulation_ws/install/moveit_resources_fanuc_moveit_config/share/moveit_resources_fanuc_moveit_config/config/joint_limits.yaml
[0.406s] -- Up-to-date: /workspaces/manipulation_ws/install/moveit_resources_fanuc_moveit_config/share/moveit_resources_fanuc_moveit_config/config/fanuc.urdf.xacro
[0.407s] -- Up-to-date: /workspaces/manipulation_ws/install/moveit_resources_fanuc_moveit_config/share/moveit_resources_fanuc_moveit_config/config/ompl_planning.yaml
[0.407s] -- Up-to-date: /workspaces/manipulation_ws/install/moveit_resources_fanuc_moveit_config/share/moveit_resources_fanuc_moveit_config/config/ros2_controllers.yaml
[0.407s] -- Up-to-date: /workspaces/manipulation_ws/install/moveit_resources_fanuc_moveit_config/share/moveit_resources_fanuc_moveit_config/config/pilz_cartesian_limits.yaml
[0.408s] -- Up-to-date: /workspaces/manipulation_ws/install/moveit_resources_fanuc_moveit_config/share/moveit_resources_fanuc_moveit_config/config/initial_positions.yaml
[0.408s] -- Up-to-date: /workspaces/manipulation_ws/install/moveit_resources_fanuc_moveit_config/share/moveit_resources_fanuc_moveit_config/config/chomp_planning.yaml
[0.408s] -- Up-to-date: /workspaces/manipulation_ws/install/moveit_resources_fanuc_moveit_config/share/moveit_resources_fanuc_moveit_config/config/moveit_controllers.yaml
[0.408s] -- Up-to-date: /workspaces/manipulation_ws/install/moveit_resources_fanuc_moveit_config/share/moveit_resources_fanuc_moveit_config/.setup_assistant
[0.411s] Invoked command in '/workspaces/manipulation_ws/build/moveit_resources_fanuc_moveit_config' returned '0': CMAKE_PREFIX_PATH=/workspaces/manipulation_ws/install/moveit_resources_fanuc_description:/workspaces/manipulation_ws/install/moveit_resources:/workspaces/manipulation_ws/install/moveit_resources_pr2_description:/workspaces/manipulation_ws/install/moveit_resources_panda_moveit_config:/workspaces/manipulation_ws/install/dual_arm_panda_moveit_config:/workspaces/manipulation_ws/install/moveit_resources_panda_description:/workspaces/manipulation_ws/install/moveit_resources_fanuc_moveit_config:/opt/ros/jazzy/opt/gz_sim_vendor:/opt/ros/jazzy/opt/gz_sensors_vendor:/opt/ros/jazzy/opt/gz_physics_vendor:/opt/ros/jazzy/opt/sdformat_vendor:/opt/ros/jazzy/opt/gz_gui_vendor:/opt/ros/jazzy/opt/gz_transport_vendor:/opt/ros/jazzy/opt/gz_rendering_vendor:/opt/ros/jazzy/opt/gz_plugin_vendor:/opt/ros/jazzy/opt/gz_fuel_tools_vendor:/opt/ros/jazzy/opt/gz_msgs_vendor:/opt/ros/jazzy/opt/gz_common_vendor:/opt/ros/jazzy/opt/gz_math_vendor:/opt/ros/jazzy/opt/gz_utils_vendor:/opt/ros/jazzy/opt/gz_tools_vendor:/opt/ros/jazzy/opt/gz_ogre_next_vendor:/opt/ros/jazzy/opt/gz_dartsim_vendor:/opt/ros/jazzy/opt/gz_cmake_vendor:/opt/ros/jazzy /usr/bin/cmake --install /workspaces/manipulation_ws/build/moveit_resources_fanuc_moveit_config
