[0.061s] Invoking command in '/workspaces/manipulation_ws/build/moveit_resources_fanuc_description': CMAKE_PREFIX_PATH=${CMAKE_PREFIX_PATH}:/opt/ros/jazzy /usr/bin/cmake --build /workspaces/manipulation_ws/build/moveit_resources_fanuc_description -- -j4 -l4
[0.239s] Invoked command in '/workspaces/manipulation_ws/build/moveit_resources_fanuc_description' returned '0': CMAKE_PREFIX_PATH=${CMAKE_PREFIX_PATH}:/opt/ros/jazzy /usr/bin/cmake --build /workspaces/manipulation_ws/build/moveit_resources_fanuc_description -- -j4 -l4
[0.272s] Invoking command in '/workspaces/manipulation_ws/build/moveit_resources_fanuc_description': CMAKE_PREFIX_PATH=${CMAKE_PREFIX_PATH}:/opt/ros/jazzy /usr/bin/cmake --install /workspaces/manipulation_ws/build/moveit_resources_fanuc_description
[0.307s] -- Install configuration: ""
[0.307s] -- Up-to-date: /workspaces/manipulation_ws/install/moveit_resources_fanuc_description/share/ament_index/resource_index/package_run_dependencies/moveit_resources_fanuc_description
[0.308s] -- Up-to-date: /workspaces/manipulation_ws/install/moveit_resources_fanuc_description/share/ament_index/resource_index/parent_prefix_path/moveit_resources_fanuc_description
[0.308s] -- Up-to-date: /workspaces/manipulation_ws/install/moveit_resources_fanuc_description/share/moveit_resources_fanuc_description/environment/ament_prefix_path.sh
[0.308s] -- Up-to-date: /workspaces/manipulation_ws/install/moveit_resources_fanuc_description/share/moveit_resources_fanuc_description/environment/ament_prefix_path.dsv
[0.313s] -- Up-to-date: /workspaces/manipulation_ws/install/moveit_resources_fanuc_description/share/moveit_resources_fanuc_description/environment/path.sh
[0.319s] -- Up-to-date: /workspaces/manipulation_ws/install/moveit_resources_fanuc_description/share/moveit_resources_fanuc_description/environment/path.dsv
[0.319s] -- Up-to-date: /workspaces/manipulation_ws/install/moveit_resources_fanuc_description/share/moveit_resources_fanuc_description/local_setup.bash
[0.320s] -- Up-to-date: /workspaces/manipulation_ws/install/moveit_resources_fanuc_description/share/moveit_resources_fanuc_description/local_setup.sh
[0.320s] -- Up-to-date: /workspaces/manipulation_ws/install/moveit_resources_fanuc_description/share/moveit_resources_fanuc_description/local_setup.zsh
[0.320s] -- Up-to-date: /workspaces/manipulation_ws/install/moveit_resources_fanuc_description/share/moveit_resources_fanuc_description/local_setup.dsv
[0.320s] -- Installing: /workspaces/manipulation_ws/install/moveit_resources_fanuc_description/share/moveit_resources_fanuc_description/package.dsv
[0.320s] -- Up-to-date: /workspaces/manipulation_ws/install/moveit_resources_fanuc_description/share/ament_index/resource_index/packages/moveit_resources_fanuc_description
[0.321s] -- Up-to-date: /workspaces/manipulation_ws/install/moveit_resources_fanuc_description/share/moveit_resources_fanuc_description/cmake/moveit_resources_fanuc_descriptionConfig.cmake
[0.321s] -- Up-to-date: /workspaces/manipulation_ws/install/moveit_resources_fanuc_description/share/moveit_resources_fanuc_description/cmake/moveit_resources_fanuc_descriptionConfig-version.cmake
[0.321s] -- Up-to-date: /workspaces/manipulation_ws/install/moveit_resources_fanuc_description/share/moveit_resources_fanuc_description/package.xml
[0.325s] -- Up-to-date: /workspaces/manipulation_ws/install/moveit_resources_fanuc_description/share/moveit_resources_fanuc_description/meshes
[0.325s] -- Up-to-date: /workspaces/manipulation_ws/install/moveit_resources_fanuc_description/share/moveit_resources_fanuc_description/meshes/visual
[0.326s] -- Up-to-date: /workspaces/manipulation_ws/install/moveit_resources_fanuc_description/share/moveit_resources_fanuc_description/meshes/visual/link_3.stl
[0.326s] -- Up-to-date: /workspaces/manipulation_ws/install/moveit_resources_fanuc_description/share/moveit_resources_fanuc_description/meshes/visual/link_4.stl
[0.328s] -- Up-to-date: /workspaces/manipulation_ws/install/moveit_resources_fanuc_description/share/moveit_resources_fanuc_description/meshes/visual/link_5.stl
[0.328s] -- Up-to-date: /workspaces/manipulation_ws/install/moveit_resources_fanuc_description/share/moveit_resources_fanuc_description/meshes/visual/link_1.stl
[0.329s] -- Up-to-date: /workspaces/manipulation_ws/install/moveit_resources_fanuc_description/share/moveit_resources_fanuc_description/meshes/visual/link_2.stl
[0.330s] -- Up-to-date: /workspaces/manipulation_ws/install/moveit_resources_fanuc_description/share/moveit_resources_fanuc_description/meshes/visual/link_6.stl
[0.331s] -- Up-to-date: /workspaces/manipulation_ws/install/moveit_resources_fanuc_description/share/moveit_resources_fanuc_description/meshes/visual/base_link.stl
[0.332s] -- Up-to-date: /workspaces/manipulation_ws/install/moveit_resources_fanuc_description/share/moveit_resources_fanuc_description/meshes/collision
[0.333s] -- Up-to-date: /workspaces/manipulation_ws/install/moveit_resources_fanuc_description/share/moveit_resources_fanuc_description/meshes/collision/link_3.stl
[0.334s] -- Up-to-date: /workspaces/manipulation_ws/install/moveit_resources_fanuc_description/share/moveit_resources_fanuc_description/meshes/collision/link_4.stl
[0.335s] -- Up-to-date: /workspaces/manipulation_ws/install/moveit_resources_fanuc_description/share/moveit_resources_fanuc_description/meshes/collision/link_5.stl
[0.338s] -- Up-to-date: /workspaces/manipulation_ws/install/moveit_resources_fanuc_description/share/moveit_resources_fanuc_description/meshes/collision/link_1.stl
[0.340s] -- Up-to-date: /workspaces/manipulation_ws/install/moveit_resources_fanuc_description/share/moveit_resources_fanuc_description/meshes/collision/link_2.stl
[0.341s] -- Up-to-date: /workspaces/manipulation_ws/install/moveit_resources_fanuc_description/share/moveit_resources_fanuc_description/meshes/collision/link_6.stl
[0.341s] -- Up-to-date: /workspaces/manipulation_ws/install/moveit_resources_fanuc_description/share/moveit_resources_fanuc_description/meshes/collision/base_link.stl
[0.345s] -- Up-to-date: /workspaces/manipulation_ws/install/moveit_resources_fanuc_description/share/moveit_resources_fanuc_description/urdf
[0.345s] -- Up-to-date: /workspaces/manipulation_ws/install/moveit_resources_fanuc_description/share/moveit_resources_fanuc_description/urdf/fanuc.urdf
[0.366s] Invoked command in '/workspaces/manipulation_ws/build/moveit_resources_fanuc_description' returned '0': CMAKE_PREFIX_PATH=${CMAKE_PREFIX_PATH}:/opt/ros/jazzy /usr/bin/cmake --install /workspaces/manipulation_ws/build/moveit_resources_fanuc_description
