[0.033s] Invoking command in '/workspaces/ros2_dev_containers/simulation/ros2_ws/build/andino_base': CMAKE_PREFIX_PATH=${CMAKE_PREFIX_PATH}:/opt/ros/jazzy /usr/bin/cmake --build /workspaces/ros2_dev_containers/simulation/ros2_ws/build/andino_base -- -j8 -l8
[0.082s] -- Found ament_cmake: 2.5.4 (/opt/ros/jazzy/share/ament_cmake/cmake)
[0.415s] -- Found hardware_interface: 4.29.0 (/opt/ros/jazzy/share/hardware_interface/cmake)
[0.482s] -- Found rosidl_generator_c: 4.6.5 (/opt/ros/jazzy/share/rosidl_generator_c/cmake)
[0.493s] -- Found rosidl_generator_cpp: 4.6.5 (/opt/ros/jazzy/share/rosidl_generator_cpp/cmake)
[0.514s] -- Using all available rosidl_typesupport_c: rosidl_typesupport_fastrtps_c;rosidl_typesupport_introspection_c
[0.533s] -- Using all available rosidl_typesupport_cpp: rosidl_typesupport_fastrtps_cpp;rosidl_typesupport_introspection_cpp
[0.769s] -- Found TinyXML2 via Config file: /usr/lib/x86_64-linux-gnu/cmake/tinyxml2
[0.815s] -- Found rmw_implementation_cmake: 7.3.2 (/opt/ros/jazzy/share/rmw_implementation_cmake/cmake)
[0.817s] -- Found rmw_fastrtps_cpp: 8.4.2 (/opt/ros/jazzy/share/rmw_fastrtps_cpp/cmake)
[0.843s] -- Found TinyXML2 via Config file: /usr/lib/x86_64-linux-gnu/cmake/tinyxml2
[0.854s] -- Found TinyXML2 via Config file: /usr/lib/x86_64-linux-gnu/cmake/tinyxml2
[0.874s] -- Found TinyXML2 via Config file: /usr/lib/x86_64-linux-gnu/cmake/tinyxml2
[0.883s] -- Found TinyXML2 via Config file: /usr/lib/x86_64-linux-gnu/cmake/tinyxml2
[0.893s] -- Using RMW implementation 'rmw_fastrtps_cpp' as default
[1.112s] [31mCMake Error at CMakeLists.txt:30 (find_package):
[1.113s]   By not providing "Findament_cmake_clang_format.cmake" in CMAKE_MODULE_PATH
[1.113s]   this project has asked CMake to find a package configuration file provided
[1.113s]   by "ament_cmake_clang_format", but CMake did not find one.
[1.113s] 
[1.113s]   Could not find a package configuration file provided by
[1.113s]   "ament_cmake_clang_format" with any of the following names:
[1.113s] 
[1.113s]     ament_cmake_clang_formatConfig.cmake
[1.113s]     ament_cmake_clang_format-config.cmake
[1.114s] 
[1.114s]   Add the installation prefix of "ament_cmake_clang_format" to
[1.114s]   CMAKE_PREFIX_PATH or set "ament_cmake_clang_format_DIR" to a directory
[1.114s]   containing one of the above files.  If "ament_cmake_clang_format" provides
[1.114s]   a separate development package or SDK, be sure it has been installed.
[1.114s] 
[1.114s] [0m
[1.114s] -- Configuring incomplete, errors occurred!
[1.125s] gmake: *** [Makefile:268: cmake_check_build_system] Error 1
[1.128s] Invoked command in '/workspaces/ros2_dev_containers/simulation/ros2_ws/build/andino_base' returned '2': CMAKE_PREFIX_PATH=${CMAKE_PREFIX_PATH}:/opt/ros/jazzy /usr/bin/cmake --build /workspaces/ros2_dev_containers/simulation/ros2_ws/build/andino_base -- -j8 -l8
