[0.082s] Invoking command in '/workspaces/ros2_dev_containers/simulation/ros2_ws/build/andino_navigation': CMAKE_PREFIX_PATH=${CMAKE_PREFIX_PATH}:/opt/ros/jazzy /usr/bin/cmake --build /workspaces/ros2_dev_containers/simulation/ros2_ws/build/andino_navigation -- -j8 -l8
[0.219s] Invoked command in '/workspaces/ros2_dev_containers/simulation/ros2_ws/build/andino_navigation' returned '0': CMAKE_PREFIX_PATH=${CMAKE_PREFIX_PATH}:/opt/ros/jazzy /usr/bin/cmake --build /workspaces/ros2_dev_containers/simulation/ros2_ws/build/andino_navigation -- -j8 -l8
[0.220s] Invoking command in '/workspaces/ros2_dev_containers/simulation/ros2_ws/build/andino_navigation': CMAKE_PREFIX_PATH=${CMAKE_PREFIX_PATH}:/opt/ros/jazzy /usr/bin/cmake --install /workspaces/ros2_dev_containers/simulation/ros2_ws/build/andino_navigation
[0.232s] -- Install configuration: ""
[0.232s] -- Up-to-date: /workspaces/ros2_dev_containers/simulation/ros2_ws/install/andino_navigation/share/andino_navigation//launch
[0.232s] -- Up-to-date: /workspaces/ros2_dev_containers/simulation/ros2_ws/install/andino_navigation/share/andino_navigation//launch/bringup.launch.py
[0.232s] -- Up-to-date: /workspaces/ros2_dev_containers/simulation/ros2_ws/install/andino_navigation/share/andino_navigation//params
[0.233s] -- Up-to-date: /workspaces/ros2_dev_containers/simulation/ros2_ws/install/andino_navigation/share/andino_navigation//params/nav2_params.yaml
[0.233s] -- Up-to-date: /workspaces/ros2_dev_containers/simulation/ros2_ws/install/andino_navigation/share/andino_navigation//rviz
[0.233s] -- Up-to-date: /workspaces/ros2_dev_containers/simulation/ros2_ws/install/andino_navigation/share/andino_navigation//rviz/nav2_default_view.rviz
[0.233s] -- Up-to-date: /workspaces/ros2_dev_containers/simulation/ros2_ws/install/andino_navigation/share/ament_index/resource_index/package_run_dependencies/andino_navigation
[0.233s] -- Up-to-date: /workspaces/ros2_dev_containers/simulation/ros2_ws/install/andino_navigation/share/ament_index/resource_index/parent_prefix_path/andino_navigation
[0.233s] -- Up-to-date: /workspaces/ros2_dev_containers/simulation/ros2_ws/install/andino_navigation/share/andino_navigation/environment/ament_prefix_path.sh
[0.233s] -- Up-to-date: /workspaces/ros2_dev_containers/simulation/ros2_ws/install/andino_navigation/share/andino_navigation/environment/ament_prefix_path.dsv
[0.233s] -- Up-to-date: /workspaces/ros2_dev_containers/simulation/ros2_ws/install/andino_navigation/share/andino_navigation/environment/path.sh
[0.234s] -- Up-to-date: /workspaces/ros2_dev_containers/simulation/ros2_ws/install/andino_navigation/share/andino_navigation/environment/path.dsv
[0.234s] -- Up-to-date: /workspaces/ros2_dev_containers/simulation/ros2_ws/install/andino_navigation/share/andino_navigation/local_setup.bash
[0.234s] -- Up-to-date: /workspaces/ros2_dev_containers/simulation/ros2_ws/install/andino_navigation/share/andino_navigation/local_setup.sh
[0.234s] -- Up-to-date: /workspaces/ros2_dev_containers/simulation/ros2_ws/install/andino_navigation/share/andino_navigation/local_setup.zsh
[0.234s] -- Up-to-date: /workspaces/ros2_dev_containers/simulation/ros2_ws/install/andino_navigation/share/andino_navigation/local_setup.dsv
[0.234s] -- Installing: /workspaces/ros2_dev_containers/simulation/ros2_ws/install/andino_navigation/share/andino_navigation/package.dsv
[0.234s] -- Up-to-date: /workspaces/ros2_dev_containers/simulation/ros2_ws/install/andino_navigation/share/ament_index/resource_index/packages/andino_navigation
[0.234s] -- Up-to-date: /workspaces/ros2_dev_containers/simulation/ros2_ws/install/andino_navigation/share/andino_navigation/cmake/andino_navigationConfig.cmake
[0.234s] -- Up-to-date: /workspaces/ros2_dev_containers/simulation/ros2_ws/install/andino_navigation/share/andino_navigation/cmake/andino_navigationConfig-version.cmake
[0.234s] -- Up-to-date: /workspaces/ros2_dev_containers/simulation/ros2_ws/install/andino_navigation/share/andino_navigation/package.xml
[0.239s] Invoked command in '/workspaces/ros2_dev_containers/simulation/ros2_ws/build/andino_navigation' returned '0': CMAKE_PREFIX_PATH=${CMAKE_PREFIX_PATH}:/opt/ros/jazzy /usr/bin/cmake --install /workspaces/ros2_dev_containers/simulation/ros2_ws/build/andino_navigation
