[0.025s] Invoking command in '/workspaces/ros2_dev_containers/simulation/ros2_ws/build/andino_navigation': CMAKE_PREFIX_PATH=${CMAKE_PREFIX_PATH}:/opt/ros/jazzy /usr/bin/cmake /workspaces/ros2_dev_containers/simulation/ros2_ws/src/andino/andino_navigation -DCMAKE_INSTALL_PREFIX=/workspaces/ros2_dev_containers/simulation/ros2_ws/install/andino_navigation
[0.105s] -- The C compiler identification is GNU 13.3.0
[0.172s] -- The CXX compiler identification is GNU 13.3.0
[0.195s] -- Detecting C compiler ABI info
[0.305s] -- Detecting C compiler ABI info - done
[0.320s] -- Check for working C compiler: /usr/bin/cc - skipped
[0.320s] -- Detecting C compile features
[0.320s] -- Detecting C compile features - done
[0.333s] -- Detecting CXX compiler ABI info
[0.470s] -- Detecting CXX compiler ABI info - done
[0.497s] -- Check for working CXX compiler: /usr/bin/c++ - skipped
[0.498s] -- Detecting CXX compile features
[0.499s] -- Detecting CXX compile features - done
[0.521s] -- Found ament_cmake: 2.5.4 (/opt/ros/jazzy/share/ament_cmake/cmake)
[0.779s] -- Found Python3: /usr/bin/python3 (found version "3.12.3") found components: Interpreter 
[0.978s] -- Found ament_lint_auto: 0.17.2 (/opt/ros/jazzy/share/ament_lint_auto/cmake)
[1.152s] -- Added test 'flake8' to check Python code syntax and style conventions
[1.152s] -- Configured 'flake8' exclude dirs and/or files: 
[1.155s] -- Added test 'lint_cmake' to check CMake code style
[1.156s] -- Added test 'pep257' to check Python code against some of the docstring style conventions in PEP 257
[1.158s] -- Added test 'xmllint' to check XML markup files
[1.159s] -- Configuring done (1.1s)
[1.164s] -- Generating done (0.0s)
[1.166s] -- Build files have been written to: /workspaces/ros2_dev_containers/simulation/ros2_ws/build/andino_navigation
[1.199s] Invoked command in '/workspaces/ros2_dev_containers/simulation/ros2_ws/build/andino_navigation' returned '0': CMAKE_PREFIX_PATH=${CMAKE_PREFIX_PATH}:/opt/ros/jazzy /usr/bin/cmake /workspaces/ros2_dev_containers/simulation/ros2_ws/src/andino/andino_navigation -DCMAKE_INSTALL_PREFIX=/workspaces/ros2_dev_containers/simulation/ros2_ws/install/andino_navigation
[1.201s] Invoking command in '/workspaces/ros2_dev_containers/simulation/ros2_ws/build/andino_navigation': CMAKE_PREFIX_PATH=${CMAKE_PREFIX_PATH}:/opt/ros/jazzy /usr/bin/cmake --build /workspaces/ros2_dev_containers/simulation/ros2_ws/build/andino_navigation -- -j8 -l8
[1.252s] Invoked command in '/workspaces/ros2_dev_containers/simulation/ros2_ws/build/andino_navigation' returned '0': CMAKE_PREFIX_PATH=${CMAKE_PREFIX_PATH}:/opt/ros/jazzy /usr/bin/cmake --build /workspaces/ros2_dev_containers/simulation/ros2_ws/build/andino_navigation -- -j8 -l8
[1.253s] Invoking command in '/workspaces/ros2_dev_containers/simulation/ros2_ws/build/andino_navigation': CMAKE_PREFIX_PATH=${CMAKE_PREFIX_PATH}:/opt/ros/jazzy /usr/bin/cmake --install /workspaces/ros2_dev_containers/simulation/ros2_ws/build/andino_navigation
[1.262s] -- Install configuration: ""
[1.263s] -- Installing: /workspaces/ros2_dev_containers/simulation/ros2_ws/install/andino_navigation/share/andino_navigation//launch
[1.263s] -- Installing: /workspaces/ros2_dev_containers/simulation/ros2_ws/install/andino_navigation/share/andino_navigation//launch/bringup.launch.py
[1.264s] -- Installing: /workspaces/ros2_dev_containers/simulation/ros2_ws/install/andino_navigation/share/andino_navigation//params
[1.265s] -- Installing: /workspaces/ros2_dev_containers/simulation/ros2_ws/install/andino_navigation/share/andino_navigation//params/nav2_params.yaml
[1.266s] -- Installing: /workspaces/ros2_dev_containers/simulation/ros2_ws/install/andino_navigation/share/andino_navigation//rviz
[1.266s] -- Installing: /workspaces/ros2_dev_containers/simulation/ros2_ws/install/andino_navigation/share/andino_navigation//rviz/nav2_default_view.rviz
[1.266s] -- Installing: /workspaces/ros2_dev_containers/simulation/ros2_ws/install/andino_navigation/share/ament_index/resource_index/package_run_dependencies/andino_navigation
[1.266s] -- Installing: /workspaces/ros2_dev_containers/simulation/ros2_ws/install/andino_navigation/share/ament_index/resource_index/parent_prefix_path/andino_navigation
[1.266s] -- Installing: /workspaces/ros2_dev_containers/simulation/ros2_ws/install/andino_navigation/share/andino_navigation/environment/ament_prefix_path.sh
[1.266s] -- Installing: /workspaces/ros2_dev_containers/simulation/ros2_ws/install/andino_navigation/share/andino_navigation/environment/ament_prefix_path.dsv
[1.266s] -- Installing: /workspaces/ros2_dev_containers/simulation/ros2_ws/install/andino_navigation/share/andino_navigation/environment/path.sh
[1.266s] -- Installing: /workspaces/ros2_dev_containers/simulation/ros2_ws/install/andino_navigation/share/andino_navigation/environment/path.dsv
[1.266s] -- Installing: /workspaces/ros2_dev_containers/simulation/ros2_ws/install/andino_navigation/share/andino_navigation/local_setup.bash
[1.266s] -- Installing: /workspaces/ros2_dev_containers/simulation/ros2_ws/install/andino_navigation/share/andino_navigation/local_setup.sh
[1.267s] -- Installing: /workspaces/ros2_dev_containers/simulation/ros2_ws/install/andino_navigation/share/andino_navigation/local_setup.zsh
[1.268s] -- Installing: /workspaces/ros2_dev_containers/simulation/ros2_ws/install/andino_navigation/share/andino_navigation/local_setup.dsv
[1.268s] -- Installing: /workspaces/ros2_dev_containers/simulation/ros2_ws/install/andino_navigation/share/andino_navigation/package.dsv
[1.268s] -- Installing: /workspaces/ros2_dev_containers/simulation/ros2_ws/install/andino_navigation/share/ament_index/resource_index/packages/andino_navigation
[1.268s] -- Installing: /workspaces/ros2_dev_containers/simulation/ros2_ws/install/andino_navigation/share/andino_navigation/cmake/andino_navigationConfig.cmake
[1.268s] -- Installing: /workspaces/ros2_dev_containers/simulation/ros2_ws/install/andino_navigation/share/andino_navigation/cmake/andino_navigationConfig-version.cmake
[1.268s] -- Installing: /workspaces/ros2_dev_containers/simulation/ros2_ws/install/andino_navigation/share/andino_navigation/package.xml
[1.287s] Invoked command in '/workspaces/ros2_dev_containers/simulation/ros2_ws/build/andino_navigation' returned '0': CMAKE_PREFIX_PATH=${CMAKE_PREFIX_PATH}:/opt/ros/jazzy /usr/bin/cmake --install /workspaces/ros2_dev_containers/simulation/ros2_ws/build/andino_navigation
