-- The C compiler identification is GNU 13.3.0
-- The CXX compiler identification is GNU 13.3.0
-- Detecting C compiler ABI info
-- Detecting C compiler ABI info - done
-- Check for working C compiler: /usr/bin/cc - skipped
-- Detecting C compile features
-- Detecting C compile features - done
-- Detecting CXX compiler ABI info
-- Detecting CXX compiler ABI info - done
-- Check for working CXX compiler: /usr/bin/c++ - skipped
-- Detecting CXX compile features
-- Detecting CXX compile features - done
-- Found ament_cmake: 2.5.4 (/opt/ros/jazzy/share/ament_cmake/cmake)
-- Found Python3: /usr/bin/python3 (found version "3.12.3") found components: Interpreter 
-- Found hardware_interface: 4.29.0 (/opt/ros/jazzy/share/hardware_interface/cmake)
-- Found rosidl_generator_c: 4.6.5 (/opt/ros/jazzy/share/rosidl_generator_c/cmake)
-- Found rosidl_generator_cpp: 4.6.5 (/opt/ros/jazzy/share/rosidl_generator_cpp/cmake)
-- Using all available rosidl_typesupport_c: rosidl_typesupport_fastrtps_c;rosidl_typesupport_introspection_c
-- Using all available rosidl_typesupport_cpp: rosidl_typesupport_fastrtps_cpp;rosidl_typesupport_introspection_cpp
-- Found TinyXML2 via Config file: /usr/lib/x86_64-linux-gnu/cmake/tinyxml2
-- Found rmw_implementation_cmake: 7.3.2 (/opt/ros/jazzy/share/rmw_implementation_cmake/cmake)
-- Found rmw_fastrtps_cpp: 8.4.2 (/opt/ros/jazzy/share/rmw_fastrtps_cpp/cmake)
-- Found TinyXML2 via Config file: /usr/lib/x86_64-linux-gnu/cmake/tinyxml2
-- Found OpenSSL: /usr/lib/x86_64-linux-gnu/libcrypto.so (found version "3.0.13")  
-- Found TinyXML2 via Config file: /usr/lib/x86_64-linux-gnu/cmake/tinyxml2
-- Found FastRTPS: /opt/ros/jazzy/include (Required is at least version "2.13") 
-- Found TinyXML2 via Config file: /usr/lib/x86_64-linux-gnu/cmake/tinyxml2
-- Found TinyXML2 via Config file: /usr/lib/x86_64-linux-gnu/cmake/tinyxml2
-- Using RMW implementation 'rmw_fastrtps_cpp' as default
-- Found Threads: TRUE  
-- Found PkgConfig: /usr/bin/pkg-config (found version "1.8.1") 
-- Checking for module 'libserial'
--   Found libserial, version 1.0.0
-- Found ament_cmake_clang_format: 0.17.2 (/opt/ros/jazzy/share/ament_cmake_clang_format/cmake)
-- Configuring done (2.5s)
-- Generating done (0.0s)
-- Build files have been written to: /workspaces/ros2_dev_containers/simulation/ros2_ws/build/andino_base
[ 14%] [32mBuilding CXX object src/CMakeFiles/motor_driver.dir/motor_driver.cpp.o[0m
[ 28%] [32m[1mLinking CXX shared library libmotor_driver.so[0m
[ 28%] Built target motor_driver
[ 71%] [32mBuilding CXX object src/CMakeFiles/diffdrive_andino.dir/wheel.cpp.o[0m
[ 71%] [32mBuilding CXX object src/CMakeFiles/diffdrive_andino.dir/diffdrive_andino.cpp.o[0m
[ 71%] [32mBuilding CXX object applications/CMakeFiles/motor_driver_demo.dir/motor_driver_demo.cpp.o[0m
[ 85%] [32m[1mLinking CXX executable motor_driver_demo[0m
[ 85%] Built target motor_driver_demo
[100%] [32m[1mLinking CXX shared library libdiffdrive_andino.so[0m
[100%] Built target diffdrive_andino
-- Install configuration: ""
-- Installing: /workspaces/ros2_dev_containers/simulation/ros2_ws/install/andino_base/share/andino_base/andino_hw.xml
-- Installing: /workspaces/ros2_dev_containers/simulation/ros2_ws/install/andino_base/share/ament_index/resource_index/package_run_dependencies/andino_base
-- Installing: /workspaces/ros2_dev_containers/simulation/ros2_ws/install/andino_base/share/ament_index/resource_index/parent_prefix_path/andino_base
-- Installing: /workspaces/ros2_dev_containers/simulation/ros2_ws/install/andino_base/share/andino_base/environment/ament_prefix_path.sh
-- Installing: /workspaces/ros2_dev_containers/simulation/ros2_ws/install/andino_base/share/andino_base/environment/ament_prefix_path.dsv
-- Installing: /workspaces/ros2_dev_containers/simulation/ros2_ws/install/andino_base/share/andino_base/environment/path.sh
-- Installing: /workspaces/ros2_dev_containers/simulation/ros2_ws/install/andino_base/share/andino_base/environment/path.dsv
-- Installing: /workspaces/ros2_dev_containers/simulation/ros2_ws/install/andino_base/share/andino_base/local_setup.bash
-- Installing: /workspaces/ros2_dev_containers/simulation/ros2_ws/install/andino_base/share/andino_base/local_setup.sh
-- Installing: /workspaces/ros2_dev_containers/simulation/ros2_ws/install/andino_base/share/andino_base/local_setup.zsh
-- Installing: /workspaces/ros2_dev_containers/simulation/ros2_ws/install/andino_base/share/andino_base/local_setup.dsv
-- Installing: /workspaces/ros2_dev_containers/simulation/ros2_ws/install/andino_base/share/andino_base/package.dsv
-- Installing: /workspaces/ros2_dev_containers/simulation/ros2_ws/install/andino_base/share/ament_index/resource_index/packages/andino_base
-- Installing: /workspaces/ros2_dev_containers/simulation/ros2_ws/install/andino_base/share/ament_index/resource_index/hardware_interface__pluginlib__plugin/andino_base
-- Installing: /workspaces/ros2_dev_containers/simulation/ros2_ws/install/andino_base/share/andino_base/cmake/andino_baseConfig.cmake
-- Installing: /workspaces/ros2_dev_containers/simulation/ros2_ws/install/andino_base/share/andino_base/cmake/andino_baseConfig-version.cmake
-- Installing: /workspaces/ros2_dev_containers/simulation/ros2_ws/install/andino_base/share/andino_base/package.xml
-- Installing: /workspaces/ros2_dev_containers/simulation/ros2_ws/install/andino_base/bin/motor_driver_demo
-- Set non-toolchain portion of runtime path of "/workspaces/ros2_dev_containers/simulation/ros2_ws/install/andino_base/bin/motor_driver_demo" to ""
-- Installing: /workspaces/ros2_dev_containers/simulation/ros2_ws/install/andino_base/lib/libdiffdrive_andino.so
-- Set non-toolchain portion of runtime path of "/workspaces/ros2_dev_containers/simulation/ros2_ws/install/andino_base/lib/libdiffdrive_andino.so" to ""
-- Installing: /workspaces/ros2_dev_containers/simulation/ros2_ws/install/andino_base/lib/libmotor_driver.so
-- Installing: /workspaces/ros2_dev_containers/simulation/ros2_ws/install/andino_base/share/andino_base/environment/library_path.sh
-- Installing: /workspaces/ros2_dev_containers/simulation/ros2_ws/install/andino_base/share/andino_base/environment/library_path.dsv
