[1.031s] DEBUG:colcon:Command line arguments: ['/usr/bin/colcon', 'build', '--symlink-install']
[1.031s] DEBUG:colcon:Parsed command line arguments: Namespace(log_base=None, log_level=None, verb_name='build', build_base='build', install_base='install', merge_install=False, symlink_install=True, test_result_base=None, continue_on_error=False, executor='parallel', parallel_workers=8, event_handlers=None, ignore_user_meta=False, metas=['./colcon.meta'], base_paths=['.'], packages_ignore=None, packages_ignore_regex=None, paths=None, packages_up_to=None, packages_up_to_regex=None, packages_above=None, packages_above_and_dependencies=None, packages_above_depth=None, packages_select_by_dep=None, packages_skip_by_dep=None, packages_skip_up_to=None, packages_select_build_failed=False, packages_skip_build_finished=False, packages_select_test_failures=False, packages_skip_test_passed=False, packages_select=None, packages_skip=None, packages_select_regex=None, packages_skip_regex=None, packages_start=None, packages_end=None, cmake_args=None, cmake_target=None, cmake_target_skip_unavailable=False, cmake_clean_cache=False, cmake_clean_first=False, cmake_force_configure=False, ament_cmake_args=None, catkin_cmake_args=None, catkin_skip_building_tests=False, mixin_files=None, mixin=None, verb_parser=<colcon_mixin.mixin.mixin_argument.MixinArgumentDecorator object at 0x7f4d52649900>, verb_extension=<colcon_core.verb.build.BuildVerb object at 0x7f4d527c1360>, main=<bound method BuildVerb.main of <colcon_core.verb.build.BuildVerb object at 0x7f4d527c1360>>, mixin_verb=('build',))
[1.643s] Level 1:colcon.colcon_core.package_discovery:discover_packages(colcon_meta) check parameters
[1.647s] INFO:colcon.colcon_metadata.package_discovery.colcon_meta:Using configuration from '/root/.colcon/metadata/default/Gazebo.meta'
[1.651s] INFO:colcon.colcon_metadata.package_discovery.colcon_meta:Using configuration from '/root/.colcon/metadata/default/fastrtps.meta'
[1.652s] Level 1:colcon.colcon_core.package_discovery:discover_packages(recursive) check parameters
[1.652s] Level 1:colcon.colcon_core.package_discovery:discover_packages(ignore) check parameters
[1.652s] Level 1:colcon.colcon_core.package_discovery:discover_packages(path) check parameters
[1.652s] Level 1:colcon.colcon_core.package_discovery:discover_packages(colcon_meta) discover
[1.653s] Level 1:colcon.colcon_core.package_discovery:discover_packages(recursive) discover
[1.653s] INFO:colcon.colcon_core.package_discovery:Crawling recursively for packages in '/ros2_ws'
[1.653s] Level 1:colcon.colcon_core.package_identification:_identify(.) by extensions ['ignore', 'ignore_ament_install']
[1.653s] Level 1:colcon.colcon_core.package_identification:_identify(.) by extension 'ignore'
[1.654s] Level 1:colcon.colcon_core.package_identification:_identify(.) by extension 'ignore_ament_install'
[1.654s] Level 1:colcon.colcon_core.package_identification:_identify(.) by extensions ['colcon_pkg']
[1.654s] Level 1:colcon.colcon_core.package_identification:_identify(.) by extension 'colcon_pkg'
[1.655s] Level 1:colcon.colcon_core.package_identification:_identify(.) by extensions ['colcon_meta']
[1.655s] Level 1:colcon.colcon_core.package_identification:_identify(.) by extension 'colcon_meta'
[1.655s] Level 1:colcon.colcon_core.package_identification:_identify(.) by extensions ['ros']
[1.655s] Level 1:colcon.colcon_core.package_identification:_identify(.) by extension 'ros'
[1.713s] Level 1:colcon.colcon_core.package_identification:_identify(.) by extensions ['cmake', 'python']
[1.713s] Level 1:colcon.colcon_core.package_identification:_identify(.) by extension 'cmake'
[1.714s] Level 1:colcon.colcon_core.package_identification:_identify(.) by extension 'python'
[1.714s] Level 1:colcon.colcon_core.package_identification:_identify(.) by extensions ['python_setup_py']
[1.714s] Level 1:colcon.colcon_core.package_identification:_identify(.) by extension 'python_setup_py'
[1.714s] Level 1:colcon.colcon_core.package_identification:_identify(build) by extensions ['ignore', 'ignore_ament_install']
[1.715s] Level 1:colcon.colcon_core.package_identification:_identify(build) by extension 'ignore'
[1.715s] Level 1:colcon.colcon_core.package_identification:_identify(build) ignored
[1.715s] Level 1:colcon.colcon_core.package_identification:_identify(install) by extensions ['ignore', 'ignore_ament_install']
[1.716s] Level 1:colcon.colcon_core.package_identification:_identify(install) by extension 'ignore'
[1.716s] Level 1:colcon.colcon_core.package_identification:_identify(install) ignored
[1.716s] Level 1:colcon.colcon_core.package_identification:_identify(log) by extensions ['ignore', 'ignore_ament_install']
[1.716s] Level 1:colcon.colcon_core.package_identification:_identify(log) by extension 'ignore'
[1.716s] Level 1:colcon.colcon_core.package_identification:_identify(log) ignored
[1.716s] Level 1:colcon.colcon_core.package_discovery:discover_packages(recursive) using defaults
[1.717s] Level 1:colcon.colcon_core.package_discovery:discover_packages(ignore) discover
[1.717s] Level 1:colcon.colcon_core.package_discovery:discover_packages(ignore) using defaults
[1.717s] Level 1:colcon.colcon_core.package_discovery:discover_packages(path) discover
[1.717s] Level 1:colcon.colcon_core.package_discovery:discover_packages(path) using defaults
[1.815s] INFO:colcon.colcon_core.executor:Executing jobs using 'parallel' executor
[1.817s] DEBUG:colcon.colcon_parallel_executor.executor.parallel:run_until_complete
[1.818s] DEBUG:colcon.colcon_parallel_executor.executor.parallel:closing loop
[1.818s] DEBUG:colcon.colcon_parallel_executor.executor.parallel:loop closed
[1.819s] DEBUG:colcon.colcon_parallel_executor.executor.parallel:run_until_complete finished with '0'
[1.819s] DEBUG:colcon.colcon_core.event_reactor:joining thread
[1.868s] INFO:colcon.colcon_core.plugin_system:Skipping extension 'colcon_notification.desktop_notification.notify_send': Could not find 'notify-send'
[1.868s] INFO:colcon.colcon_core.plugin_system:Skipping extension 'colcon_notification.desktop_notification.terminal_notifier': Not used on non-Darwin systems
[1.869s] INFO:colcon.colcon_core.plugin_system:Skipping extension 'colcon_notification.desktop_notification.win32': Not used on non-Windows systems
[1.869s] INFO:colcon.colcon_notification.desktop_notification:Sending desktop notification using 'notify2'
[1.880s] DEBUG:colcon.colcon_notification.desktop_notification.notify2:Failed to initialize notify2: org.freedesktop.DBus.Error.InvalidFileContent: D-Bus library appears to be incorrectly set up: see the manual page for dbus-uuidgen to correct this issue. (Failed to open "/var/lib/dbus/machine-id": No such file or directory; UUID file '/etc/machine-id' should contain a hex string of length 32, not length 0, with no other text)
[1.893s] DEBUG:colcon.colcon_core.event_reactor:joined thread
[1.932s] INFO:colcon.colcon_core.plugin_system:Skipping extension 'colcon_core.shell.bat': Not used on non-Windows systems
[1.933s] INFO:colcon.colcon_core.shell:Creating prefix script '/ros2_ws/install/local_setup.ps1'
[1.943s] INFO:colcon.colcon_core.shell:Creating prefix util module '/ros2_ws/install/_local_setup_util_ps1.py'
[1.949s] INFO:colcon.colcon_core.shell:Creating prefix chain script '/ros2_ws/install/setup.ps1'
[1.970s] INFO:colcon.colcon_core.shell:Creating prefix script '/ros2_ws/install/local_setup.sh'
[1.982s] INFO:colcon.colcon_core.shell:Creating prefix util module '/ros2_ws/install/_local_setup_util_sh.py'
[1.985s] INFO:colcon.colcon_core.shell:Creating prefix chain script '/ros2_ws/install/setup.sh'
[1.988s] INFO:colcon.colcon_core.shell:Creating prefix script '/ros2_ws/install/local_setup.bash'
[1.993s] INFO:colcon.colcon_core.shell:Creating prefix chain script '/ros2_ws/install/setup.bash'
[1.998s] INFO:colcon.colcon_core.shell:Creating prefix script '/ros2_ws/install/local_setup.zsh'
[2.001s] INFO:colcon.colcon_core.shell:Creating prefix chain script '/ros2_ws/install/setup.zsh'
