-- Install configuration: ""
-- Up-to-date: /workspaces/ros2_dev_containers/simulation/ros2_ws/install/andino_firmware/share/andino_firmware/andino_firmware.ino
-- Up-to-date: /workspaces/ros2_dev_containers/simulation/ros2_ws/install/andino_firmware/share/andino_firmware/platformio.ini
-- Up-to-date: /workspaces/ros2_dev_containers/simulation/ros2_ws/install/andino_firmware/share/andino_firmware//src
-- Up-to-date: /workspaces/ros2_dev_containers/simulation/ros2_ws/install/andino_firmware/share/andino_firmware//src/main.cpp
-- Up-to-date: /workspaces/ros2_dev_containers/simulation/ros2_ws/install/andino_firmware/share/andino_firmware//src/constants.h
-- Up-to-date: /workspaces/ros2_dev_containers/simulation/ros2_ws/install/andino_firmware/share/andino_firmware//src/digital_out_arduino.cpp
-- Up-to-date: /workspaces/ros2_dev_containers/simulation/ros2_ws/install/andino_firmware/share/andino_firmware//src/serial_stream_arduino.cpp
-- Up-to-date: /workspaces/ros2_dev_containers/simulation/ros2_ws/install/andino_firmware/share/andino_firmware//src/serial_stream_arduino.h
-- Up-to-date: /workspaces/ros2_dev_containers/simulation/ros2_ws/install/andino_firmware/share/andino_firmware//src/encoder.h
-- Up-to-date: /workspaces/ros2_dev_containers/simulation/ros2_ws/install/andino_firmware/share/andino_firmware//src/pwm_out.h
-- Up-to-date: /workspaces/ros2_dev_containers/simulation/ros2_ws/install/andino_firmware/share/andino_firmware//src/shell.cpp
-- Up-to-date: /workspaces/ros2_dev_containers/simulation/ros2_ws/install/andino_firmware/share/andino_firmware//src/hw.h
-- Up-to-date: /workspaces/ros2_dev_containers/simulation/ros2_ws/install/andino_firmware/share/andino_firmware//src/pwm_out_arduino.h
-- Up-to-date: /workspaces/ros2_dev_containers/simulation/ros2_ws/install/andino_firmware/share/andino_firmware//src/interrupt_in_arduino.h
-- Up-to-date: /workspaces/ros2_dev_containers/simulation/ros2_ws/install/andino_firmware/share/andino_firmware//src/digital_in.h
-- Up-to-date: /workspaces/ros2_dev_containers/simulation/ros2_ws/install/andino_firmware/share/andino_firmware//src/digital_out.h
-- Up-to-date: /workspaces/ros2_dev_containers/simulation/ros2_ws/install/andino_firmware/share/andino_firmware//src/motor.cpp
-- Up-to-date: /workspaces/ros2_dev_containers/simulation/ros2_ws/install/andino_firmware/share/andino_firmware//src/interrupt_in.h
-- Up-to-date: /workspaces/ros2_dev_containers/simulation/ros2_ws/install/andino_firmware/share/andino_firmware//src/motor.h
-- Up-to-date: /workspaces/ros2_dev_containers/simulation/ros2_ws/install/andino_firmware/share/andino_firmware//src/interrupt_in_arduino.cpp
-- Up-to-date: /workspaces/ros2_dev_containers/simulation/ros2_ws/install/andino_firmware/share/andino_firmware//src/pwm_out_arduino.cpp
-- Up-to-date: /workspaces/ros2_dev_containers/simulation/ros2_ws/install/andino_firmware/share/andino_firmware//src/pid.cpp
-- Up-to-date: /workspaces/ros2_dev_containers/simulation/ros2_ws/install/andino_firmware/share/andino_firmware//src/pid.h
-- Up-to-date: /workspaces/ros2_dev_containers/simulation/ros2_ws/install/andino_firmware/share/andino_firmware//src/app.cpp
-- Up-to-date: /workspaces/ros2_dev_containers/simulation/ros2_ws/install/andino_firmware/share/andino_firmware//src/digital_out_arduino.h
-- Up-to-date: /workspaces/ros2_dev_containers/simulation/ros2_ws/install/andino_firmware/share/andino_firmware//src/commands.h
-- Up-to-date: /workspaces/ros2_dev_containers/simulation/ros2_ws/install/andino_firmware/share/andino_firmware//src/serial_stream.h
-- Up-to-date: /workspaces/ros2_dev_containers/simulation/ros2_ws/install/andino_firmware/share/andino_firmware//src/encoder.cpp
-- Up-to-date: /workspaces/ros2_dev_containers/simulation/ros2_ws/install/andino_firmware/share/andino_firmware//src/shell.h
-- Up-to-date: /workspaces/ros2_dev_containers/simulation/ros2_ws/install/andino_firmware/share/andino_firmware//src/app.h
-- Up-to-date: /workspaces/ros2_dev_containers/simulation/ros2_ws/install/andino_firmware/share/ament_index/resource_index/package_run_dependencies/andino_firmware
-- Up-to-date: /workspaces/ros2_dev_containers/simulation/ros2_ws/install/andino_firmware/share/ament_index/resource_index/parent_prefix_path/andino_firmware
-- Up-to-date: /workspaces/ros2_dev_containers/simulation/ros2_ws/install/andino_firmware/share/andino_firmware/environment/ament_prefix_path.sh
-- Up-to-date: /workspaces/ros2_dev_containers/simulation/ros2_ws/install/andino_firmware/share/andino_firmware/environment/ament_prefix_path.dsv
-- Up-to-date: /workspaces/ros2_dev_containers/simulation/ros2_ws/install/andino_firmware/share/andino_firmware/environment/path.sh
-- Up-to-date: /workspaces/ros2_dev_containers/simulation/ros2_ws/install/andino_firmware/share/andino_firmware/environment/path.dsv
-- Up-to-date: /workspaces/ros2_dev_containers/simulation/ros2_ws/install/andino_firmware/share/andino_firmware/local_setup.bash
-- Up-to-date: /workspaces/ros2_dev_containers/simulation/ros2_ws/install/andino_firmware/share/andino_firmware/local_setup.sh
-- Up-to-date: /workspaces/ros2_dev_containers/simulation/ros2_ws/install/andino_firmware/share/andino_firmware/local_setup.zsh
-- Up-to-date: /workspaces/ros2_dev_containers/simulation/ros2_ws/install/andino_firmware/share/andino_firmware/local_setup.dsv
-- Up-to-date: /workspaces/ros2_dev_containers/simulation/ros2_ws/install/andino_firmware/share/andino_firmware/package.dsv
-- Up-to-date: /workspaces/ros2_dev_containers/simulation/ros2_ws/install/andino_firmware/share/ament_index/resource_index/packages/andino_firmware
-- Up-to-date: /workspaces/ros2_dev_containers/simulation/ros2_ws/install/andino_firmware/share/andino_firmware/cmake/andino_firmwareConfig.cmake
-- Up-to-date: /workspaces/ros2_dev_containers/simulation/ros2_ws/install/andino_firmware/share/andino_firmware/cmake/andino_firmwareConfig-version.cmake
-- Up-to-date: /workspaces/ros2_dev_containers/simulation/ros2_ws/install/andino_firmware/share/andino_firmware/package.xml
