[0.036s] Invoking command in '/workspaces/ros2_dev_containers/simulation/ros2_ws/build/andino_description': CMAKE_PREFIX_PATH=${CMAKE_PREFIX_PATH}:/opt/ros/jazzy /usr/bin/cmake /workspaces/ros2_dev_containers/simulation/ros2_ws/src/andino/andino_description -DCMAKE_INSTALL_PREFIX=/workspaces/ros2_dev_containers/simulation/ros2_ws/install/andino_description
[0.116s] -- The C compiler identification is GNU 13.3.0
[0.183s] -- The CXX compiler identification is GNU 13.3.0
[0.203s] -- Detecting C compiler ABI info
[0.324s] -- Detecting C compiler ABI info - done
[0.340s] -- Check for working C compiler: /usr/bin/cc - skipped
[0.341s] -- Detecting C compile features
[0.341s] -- Detecting C compile features - done
[0.353s] -- Detecting CXX compiler ABI info
[0.496s] -- Detecting CXX compiler ABI info - done
[0.513s] -- Check for working CXX compiler: /usr/bin/c++ - skipped
[0.516s] -- Detecting CXX compile features
[0.516s] -- Detecting CXX compile features - done
[0.536s] -- Found ament_cmake: 2.5.4 (/opt/ros/jazzy/share/ament_cmake/cmake)
[0.777s] -- Found Python3: /usr/bin/python3 (found version "3.12.3") found components: Interpreter 
[0.988s] -- Found ament_cmake_pytest: 2.5.4 (/opt/ros/jazzy/share/ament_cmake_pytest/cmake)
[1.565s] -- Configuring done (1.5s)
[1.568s] -- Generating done (0.0s)
[1.569s] -- Build files have been written to: /workspaces/ros2_dev_containers/simulation/ros2_ws/build/andino_description
[1.574s] Invoked command in '/workspaces/ros2_dev_containers/simulation/ros2_ws/build/andino_description' returned '0': CMAKE_PREFIX_PATH=${CMAKE_PREFIX_PATH}:/opt/ros/jazzy /usr/bin/cmake /workspaces/ros2_dev_containers/simulation/ros2_ws/src/andino/andino_description -DCMAKE_INSTALL_PREFIX=/workspaces/ros2_dev_containers/simulation/ros2_ws/install/andino_description
[1.575s] Invoking command in '/workspaces/ros2_dev_containers/simulation/ros2_ws/build/andino_description': CMAKE_PREFIX_PATH=${CMAKE_PREFIX_PATH}:/opt/ros/jazzy /usr/bin/cmake --build /workspaces/ros2_dev_containers/simulation/ros2_ws/build/andino_description -- -j8 -l8
[1.616s] Invoked command in '/workspaces/ros2_dev_containers/simulation/ros2_ws/build/andino_description' returned '0': CMAKE_PREFIX_PATH=${CMAKE_PREFIX_PATH}:/opt/ros/jazzy /usr/bin/cmake --build /workspaces/ros2_dev_containers/simulation/ros2_ws/build/andino_description -- -j8 -l8
[1.617s] Invoking command in '/workspaces/ros2_dev_containers/simulation/ros2_ws/build/andino_description': CMAKE_PREFIX_PATH=${CMAKE_PREFIX_PATH}:/opt/ros/jazzy /usr/bin/cmake --install /workspaces/ros2_dev_containers/simulation/ros2_ws/build/andino_description
[1.628s] -- Install configuration: ""
[1.628s] -- Installing: /workspaces/ros2_dev_containers/simulation/ros2_ws/install/andino_description/share/andino_description//config
[1.628s] -- Installing: /workspaces/ros2_dev_containers/simulation/ros2_ws/install/andino_description/share/andino_description//config/andino
[1.628s] -- Installing: /workspaces/ros2_dev_containers/simulation/ros2_ws/install/andino_description/share/andino_description//config/andino/base.yaml
[1.628s] -- Installing: /workspaces/ros2_dev_containers/simulation/ros2_ws/install/andino_description/share/andino_description//config/andino/wheel.yaml
[1.628s] -- Installing: /workspaces/ros2_dev_containers/simulation/ros2_ws/install/andino_description/share/andino_description//config/andino/caster_wheel.yaml
[1.628s] -- Installing: /workspaces/ros2_dev_containers/simulation/ros2_ws/install/andino_description/share/andino_description//config/andino/second_base.yaml
[1.628s] -- Installing: /workspaces/ros2_dev_containers/simulation/ros2_ws/install/andino_description/share/andino_description//config/andino/hardware.yaml
[1.628s] -- Installing: /workspaces/ros2_dev_containers/simulation/ros2_ws/install/andino_description/share/andino_description//config/andino/motor.yaml
[1.629s] -- Installing: /workspaces/ros2_dev_containers/simulation/ros2_ws/install/andino_description/share/andino_description//config/andino/sensors.yaml
[1.629s] -- Installing: /workspaces/ros2_dev_containers/simulation/ros2_ws/install/andino_description/share/andino_description//launch
[1.629s] -- Installing: /workspaces/ros2_dev_containers/simulation/ros2_ws/install/andino_description/share/andino_description//launch/andino_description.launch.py
[1.629s] -- Installing: /workspaces/ros2_dev_containers/simulation/ros2_ws/install/andino_description/share/andino_description//launch/view_andino.launch.py
[1.629s] -- Installing: /workspaces/ros2_dev_containers/simulation/ros2_ws/install/andino_description/share/andino_description//meshes
[1.629s] -- Installing: /workspaces/ros2_dev_containers/simulation/ros2_ws/install/andino_description/share/andino_description//meshes/components
[1.629s] -- Installing: /workspaces/ros2_dev_containers/simulation/ros2_ws/install/andino_description/share/andino_description//meshes/components/wheel.stl
[1.629s] -- Installing: /workspaces/ros2_dev_containers/simulation/ros2_ws/install/andino_description/share/andino_description//meshes/sensors
[1.630s] -- Installing: /workspaces/ros2_dev_containers/simulation/ros2_ws/install/andino_description/share/andino_description//meshes/sensors/camera_mount.stl
[1.630s] -- Installing: /workspaces/ros2_dev_containers/simulation/ros2_ws/install/andino_description/share/andino_description//meshes/sensors/rplidar-a2.stl
[1.632s] -- Installing: /workspaces/ros2_dev_containers/simulation/ros2_ws/install/andino_description/share/andino_description//meshes/sensors/rplidar-a1.stl
[1.632s] -- Installing: /workspaces/ros2_dev_containers/simulation/ros2_ws/install/andino_description/share/andino_description//meshes/andino
[1.632s] -- Installing: /workspaces/ros2_dev_containers/simulation/ros2_ws/install/andino_description/share/andino_description//meshes/andino/caster_wheel_support.stl
[1.633s] -- Installing: /workspaces/ros2_dev_containers/simulation/ros2_ws/install/andino_description/share/andino_description//meshes/andino/chassis_top.stl
[1.634s] -- Installing: /workspaces/ros2_dev_containers/simulation/ros2_ws/install/andino_description/share/andino_description//meshes/andino/caster_base.stl
[1.634s] -- Installing: /workspaces/ros2_dev_containers/simulation/ros2_ws/install/andino_description/share/andino_description//meshes/andino/wheel_rim.stl
[1.635s] -- Installing: /workspaces/ros2_dev_containers/simulation/ros2_ws/install/andino_description/share/andino_description//meshes/andino/motor.stl
[1.635s] -- Installing: /workspaces/ros2_dev_containers/simulation/ros2_ws/install/andino_description/share/andino_description//meshes/andino/chassis.stl
[1.635s] -- Installing: /workspaces/ros2_dev_containers/simulation/ros2_ws/install/andino_description/share/andino_description//meshes/andino/wheel_tire.stl
[1.638s] -- Installing: /workspaces/ros2_dev_containers/simulation/ros2_ws/install/andino_description/share/andino_description//meshes/andino/caster_wheel.stl
[1.638s] -- Installing: /workspaces/ros2_dev_containers/simulation/ros2_ws/install/andino_description/share/andino_description//urdf
[1.638s] -- Installing: /workspaces/ros2_dev_containers/simulation/ros2_ws/install/andino_description/share/andino_description//urdf/include
[1.638s] -- Installing: /workspaces/ros2_dev_containers/simulation/ros2_ws/install/andino_description/share/andino_description//urdf/include/common_sensors.urdf.xacro
[1.638s] -- Installing: /workspaces/ros2_dev_containers/simulation/ros2_ws/install/andino_description/share/andino_description//urdf/include/andino_control.urdf.xacro
[1.638s] -- Installing: /workspaces/ros2_dev_containers/simulation/ros2_ws/install/andino_description/share/andino_description//urdf/include/andino_caster_macro.urdf.xacro
[1.638s] -- Installing: /workspaces/ros2_dev_containers/simulation/ros2_ws/install/andino_description/share/andino_description//urdf/include/common_macros.urdf.xacro
[1.638s] -- Installing: /workspaces/ros2_dev_containers/simulation/ros2_ws/install/andino_description/share/andino_description//urdf/andino.urdf.xacro
[1.638s] -- Installing: /workspaces/ros2_dev_containers/simulation/ros2_ws/install/andino_description/share/andino_description//rviz
[1.638s] -- Installing: /workspaces/ros2_dev_containers/simulation/ros2_ws/install/andino_description/share/andino_description//rviz/andino_description.rviz
[1.639s] -- Installing: /workspaces/ros2_dev_containers/simulation/ros2_ws/install/andino_description/share/ament_index/resource_index/package_run_dependencies/andino_description
[1.639s] -- Installing: /workspaces/ros2_dev_containers/simulation/ros2_ws/install/andino_description/share/ament_index/resource_index/parent_prefix_path/andino_description
[1.639s] -- Installing: /workspaces/ros2_dev_containers/simulation/ros2_ws/install/andino_description/share/andino_description/environment/ament_prefix_path.sh
[1.639s] -- Installing: /workspaces/ros2_dev_containers/simulation/ros2_ws/install/andino_description/share/andino_description/environment/ament_prefix_path.dsv
[1.639s] -- Installing: /workspaces/ros2_dev_containers/simulation/ros2_ws/install/andino_description/share/andino_description/environment/path.sh
[1.639s] -- Installing: /workspaces/ros2_dev_containers/simulation/ros2_ws/install/andino_description/share/andino_description/environment/path.dsv
[1.639s] -- Installing: /workspaces/ros2_dev_containers/simulation/ros2_ws/install/andino_description/share/andino_description/local_setup.bash
[1.639s] -- Installing: /workspaces/ros2_dev_containers/simulation/ros2_ws/install/andino_description/share/andino_description/local_setup.sh
[1.640s] -- Installing: /workspaces/ros2_dev_containers/simulation/ros2_ws/install/andino_description/share/andino_description/local_setup.zsh
[1.640s] -- Installing: /workspaces/ros2_dev_containers/simulation/ros2_ws/install/andino_description/share/andino_description/local_setup.dsv
[1.640s] -- Installing: /workspaces/ros2_dev_containers/simulation/ros2_ws/install/andino_description/share/andino_description/package.dsv
[1.640s] -- Installing: /workspaces/ros2_dev_containers/simulation/ros2_ws/install/andino_description/share/ament_index/resource_index/packages/andino_description
[1.640s] -- Installing: /workspaces/ros2_dev_containers/simulation/ros2_ws/install/andino_description/share/andino_description/cmake/andino_descriptionConfig.cmake
[1.640s] -- Installing: /workspaces/ros2_dev_containers/simulation/ros2_ws/install/andino_description/share/andino_description/cmake/andino_descriptionConfig-version.cmake
[1.640s] -- Installing: /workspaces/ros2_dev_containers/simulation/ros2_ws/install/andino_description/share/andino_description/package.xml
[1.643s] Invoked command in '/workspaces/ros2_dev_containers/simulation/ros2_ws/build/andino_description' returned '0': CMAKE_PREFIX_PATH=${CMAKE_PREFIX_PATH}:/opt/ros/jazzy /usr/bin/cmake --install /workspaces/ros2_dev_containers/simulation/ros2_ws/build/andino_description
