[0.035s] Invoking command in '/workspaces/ros2_dev_containers/simulation/ros2_ws/build/andino_hardware': CMAKE_PREFIX_PATH=${CMAKE_PREFIX_PATH}:/opt/ros/jazzy /usr/bin/cmake --build /workspaces/ros2_dev_containers/simulation/ros2_ws/build/andino_hardware -- -j8 -l8
[0.101s] Invoked command in '/workspaces/ros2_dev_containers/simulation/ros2_ws/build/andino_hardware' returned '0': CMAKE_PREFIX_PATH=${CMAKE_PREFIX_PATH}:/opt/ros/jazzy /usr/bin/cmake --build /workspaces/ros2_dev_containers/simulation/ros2_ws/build/andino_hardware -- -j8 -l8
[0.106s] Invoking command in '/workspaces/ros2_dev_containers/simulation/ros2_ws/build/andino_hardware': CMAKE_PREFIX_PATH=${CMAKE_PREFIX_PATH}:/opt/ros/jazzy /usr/bin/cmake --install /workspaces/ros2_dev_containers/simulation/ros2_ws/build/andino_hardware
[0.129s] -- Install configuration: ""
[0.130s] -- Up-to-date: /workspaces/ros2_dev_containers/simulation/ros2_ws/install/andino_hardware/share/andino_hardware//printing_model
[0.130s] -- Up-to-date: /workspaces/ros2_dev_containers/simulation/ros2_ws/install/andino_hardware/share/andino_hardware//printing_model/raspi_cam_mount
[0.130s] -- Up-to-date: /workspaces/ros2_dev_containers/simulation/ros2_ws/install/andino_hardware/share/andino_hardware//printing_model/raspi_cam_mount/raspi_camera_mount_back.stl
[0.130s] -- Up-to-date: /workspaces/ros2_dev_containers/simulation/ros2_ws/install/andino_hardware/share/andino_hardware//printing_model/raspi_cam_mount/raspi_camera_mount_front.stl
[0.130s] -- Up-to-date: /workspaces/ros2_dev_containers/simulation/ros2_ws/install/andino_hardware/share/andino_hardware//printing_model/raspi_cam_mount/raspi_camera_mount_hinge.stl
[0.130s] -- Up-to-date: /workspaces/ros2_dev_containers/simulation/ros2_ws/install/andino_hardware/share/andino_hardware//printing_model/chassis
[0.131s] -- Up-to-date: /workspaces/ros2_dev_containers/simulation/ros2_ws/install/andino_hardware/share/andino_hardware//printing_model/chassis/RobotChassis.PDF
[0.131s] -- Up-to-date: /workspaces/ros2_dev_containers/simulation/ros2_ws/install/andino_hardware/share/andino_hardware//printing_model/chassis/RobotChassis.STL
[0.131s] -- Up-to-date: /workspaces/ros2_dev_containers/simulation/ros2_ws/install/andino_hardware/share/ament_index/resource_index/package_run_dependencies/andino_hardware
[0.131s] -- Up-to-date: /workspaces/ros2_dev_containers/simulation/ros2_ws/install/andino_hardware/share/ament_index/resource_index/parent_prefix_path/andino_hardware
[0.131s] -- Up-to-date: /workspaces/ros2_dev_containers/simulation/ros2_ws/install/andino_hardware/share/andino_hardware/environment/ament_prefix_path.sh
[0.131s] -- Up-to-date: /workspaces/ros2_dev_containers/simulation/ros2_ws/install/andino_hardware/share/andino_hardware/environment/ament_prefix_path.dsv
[0.131s] -- Up-to-date: /workspaces/ros2_dev_containers/simulation/ros2_ws/install/andino_hardware/share/andino_hardware/environment/path.sh
[0.131s] -- Up-to-date: /workspaces/ros2_dev_containers/simulation/ros2_ws/install/andino_hardware/share/andino_hardware/environment/path.dsv
[0.131s] -- Up-to-date: /workspaces/ros2_dev_containers/simulation/ros2_ws/install/andino_hardware/share/andino_hardware/local_setup.bash
[0.131s] -- Up-to-date: /workspaces/ros2_dev_containers/simulation/ros2_ws/install/andino_hardware/share/andino_hardware/local_setup.sh
[0.132s] -- Up-to-date: /workspaces/ros2_dev_containers/simulation/ros2_ws/install/andino_hardware/share/andino_hardware/local_setup.zsh
[0.132s] -- Up-to-date: /workspaces/ros2_dev_containers/simulation/ros2_ws/install/andino_hardware/share/andino_hardware/local_setup.dsv
[0.132s] -- Installing: /workspaces/ros2_dev_containers/simulation/ros2_ws/install/andino_hardware/share/andino_hardware/package.dsv
[0.132s] -- Up-to-date: /workspaces/ros2_dev_containers/simulation/ros2_ws/install/andino_hardware/share/ament_index/resource_index/packages/andino_hardware
[0.132s] -- Up-to-date: /workspaces/ros2_dev_containers/simulation/ros2_ws/install/andino_hardware/share/andino_hardware/cmake/andino_hardwareConfig.cmake
[0.132s] -- Up-to-date: /workspaces/ros2_dev_containers/simulation/ros2_ws/install/andino_hardware/share/andino_hardware/cmake/andino_hardwareConfig-version.cmake
[0.132s] -- Up-to-date: /workspaces/ros2_dev_containers/simulation/ros2_ws/install/andino_hardware/share/andino_hardware/package.xml
[0.193s] Invoked command in '/workspaces/ros2_dev_containers/simulation/ros2_ws/build/andino_hardware' returned '0': CMAKE_PREFIX_PATH=${CMAKE_PREFIX_PATH}:/opt/ros/jazzy /usr/bin/cmake --install /workspaces/ros2_dev_containers/simulation/ros2_ws/build/andino_hardware
