[0.028s] Invoking command in '/workspaces/ros2_dev_containers/simulation/ros2_ws/build/andino_slam': CMAKE_PREFIX_PATH=${CMAKE_PREFIX_PATH}:/opt/ros/jazzy /usr/bin/cmake /workspaces/ros2_dev_containers/simulation/ros2_ws/src/andino/andino_slam -DCMAKE_INSTALL_PREFIX=/workspaces/ros2_dev_containers/simulation/ros2_ws/install/andino_slam
[0.108s] -- The C compiler identification is GNU 13.3.0
[0.187s] -- The CXX compiler identification is GNU 13.3.0
[0.208s] -- Detecting C compiler ABI info
[0.320s] -- Detecting C compiler ABI info - done
[0.337s] -- Check for working C compiler: /usr/bin/cc - skipped
[0.338s] -- Detecting C compile features
[0.338s] -- Detecting C compile features - done
[0.350s] -- Detecting CXX compiler ABI info
[0.486s] -- Detecting CXX compiler ABI info - done
[0.502s] -- Check for working CXX compiler: /usr/bin/c++ - skipped
[0.503s] -- Detecting CXX compile features
[0.504s] -- Detecting CXX compile features - done
[0.521s] -- Found ament_cmake: 2.5.4 (/opt/ros/jazzy/share/ament_cmake/cmake)
[0.778s] -- Found Python3: /usr/bin/python3 (found version "3.12.3") found components: Interpreter 
[1.096s] -- Configuring done (1.1s)
[1.101s] -- Generating done (0.0s)
[1.103s] -- Build files have been written to: /workspaces/ros2_dev_containers/simulation/ros2_ws/build/andino_slam
[1.110s] Invoked command in '/workspaces/ros2_dev_containers/simulation/ros2_ws/build/andino_slam' returned '0': CMAKE_PREFIX_PATH=${CMAKE_PREFIX_PATH}:/opt/ros/jazzy /usr/bin/cmake /workspaces/ros2_dev_containers/simulation/ros2_ws/src/andino/andino_slam -DCMAKE_INSTALL_PREFIX=/workspaces/ros2_dev_containers/simulation/ros2_ws/install/andino_slam
[1.112s] Invoking command in '/workspaces/ros2_dev_containers/simulation/ros2_ws/build/andino_slam': CMAKE_PREFIX_PATH=${CMAKE_PREFIX_PATH}:/opt/ros/jazzy /usr/bin/cmake --build /workspaces/ros2_dev_containers/simulation/ros2_ws/build/andino_slam -- -j8 -l8
[1.170s] Invoked command in '/workspaces/ros2_dev_containers/simulation/ros2_ws/build/andino_slam' returned '0': CMAKE_PREFIX_PATH=${CMAKE_PREFIX_PATH}:/opt/ros/jazzy /usr/bin/cmake --build /workspaces/ros2_dev_containers/simulation/ros2_ws/build/andino_slam -- -j8 -l8
[1.172s] Invoking command in '/workspaces/ros2_dev_containers/simulation/ros2_ws/build/andino_slam': CMAKE_PREFIX_PATH=${CMAKE_PREFIX_PATH}:/opt/ros/jazzy /usr/bin/cmake --install /workspaces/ros2_dev_containers/simulation/ros2_ws/build/andino_slam
[1.184s] -- Install configuration: ""
[1.185s] -- Installing: /workspaces/ros2_dev_containers/simulation/ros2_ws/install/andino_slam/share/andino_slam//config
[1.186s] -- Installing: /workspaces/ros2_dev_containers/simulation/ros2_ws/install/andino_slam/share/andino_slam//config/slam_toolbox_online_async.yaml
[1.186s] -- Installing: /workspaces/ros2_dev_containers/simulation/ros2_ws/install/andino_slam/share/andino_slam//launch
[1.186s] -- Installing: /workspaces/ros2_dev_containers/simulation/ros2_ws/install/andino_slam/share/andino_slam//launch/slam_toolbox_online_async.launch.py
[1.186s] -- Installing: /workspaces/ros2_dev_containers/simulation/ros2_ws/install/andino_slam/share/andino_slam//launch/rviz.launch.py
[1.186s] -- Installing: /workspaces/ros2_dev_containers/simulation/ros2_ws/install/andino_slam/share/andino_slam//rviz
[1.186s] -- Installing: /workspaces/ros2_dev_containers/simulation/ros2_ws/install/andino_slam/share/andino_slam//rviz/andino_slam.rviz
[1.188s] -- Installing: /workspaces/ros2_dev_containers/simulation/ros2_ws/install/andino_slam/share/ament_index/resource_index/package_run_dependencies/andino_slam
[1.188s] -- Installing: /workspaces/ros2_dev_containers/simulation/ros2_ws/install/andino_slam/share/ament_index/resource_index/parent_prefix_path/andino_slam
[1.188s] -- Installing: /workspaces/ros2_dev_containers/simulation/ros2_ws/install/andino_slam/share/andino_slam/environment/ament_prefix_path.sh
[1.188s] -- Installing: /workspaces/ros2_dev_containers/simulation/ros2_ws/install/andino_slam/share/andino_slam/environment/ament_prefix_path.dsv
[1.188s] -- Installing: /workspaces/ros2_dev_containers/simulation/ros2_ws/install/andino_slam/share/andino_slam/environment/path.sh
[1.188s] -- Installing: /workspaces/ros2_dev_containers/simulation/ros2_ws/install/andino_slam/share/andino_slam/environment/path.dsv
[1.188s] -- Installing: /workspaces/ros2_dev_containers/simulation/ros2_ws/install/andino_slam/share/andino_slam/local_setup.bash
[1.189s] -- Installing: /workspaces/ros2_dev_containers/simulation/ros2_ws/install/andino_slam/share/andino_slam/local_setup.sh
[1.189s] -- Installing: /workspaces/ros2_dev_containers/simulation/ros2_ws/install/andino_slam/share/andino_slam/local_setup.zsh
[1.189s] -- Installing: /workspaces/ros2_dev_containers/simulation/ros2_ws/install/andino_slam/share/andino_slam/local_setup.dsv
[1.189s] -- Installing: /workspaces/ros2_dev_containers/simulation/ros2_ws/install/andino_slam/share/andino_slam/package.dsv
[1.189s] -- Installing: /workspaces/ros2_dev_containers/simulation/ros2_ws/install/andino_slam/share/ament_index/resource_index/packages/andino_slam
[1.189s] -- Installing: /workspaces/ros2_dev_containers/simulation/ros2_ws/install/andino_slam/share/andino_slam/cmake/andino_slamConfig.cmake
[1.189s] -- Installing: /workspaces/ros2_dev_containers/simulation/ros2_ws/install/andino_slam/share/andino_slam/cmake/andino_slamConfig-version.cmake
[1.190s] -- Installing: /workspaces/ros2_dev_containers/simulation/ros2_ws/install/andino_slam/share/andino_slam/package.xml
[1.216s] Invoked command in '/workspaces/ros2_dev_containers/simulation/ros2_ws/build/andino_slam' returned '0': CMAKE_PREFIX_PATH=${CMAKE_PREFIX_PATH}:/opt/ros/jazzy /usr/bin/cmake --install /workspaces/ros2_dev_containers/simulation/ros2_ws/build/andino_slam
