[0.084s] Invoking command in '/workspaces/manipulation_ws/build/moveit_resources_pr2_description': CMAKE_PREFIX_PATH=${CMAKE_PREFIX_PATH}:/opt/ros/jazzy /usr/bin/cmake --build /workspaces/manipulation_ws/build/moveit_resources_pr2_description -- -j4 -l4
[0.259s] Invoked command in '/workspaces/manipulation_ws/build/moveit_resources_pr2_description' returned '0': CMAKE_PREFIX_PATH=${CMAKE_PREFIX_PATH}:/opt/ros/jazzy /usr/bin/cmake --build /workspaces/manipulation_ws/build/moveit_resources_pr2_description -- -j4 -l4
[0.262s] Invoking command in '/workspaces/manipulation_ws/build/moveit_resources_pr2_description': CMAKE_PREFIX_PATH=${CMAKE_PREFIX_PATH}:/opt/ros/jazzy /usr/bin/cmake --install /workspaces/manipulation_ws/build/moveit_resources_pr2_description
[0.307s] -- Install configuration: ""
[0.308s] -- Up-to-date: /workspaces/manipulation_ws/install/moveit_resources_pr2_description/share/ament_index/resource_index/package_run_dependencies/moveit_resources_pr2_description
[0.308s] -- Up-to-date: /workspaces/manipulation_ws/install/moveit_resources_pr2_description/share/ament_index/resource_index/parent_prefix_path/moveit_resources_pr2_description
[0.308s] -- Up-to-date: /workspaces/manipulation_ws/install/moveit_resources_pr2_description/share/moveit_resources_pr2_description/environment/ament_prefix_path.sh
[0.308s] -- Up-to-date: /workspaces/manipulation_ws/install/moveit_resources_pr2_description/share/moveit_resources_pr2_description/environment/ament_prefix_path.dsv
[0.322s] -- Up-to-date: /workspaces/manipulation_ws/install/moveit_resources_pr2_description/share/moveit_resources_pr2_description/environment/path.sh
[0.326s] -- Up-to-date: /workspaces/manipulation_ws/install/moveit_resources_pr2_description/share/moveit_resources_pr2_description/environment/path.dsv
[0.328s] -- Up-to-date: /workspaces/manipulation_ws/install/moveit_resources_pr2_description/share/moveit_resources_pr2_description/local_setup.bash
[0.328s] -- Up-to-date: /workspaces/manipulation_ws/install/moveit_resources_pr2_description/share/moveit_resources_pr2_description/local_setup.sh
[0.331s] -- Up-to-date: /workspaces/manipulation_ws/install/moveit_resources_pr2_description/share/moveit_resources_pr2_description/local_setup.zsh
[0.331s] -- Up-to-date: /workspaces/manipulation_ws/install/moveit_resources_pr2_description/share/moveit_resources_pr2_description/local_setup.dsv
[0.331s] -- Installing: /workspaces/manipulation_ws/install/moveit_resources_pr2_description/share/moveit_resources_pr2_description/package.dsv
[0.334s] -- Up-to-date: /workspaces/manipulation_ws/install/moveit_resources_pr2_description/share/ament_index/resource_index/packages/moveit_resources_pr2_description
[0.334s] -- Up-to-date: /workspaces/manipulation_ws/install/moveit_resources_pr2_description/share/moveit_resources_pr2_description/cmake/moveit_resources_pr2_descriptionConfig.cmake
[0.335s] -- Up-to-date: /workspaces/manipulation_ws/install/moveit_resources_pr2_description/share/moveit_resources_pr2_description/cmake/moveit_resources_pr2_descriptionConfig-version.cmake
[0.335s] -- Up-to-date: /workspaces/manipulation_ws/install/moveit_resources_pr2_description/share/moveit_resources_pr2_description/package.xml
[0.335s] -- Up-to-date: /workspaces/manipulation_ws/install/moveit_resources_pr2_description/share/moveit_resources_pr2_description/srdf
[0.335s] -- Up-to-date: /workspaces/manipulation_ws/install/moveit_resources_pr2_description/share/moveit_resources_pr2_description/srdf/robot.xml
[0.336s] -- Up-to-date: /workspaces/manipulation_ws/install/moveit_resources_pr2_description/share/moveit_resources_pr2_description/urdf
[0.336s] -- Up-to-date: /workspaces/manipulation_ws/install/moveit_resources_pr2_description/share/moveit_resources_pr2_description/urdf/robot.xml
[0.336s] -- Up-to-date: /workspaces/manipulation_ws/install/moveit_resources_pr2_description/share/moveit_resources_pr2_description/urdf/meshes
[0.336s] -- Up-to-date: /workspaces/manipulation_ws/install/moveit_resources_pr2_description/share/moveit_resources_pr2_description/urdf/meshes/torso_v0
[0.336s] -- Up-to-date: /workspaces/manipulation_ws/install/moveit_resources_pr2_description/share/moveit_resources_pr2_description/urdf/meshes/torso_v0/torso_lift_normals.tif
[0.340s] -- Up-to-date: /workspaces/manipulation_ws/install/moveit_resources_pr2_description/share/moveit_resources_pr2_description/urdf/meshes/torso_v0/torso_lift_L.stl
[0.340s] -- Up-to-date: /workspaces/manipulation_ws/install/moveit_resources_pr2_description/share/moveit_resources_pr2_description/urdf/meshes/torso_v0/convex
[0.341s] -- Up-to-date: /workspaces/manipulation_ws/install/moveit_resources_pr2_description/share/moveit_resources_pr2_description/urdf/meshes/torso_v0/convex/torso_lift_L.xml
[0.341s] -- Up-to-date: /workspaces/manipulation_ws/install/moveit_resources_pr2_description/share/moveit_resources_pr2_description/urdf/meshes/torso_v0/convex/torso_lift.xml
[0.341s] -- Up-to-date: /workspaces/manipulation_ws/install/moveit_resources_pr2_description/share/moveit_resources_pr2_description/urdf/meshes/torso_v0/convex/torso_lift_L_convex.stla
[0.344s] -- Up-to-date: /workspaces/manipulation_ws/install/moveit_resources_pr2_description/share/moveit_resources_pr2_description/urdf/meshes/torso_v0/convex/torso_lift_convex.stlb
[0.344s] -- Up-to-date: /workspaces/manipulation_ws/install/moveit_resources_pr2_description/share/moveit_resources_pr2_description/urdf/meshes/torso_v0/convex/torso_convex.stla
[0.346s] -- Up-to-date: /workspaces/manipulation_ws/install/moveit_resources_pr2_description/share/moveit_resources_pr2_description/urdf/meshes/torso_v0/convex/torso_lift_convex.stla
[0.347s] -- Up-to-date: /workspaces/manipulation_ws/install/moveit_resources_pr2_description/share/moveit_resources_pr2_description/urdf/meshes/torso_v0/convex/torso.xml
[0.357s] -- Up-to-date: /workspaces/manipulation_ws/install/moveit_resources_pr2_description/share/moveit_resources_pr2_description/urdf/meshes/torso_v0/convex/torso.dae
[0.357s] -- Up-to-date: /workspaces/manipulation_ws/install/moveit_resources_pr2_description/share/moveit_resources_pr2_description/urdf/meshes/torso_v0/convex/torso_convex.stlb
[0.357s] -- Up-to-date: /workspaces/manipulation_ws/install/moveit_resources_pr2_description/share/moveit_resources_pr2_description/urdf/meshes/torso_v0/convex/torso_lift_L_convex.stlb
[0.357s] -- Up-to-date: /workspaces/manipulation_ws/install/moveit_resources_pr2_description/share/moveit_resources_pr2_description/urdf/meshes/torso_v0/convex/torso_lift_L.dae
[0.359s] -- Up-to-date: /workspaces/manipulation_ws/install/moveit_resources_pr2_description/share/moveit_resources_pr2_description/urdf/meshes/torso_v0/convex/torso_lift.dae
[0.364s] -- Up-to-date: /workspaces/manipulation_ws/install/moveit_resources_pr2_description/share/moveit_resources_pr2_description/urdf/meshes/torso_v0/torso.stl
[0.364s] -- Up-to-date: /workspaces/manipulation_ws/install/moveit_resources_pr2_description/share/moveit_resources_pr2_description/urdf/meshes/torso_v0/torso_lift_color.tif
[0.364s] -- Up-to-date: /workspaces/manipulation_ws/install/moveit_resources_pr2_description/share/moveit_resources_pr2_description/urdf/meshes/torso_v0/torso_lift.stl
[0.364s] -- Up-to-date: /workspaces/manipulation_ws/install/moveit_resources_pr2_description/share/moveit_resources_pr2_description/urdf/meshes/torso_v0/torso_lift.dae
[0.365s] -- Up-to-date: /workspaces/manipulation_ws/install/moveit_resources_pr2_description/share/moveit_resources_pr2_description/urdf/meshes/base_v0
[0.370s] -- Up-to-date: /workspaces/manipulation_ws/install/moveit_resources_pr2_description/share/moveit_resources_pr2_description/urdf/meshes/base_v0/base.stl
[0.370s] -- Up-to-date: /workspaces/manipulation_ws/install/moveit_resources_pr2_description/share/moveit_resources_pr2_description/urdf/meshes/base_v0/wheel_normals.tif
[0.370s] -- Up-to-date: /workspaces/manipulation_ws/install/moveit_resources_pr2_description/share/moveit_resources_pr2_description/urdf/meshes/base_v0/wheel_h_color.tif
[0.382s] -- Up-to-date: /workspaces/manipulation_ws/install/moveit_resources_pr2_description/share/moveit_resources_pr2_description/urdf/meshes/base_v0/caster_L.stl
[0.383s] -- Up-to-date: /workspaces/manipulation_ws/install/moveit_resources_pr2_description/share/moveit_resources_pr2_description/urdf/meshes/base_v0/wheel_h.dae
[0.383s] -- Up-to-date: /workspaces/manipulation_ws/install/moveit_resources_pr2_description/share/moveit_resources_pr2_description/urdf/meshes/base_v0/wheel.dae
[0.383s] -- Up-to-date: /workspaces/manipulation_ws/install/moveit_resources_pr2_description/share/moveit_resources_pr2_description/urdf/meshes/base_v0/base_color.tif
[0.384s] -- Up-to-date: /workspaces/manipulation_ws/install/moveit_resources_pr2_description/share/moveit_resources_pr2_description/urdf/meshes/base_v0/base_L.stl
[0.399s] -- Up-to-date: /workspaces/manipulation_ws/install/moveit_resources_pr2_description/share/moveit_resources_pr2_description/urdf/meshes/base_v0/base.dae
[0.399s] -- Up-to-date: /workspaces/manipulation_ws/install/moveit_resources_pr2_description/share/moveit_resources_pr2_description/urdf/meshes/base_v0/convex
[0.400s] -- Up-to-date: /workspaces/manipulation_ws/install/moveit_resources_pr2_description/share/moveit_resources_pr2_description/urdf/meshes/base_v0/convex/caster_L_convex.stla
[0.400s] -- Up-to-date: /workspaces/manipulation_ws/install/moveit_resources_pr2_description/share/moveit_resources_pr2_description/urdf/meshes/base_v0/convex/pr2_wheel_convex.stla
[0.400s] -- Up-to-date: /workspaces/manipulation_ws/install/moveit_resources_pr2_description/share/moveit_resources_pr2_description/urdf/meshes/base_v0/convex/base.xml
[0.400s] -- Up-to-date: /workspaces/manipulation_ws/install/moveit_resources_pr2_description/share/moveit_resources_pr2_description/urdf/meshes/base_v0/convex/pr2_wheel.xml
[0.401s] -- Up-to-date: /workspaces/manipulation_ws/install/moveit_resources_pr2_description/share/moveit_resources_pr2_description/urdf/meshes/base_v0/convex/caster.xml
[0.401s] -- Up-to-date: /workspaces/manipulation_ws/install/moveit_resources_pr2_description/share/moveit_resources_pr2_description/urdf/meshes/base_v0/convex/pr2_wheel.dae
[0.401s] -- Up-to-date: /workspaces/manipulation_ws/install/moveit_resources_pr2_description/share/moveit_resources_pr2_description/urdf/meshes/base_v0/convex/base_L.dae
[0.401s] -- Up-to-date: /workspaces/manipulation_ws/install/moveit_resources_pr2_description/share/moveit_resources_pr2_description/urdf/meshes/base_v0/convex/base_L_convex.stlb
[0.401s] -- Up-to-date: /workspaces/manipulation_ws/install/moveit_resources_pr2_description/share/moveit_resources_pr2_description/urdf/meshes/base_v0/convex/wheel_convex.stlb
[0.407s] -- Up-to-date: /workspaces/manipulation_ws/install/moveit_resources_pr2_description/share/moveit_resources_pr2_description/urdf/meshes/base_v0/convex/wheel.dae
[0.412s] -- Up-to-date: /workspaces/manipulation_ws/install/moveit_resources_pr2_description/share/moveit_resources_pr2_description/urdf/meshes/base_v0/convex/caster.dae
[0.412s] -- Up-to-date: /workspaces/manipulation_ws/install/moveit_resources_pr2_description/share/moveit_resources_pr2_description/urdf/meshes/base_v0/convex/caster_L.xml
[0.413s] -- Up-to-date: /workspaces/manipulation_ws/install/moveit_resources_pr2_description/share/moveit_resources_pr2_description/urdf/meshes/base_v0/convex/caster_L_convex.stlb
[0.414s] -- Up-to-date: /workspaces/manipulation_ws/install/moveit_resources_pr2_description/share/moveit_resources_pr2_description/urdf/meshes/base_v0/convex/base_convex.stla
[0.416s] -- Up-to-date: /workspaces/manipulation_ws/install/moveit_resources_pr2_description/share/moveit_resources_pr2_description/urdf/meshes/base_v0/convex/base.dae
[0.416s] -- Up-to-date: /workspaces/manipulation_ws/install/moveit_resources_pr2_description/share/moveit_resources_pr2_description/urdf/meshes/base_v0/convex/wheel.xml
[0.417s] -- Up-to-date: /workspaces/manipulation_ws/install/moveit_resources_pr2_description/share/moveit_resources_pr2_description/urdf/meshes/base_v0/convex/caster_convex.stla
[0.418s] -- Up-to-date: /workspaces/manipulation_ws/install/moveit_resources_pr2_description/share/moveit_resources_pr2_description/urdf/meshes/base_v0/convex/caster_L.dae
[0.420s] -- Up-to-date: /workspaces/manipulation_ws/install/moveit_resources_pr2_description/share/moveit_resources_pr2_description/urdf/meshes/base_v0/convex/caster_convex.stlb
[0.443s] -- Up-to-date: /workspaces/manipulation_ws/install/moveit_resources_pr2_description/share/moveit_resources_pr2_description/urdf/meshes/base_v0/convex/wheel_convex.stla
[0.443s] -- Up-to-date: /workspaces/manipulation_ws/install/moveit_resources_pr2_description/share/moveit_resources_pr2_description/urdf/meshes/base_v0/convex/base_L.xml
[0.443s] -- Up-to-date: /workspaces/manipulation_ws/install/moveit_resources_pr2_description/share/moveit_resources_pr2_description/urdf/meshes/base_v0/convex/base_convex.stlb
[0.447s] -- Up-to-date: /workspaces/manipulation_ws/install/moveit_resources_pr2_description/share/moveit_resources_pr2_description/urdf/meshes/base_v0/convex/base_L_convex.stla
[0.448s] -- Up-to-date: /workspaces/manipulation_ws/install/moveit_resources_pr2_description/share/moveit_resources_pr2_description/urdf/meshes/base_v0/convex/pr2_wheel_convex.stlb
[0.448s] -- Up-to-date: /workspaces/manipulation_ws/install/moveit_resources_pr2_description/share/moveit_resources_pr2_description/urdf/meshes/base_v0/base_normals.tif
[0.448s] -- Up-to-date: /workspaces/manipulation_ws/install/moveit_resources_pr2_description/share/moveit_resources_pr2_description/urdf/meshes/base_v0/wheel.stl
[0.448s] -- Up-to-date: /workspaces/manipulation_ws/install/moveit_resources_pr2_description/share/moveit_resources_pr2_description/urdf/meshes/base_v0/pr2_wheel.stl
[0.449s] -- Up-to-date: /workspaces/manipulation_ws/install/moveit_resources_pr2_description/share/moveit_resources_pr2_description/urdf/meshes/base_v0/wheel_color.tif
[0.449s] -- Up-to-date: /workspaces/manipulation_ws/install/moveit_resources_pr2_description/share/moveit_resources_pr2_description/urdf/meshes/base_v0/caster.stl
[0.449s] -- Up-to-date: /workspaces/manipulation_ws/install/moveit_resources_pr2_description/share/moveit_resources_pr2_description/urdf/meshes/tilting_laser_v0
[0.449s] -- Up-to-date: /workspaces/manipulation_ws/install/moveit_resources_pr2_description/share/moveit_resources_pr2_description/urdf/meshes/tilting_laser_v0/tilting_hokuyo_color.tif
[0.449s] -- Up-to-date: /workspaces/manipulation_ws/install/moveit_resources_pr2_description/share/moveit_resources_pr2_description/urdf/meshes/tilting_laser_v0/tilting_hokuyo_normals.tif
[0.450s] -- Up-to-date: /workspaces/manipulation_ws/install/moveit_resources_pr2_description/share/moveit_resources_pr2_description/urdf/meshes/tilting_laser_v0/tilting_hokuyo.dae
[0.450s] -- Up-to-date: /workspaces/manipulation_ws/install/moveit_resources_pr2_description/share/moveit_resources_pr2_description/urdf/meshes/tilting_laser_v0/hok_tilt.stl
[0.450s] -- Up-to-date: /workspaces/manipulation_ws/install/moveit_resources_pr2_description/share/moveit_resources_pr2_description/urdf/meshes/tilting_laser_v0/convex
[0.450s] -- Up-to-date: /workspaces/manipulation_ws/install/moveit_resources_pr2_description/share/moveit_resources_pr2_description/urdf/meshes/tilting_laser_v0/convex/hok_tilt_convex.stla
[0.451s] -- Up-to-date: /workspaces/manipulation_ws/install/moveit_resources_pr2_description/share/moveit_resources_pr2_description/urdf/meshes/tilting_laser_v0/convex/tilting_hokuyo_L_convex.stla
[0.451s] -- Up-to-date: /workspaces/manipulation_ws/install/moveit_resources_pr2_description/share/moveit_resources_pr2_description/urdf/meshes/tilting_laser_v0/convex/tilting_hokuyo_convex.stlb
[0.451s] -- Up-to-date: /workspaces/manipulation_ws/install/moveit_resources_pr2_description/share/moveit_resources_pr2_description/urdf/meshes/tilting_laser_v0/convex/tilting_hokuyo.dae
[0.451s] -- Up-to-date: /workspaces/manipulation_ws/install/moveit_resources_pr2_description/share/moveit_resources_pr2_description/urdf/meshes/tilting_laser_v0/convex/hok_tilt.dae
[0.452s] -- Up-to-date: /workspaces/manipulation_ws/install/moveit_resources_pr2_description/share/moveit_resources_pr2_description/urdf/meshes/tilting_laser_v0/convex/tilting_hokuyo.xml
[0.452s] -- Up-to-date: /workspaces/manipulation_ws/install/moveit_resources_pr2_description/share/moveit_resources_pr2_description/urdf/meshes/tilting_laser_v0/convex/hok_tilt_convex.stlb
[0.452s] -- Up-to-date: /workspaces/manipulation_ws/install/moveit_resources_pr2_description/share/moveit_resources_pr2_description/urdf/meshes/tilting_laser_v0/convex/tilting_hokuyo_L.dae
[0.452s] -- Up-to-date: /workspaces/manipulation_ws/install/moveit_resources_pr2_description/share/moveit_resources_pr2_description/urdf/meshes/tilting_laser_v0/convex/hok_tilt.xml
[0.452s] -- Up-to-date: /workspaces/manipulation_ws/install/moveit_resources_pr2_description/share/moveit_resources_pr2_description/urdf/meshes/tilting_laser_v0/convex/tilting_hokuyo_convex.stla
[0.453s] -- Up-to-date: /workspaces/manipulation_ws/install/moveit_resources_pr2_description/share/moveit_resources_pr2_description/urdf/meshes/tilting_laser_v0/convex/tilting_hokuyo_L_convex.stlb
[0.453s] -- Up-to-date: /workspaces/manipulation_ws/install/moveit_resources_pr2_description/share/moveit_resources_pr2_description/urdf/meshes/tilting_laser_v0/convex/tilting_hokuyo_L.xml
[0.474s] -- Up-to-date: /workspaces/manipulation_ws/install/moveit_resources_pr2_description/share/moveit_resources_pr2_description/urdf/meshes/tilting_laser_v0/tilting_hokuyo.stl
[0.474s] -- Up-to-date: /workspaces/manipulation_ws/install/moveit_resources_pr2_description/share/moveit_resources_pr2_description/urdf/meshes/tilting_laser_v0/tilting_hokuyo_L.stl
[0.474s] -- Up-to-date: /workspaces/manipulation_ws/install/moveit_resources_pr2_description/share/moveit_resources_pr2_description/urdf/meshes/sensors
[0.474s] -- Up-to-date: /workspaces/manipulation_ws/install/moveit_resources_pr2_description/share/moveit_resources_pr2_description/urdf/meshes/sensors/kinect_prosilica_v0
[0.475s] -- Up-to-date: /workspaces/manipulation_ws/install/moveit_resources_pr2_description/share/moveit_resources_pr2_description/urdf/meshes/sensors/kinect_prosilica_v0/68-04546_Kinect_Sensor--coarse.STL
[0.475s] -- Up-to-date: /workspaces/manipulation_ws/install/moveit_resources_pr2_description/share/moveit_resources_pr2_description/urdf/meshes/sensors/kinect_prosilica_v0/115x100_swept_back--coarse.STL
[0.475s] -- Up-to-date: /workspaces/manipulation_ws/install/moveit_resources_pr2_description/share/moveit_resources_pr2_description/urdf/meshes/sensors/kinect_prosilica_v0/Prosilica_w_Lens--coarse.STL
[0.475s] -- Up-to-date: /workspaces/manipulation_ws/install/moveit_resources_pr2_description/share/moveit_resources_pr2_description/urdf/meshes/sensors/kinect_prosilica_v0/115x100_swept_back_no_sensors--coarse.STL
[0.475s] -- Up-to-date: /workspaces/manipulation_ws/install/moveit_resources_pr2_description/share/moveit_resources_pr2_description/urdf/meshes/sensors/kinect_prosilica_v0/115x100_swept_fwd_no_sensors--coarse.STL
[0.493s] -- Up-to-date: /workspaces/manipulation_ws/install/moveit_resources_pr2_description/share/moveit_resources_pr2_description/urdf/meshes/sensors/kinect_prosilica_v0/115x100_swept_fwd--coarse.STL
[0.493s] -- Up-to-date: /workspaces/manipulation_ws/install/moveit_resources_pr2_description/share/moveit_resources_pr2_description/urdf/meshes/sensors/kinect_v0
[0.494s] -- Up-to-date: /workspaces/manipulation_ws/install/moveit_resources_pr2_description/share/moveit_resources_pr2_description/urdf/meshes/sensors/kinect_v0/kinect.dae
[0.494s] -- Up-to-date: /workspaces/manipulation_ws/install/moveit_resources_pr2_description/share/moveit_resources_pr2_description/urdf/meshes/sensors/kinect_v0/kinect_color.tga
[0.494s] -- Up-to-date: /workspaces/manipulation_ws/install/moveit_resources_pr2_description/share/moveit_resources_pr2_description/urdf/meshes/sensors/kinect_v0/kinect.tga
[0.494s] -- Up-to-date: /workspaces/manipulation_ws/install/moveit_resources_pr2_description/share/moveit_resources_pr2_description/urdf/meshes/sensors/kinect_v0/kinect_mount.stl
[0.495s] -- Up-to-date: /workspaces/manipulation_ws/install/moveit_resources_pr2_description/share/moveit_resources_pr2_description/urdf/meshes/head_v0
[0.506s] -- Up-to-date: /workspaces/manipulation_ws/install/moveit_resources_pr2_description/share/moveit_resources_pr2_description/urdf/meshes/head_v0/head_tilt_green.tif
[0.506s] -- Up-to-date: /workspaces/manipulation_ws/install/moveit_resources_pr2_description/share/moveit_resources_pr2_description/urdf/meshes/head_v0/head_pan_color.tif
[0.507s] -- Up-to-date: /workspaces/manipulation_ws/install/moveit_resources_pr2_description/share/moveit_resources_pr2_description/urdf/meshes/head_v0/head_tilt.stl
[0.507s] -- Up-to-date: /workspaces/manipulation_ws/install/moveit_resources_pr2_description/share/moveit_resources_pr2_description/urdf/meshes/head_v0/head_tilt.dae
[0.507s] -- Up-to-date: /workspaces/manipulation_ws/install/moveit_resources_pr2_description/share/moveit_resources_pr2_description/urdf/meshes/head_v0/convex
[0.507s] -- Up-to-date: /workspaces/manipulation_ws/install/moveit_resources_pr2_description/share/moveit_resources_pr2_description/urdf/meshes/head_v0/convex/head_tilt_convex.stlb
[0.508s] -- Up-to-date: /workspaces/manipulation_ws/install/moveit_resources_pr2_description/share/moveit_resources_pr2_description/urdf/meshes/head_v0/convex/head_pan_convex.stla
[0.508s] -- Up-to-date: /workspaces/manipulation_ws/install/moveit_resources_pr2_description/share/moveit_resources_pr2_description/urdf/meshes/head_v0/convex/head_pan.xml
[0.508s] -- Up-to-date: /workspaces/manipulation_ws/install/moveit_resources_pr2_description/share/moveit_resources_pr2_description/urdf/meshes/head_v0/convex/head_tilt_L.dae
[0.508s] -- Up-to-date: /workspaces/manipulation_ws/install/moveit_resources_pr2_description/share/moveit_resources_pr2_description/urdf/meshes/head_v0/convex/head_pan_convex.stlb
[0.509s] -- Up-to-date: /workspaces/manipulation_ws/install/moveit_resources_pr2_description/share/moveit_resources_pr2_description/urdf/meshes/head_v0/convex/head_tilt_L.xml
[0.509s] -- Up-to-date: /workspaces/manipulation_ws/install/moveit_resources_pr2_description/share/moveit_resources_pr2_description/urdf/meshes/head_v0/convex/head_tilt.dae
[0.509s] -- Up-to-date: /workspaces/manipulation_ws/install/moveit_resources_pr2_description/share/moveit_resources_pr2_description/urdf/meshes/head_v0/convex/head_pan_L.xml
[0.510s] -- Up-to-date: /workspaces/manipulation_ws/install/moveit_resources_pr2_description/share/moveit_resources_pr2_description/urdf/meshes/head_v0/convex/head_pan_L.dae
[0.513s] -- Up-to-date: /workspaces/manipulation_ws/install/moveit_resources_pr2_description/share/moveit_resources_pr2_description/urdf/meshes/head_v0/convex/head_tilt_convex.stla
[0.513s] -- Up-to-date: /workspaces/manipulation_ws/install/moveit_resources_pr2_description/share/moveit_resources_pr2_description/urdf/meshes/head_v0/convex/head_tilt_L_convex.stlb
[0.514s] -- Up-to-date: /workspaces/manipulation_ws/install/moveit_resources_pr2_description/share/moveit_resources_pr2_description/urdf/meshes/head_v0/convex/head_pan_L_convex.stlb
[0.514s] -- Up-to-date: /workspaces/manipulation_ws/install/moveit_resources_pr2_description/share/moveit_resources_pr2_description/urdf/meshes/head_v0/convex/head_tilt.xml
[0.514s] -- Up-to-date: /workspaces/manipulation_ws/install/moveit_resources_pr2_description/share/moveit_resources_pr2_description/urdf/meshes/head_v0/convex/head_pan_L_convex.stla
[0.514s] -- Up-to-date: /workspaces/manipulation_ws/install/moveit_resources_pr2_description/share/moveit_resources_pr2_description/urdf/meshes/head_v0/convex/head_pan.dae
[0.514s] -- Up-to-date: /workspaces/manipulation_ws/install/moveit_resources_pr2_description/share/moveit_resources_pr2_description/urdf/meshes/head_v0/convex/head_tilt_L_convex.stla
[0.515s] -- Up-to-date: /workspaces/manipulation_ws/install/moveit_resources_pr2_description/share/moveit_resources_pr2_description/urdf/meshes/head_v0/head_tilt_normals.tif
[0.515s] -- Up-to-date: /workspaces/manipulation_ws/install/moveit_resources_pr2_description/share/moveit_resources_pr2_description/urdf/meshes/head_v0/head_pan.stl
[0.515s] -- Up-to-date: /workspaces/manipulation_ws/install/moveit_resources_pr2_description/share/moveit_resources_pr2_description/urdf/meshes/head_v0/head_tilt_L.stl
[0.515s] -- Up-to-date: /workspaces/manipulation_ws/install/moveit_resources_pr2_description/share/moveit_resources_pr2_description/urdf/meshes/head_v0/head_pan_L.stl
[0.515s] -- Up-to-date: /workspaces/manipulation_ws/install/moveit_resources_pr2_description/share/moveit_resources_pr2_description/urdf/meshes/head_v0/head_pan.dae
[0.521s] -- Up-to-date: /workspaces/manipulation_ws/install/moveit_resources_pr2_description/share/moveit_resources_pr2_description/urdf/meshes/head_v0/head_tilt_color_yellow.tif
[0.522s] -- Up-to-date: /workspaces/manipulation_ws/install/moveit_resources_pr2_description/share/moveit_resources_pr2_description/urdf/meshes/head_v0/head_pan_normals.tif
[0.522s] -- Up-to-date: /workspaces/manipulation_ws/install/moveit_resources_pr2_description/share/moveit_resources_pr2_description/urdf/meshes/head_v0/head_tilt_color.tif
[0.522s] -- Up-to-date: /workspaces/manipulation_ws/install/moveit_resources_pr2_description/share/moveit_resources_pr2_description/urdf/meshes/head_v0/head_tilt_color_red.tif
[0.523s] -- Up-to-date: /workspaces/manipulation_ws/install/moveit_resources_pr2_description/share/moveit_resources_pr2_description/urdf/meshes/upper_arm_v0
[0.523s] -- Up-to-date: /workspaces/manipulation_ws/install/moveit_resources_pr2_description/share/moveit_resources_pr2_description/urdf/meshes/upper_arm_v0/upper_arm.stl
[0.523s] -- Up-to-date: /workspaces/manipulation_ws/install/moveit_resources_pr2_description/share/moveit_resources_pr2_description/urdf/meshes/upper_arm_v0/forearm_roll_L.stl
[0.523s] -- Up-to-date: /workspaces/manipulation_ws/install/moveit_resources_pr2_description/share/moveit_resources_pr2_description/urdf/meshes/upper_arm_v0/elbow_flex.dae
[0.524s] -- Up-to-date: /workspaces/manipulation_ws/install/moveit_resources_pr2_description/share/moveit_resources_pr2_description/urdf/meshes/upper_arm_v0/forearm_roll.stl
[0.525s] -- Up-to-date: /workspaces/manipulation_ws/install/moveit_resources_pr2_description/share/moveit_resources_pr2_description/urdf/meshes/upper_arm_v0/elbow_flex.stl
[0.525s] -- Up-to-date: /workspaces/manipulation_ws/install/moveit_resources_pr2_description/share/moveit_resources_pr2_description/urdf/meshes/upper_arm_v0/convex
[0.525s] -- Up-to-date: /workspaces/manipulation_ws/install/moveit_resources_pr2_description/share/moveit_resources_pr2_description/urdf/meshes/upper_arm_v0/convex/forearm_roll_L_convex.stlb
[0.527s] -- Up-to-date: /workspaces/manipulation_ws/install/moveit_resources_pr2_description/share/moveit_resources_pr2_description/urdf/meshes/upper_arm_v0/convex/forearm_roll_convex.stla
[0.529s] -- Up-to-date: /workspaces/manipulation_ws/install/moveit_resources_pr2_description/share/moveit_resources_pr2_description/urdf/meshes/upper_arm_v0/convex/elbow_flex.dae
[0.530s] -- Up-to-date: /workspaces/manipulation_ws/install/moveit_resources_pr2_description/share/moveit_resources_pr2_description/urdf/meshes/upper_arm_v0/convex/forearm_roll_L_convex.stla
[0.530s] -- Up-to-date: /workspaces/manipulation_ws/install/moveit_resources_pr2_description/share/moveit_resources_pr2_description/urdf/meshes/upper_arm_v0/convex/forearm_roll.xml
[0.530s] -- Up-to-date: /workspaces/manipulation_ws/install/moveit_resources_pr2_description/share/moveit_resources_pr2_description/urdf/meshes/upper_arm_v0/convex/forearm_roll_L.xml
[0.530s] -- Up-to-date: /workspaces/manipulation_ws/install/moveit_resources_pr2_description/share/moveit_resources_pr2_description/urdf/meshes/upper_arm_v0/convex/elbow_flex_convex.stla
[0.531s] -- Up-to-date: /workspaces/manipulation_ws/install/moveit_resources_pr2_description/share/moveit_resources_pr2_description/urdf/meshes/upper_arm_v0/convex/forearm_roll.dae
[0.531s] -- Up-to-date: /workspaces/manipulation_ws/install/moveit_resources_pr2_description/share/moveit_resources_pr2_description/urdf/meshes/upper_arm_v0/convex/elbow_flex.xml
[0.531s] -- Up-to-date: /workspaces/manipulation_ws/install/moveit_resources_pr2_description/share/moveit_resources_pr2_description/urdf/meshes/upper_arm_v0/convex/upper_arm_convex.stla
[0.531s] -- Up-to-date: /workspaces/manipulation_ws/install/moveit_resources_pr2_description/share/moveit_resources_pr2_description/urdf/meshes/upper_arm_v0/convex/upper_arm.dae
[0.533s] -- Up-to-date: /workspaces/manipulation_ws/install/moveit_resources_pr2_description/share/moveit_resources_pr2_description/urdf/meshes/upper_arm_v0/convex/forearm_roll_L.dae
[0.533s] -- Up-to-date: /workspaces/manipulation_ws/install/moveit_resources_pr2_description/share/moveit_resources_pr2_description/urdf/meshes/upper_arm_v0/convex/forearm_roll_convex.stlb
[0.533s] -- Up-to-date: /workspaces/manipulation_ws/install/moveit_resources_pr2_description/share/moveit_resources_pr2_description/urdf/meshes/upper_arm_v0/convex/elbow_flex_convex.stlb
[0.534s] -- Up-to-date: /workspaces/manipulation_ws/install/moveit_resources_pr2_description/share/moveit_resources_pr2_description/urdf/meshes/upper_arm_v0/convex/upper_arm.xml
[0.534s] -- Up-to-date: /workspaces/manipulation_ws/install/moveit_resources_pr2_description/share/moveit_resources_pr2_description/urdf/meshes/upper_arm_v0/convex/upper_arm_convex.stlb
[0.534s] -- Up-to-date: /workspaces/manipulation_ws/install/moveit_resources_pr2_description/share/moveit_resources_pr2_description/urdf/meshes/upper_arm_v0/upper_arm_color.tif
[0.535s] -- Up-to-date: /workspaces/manipulation_ws/install/moveit_resources_pr2_description/share/moveit_resources_pr2_description/urdf/meshes/upper_arm_v0/upper_arm.jpg
[0.535s] -- Up-to-date: /workspaces/manipulation_ws/install/moveit_resources_pr2_description/share/moveit_resources_pr2_description/urdf/meshes/upper_arm_v0/elbow_flex_normals.tif
[0.537s] -- Up-to-date: /workspaces/manipulation_ws/install/moveit_resources_pr2_description/share/moveit_resources_pr2_description/urdf/meshes/upper_arm_v0/upper_arm.dae
[0.538s] -- Up-to-date: /workspaces/manipulation_ws/install/moveit_resources_pr2_description/share/moveit_resources_pr2_description/urdf/meshes/upper_arm_v0/upper_arm_normals.tif
[0.538s] -- Up-to-date: /workspaces/manipulation_ws/install/moveit_resources_pr2_description/share/moveit_resources_pr2_description/urdf/meshes/upper_arm_v0/elbow_flex_color.tif
[0.538s] -- Up-to-date: /workspaces/manipulation_ws/install/moveit_resources_pr2_description/share/moveit_resources_pr2_description/urdf/meshes/shoulder_v0
[0.539s] -- Up-to-date: /workspaces/manipulation_ws/install/moveit_resources_pr2_description/share/moveit_resources_pr2_description/urdf/meshes/shoulder_v0/shoulder_lift_color.tif
[0.539s] -- Up-to-date: /workspaces/manipulation_ws/install/moveit_resources_pr2_description/share/moveit_resources_pr2_description/urdf/meshes/shoulder_v0/shoulder_pan.stl
[0.539s] -- Up-to-date: /workspaces/manipulation_ws/install/moveit_resources_pr2_description/share/moveit_resources_pr2_description/urdf/meshes/shoulder_v0/shoulder_lift_normals.tif
[0.540s] -- Up-to-date: /workspaces/manipulation_ws/install/moveit_resources_pr2_description/share/moveit_resources_pr2_description/urdf/meshes/shoulder_v0/shoulder_lift.stl
[0.540s] -- Up-to-date: /workspaces/manipulation_ws/install/moveit_resources_pr2_description/share/moveit_resources_pr2_description/urdf/meshes/shoulder_v0/shoulder_yaw.stl
[0.540s] -- Up-to-date: /workspaces/manipulation_ws/install/moveit_resources_pr2_description/share/moveit_resources_pr2_description/urdf/meshes/shoulder_v0/convex
[0.540s] -- Up-to-date: /workspaces/manipulation_ws/install/moveit_resources_pr2_description/share/moveit_resources_pr2_description/urdf/meshes/shoulder_v0/convex/upper_arm_roll_convex.stla
[0.541s] -- Up-to-date: /workspaces/manipulation_ws/install/moveit_resources_pr2_description/share/moveit_resources_pr2_description/urdf/meshes/shoulder_v0/convex/shoulder_yaw_convex.stlb
[0.544s] -- Up-to-date: /workspaces/manipulation_ws/install/moveit_resources_pr2_description/share/moveit_resources_pr2_description/urdf/meshes/shoulder_v0/convex/shoulder_lift_convex.stla
[0.544s] -- Up-to-date: /workspaces/manipulation_ws/install/moveit_resources_pr2_description/share/moveit_resources_pr2_description/urdf/meshes/shoulder_v0/convex/shoulder_pan_convex.stlb
[0.544s] -- Up-to-date: /workspaces/manipulation_ws/install/moveit_resources_pr2_description/share/moveit_resources_pr2_description/urdf/meshes/shoulder_v0/convex/shoulder_lift.xml
[0.545s] -- Up-to-date: /workspaces/manipulation_ws/install/moveit_resources_pr2_description/share/moveit_resources_pr2_description/urdf/meshes/shoulder_v0/convex/shoulder_yaw.dae
[0.545s] -- Up-to-date: /workspaces/manipulation_ws/install/moveit_resources_pr2_description/share/moveit_resources_pr2_description/urdf/meshes/shoulder_v0/convex/upper_arm_roll_L.xml
[0.545s] -- Up-to-date: /workspaces/manipulation_ws/install/moveit_resources_pr2_description/share/moveit_resources_pr2_description/urdf/meshes/shoulder_v0/convex/shoulder_lift_convex.stlb
[0.545s] -- Up-to-date: /workspaces/manipulation_ws/install/moveit_resources_pr2_description/share/moveit_resources_pr2_description/urdf/meshes/shoulder_v0/convex/shoulder_lift.dae
[0.546s] -- Up-to-date: /workspaces/manipulation_ws/install/moveit_resources_pr2_description/share/moveit_resources_pr2_description/urdf/meshes/shoulder_v0/convex/shoulder_pan.dae
[0.546s] -- Up-to-date: /workspaces/manipulation_ws/install/moveit_resources_pr2_description/share/moveit_resources_pr2_description/urdf/meshes/shoulder_v0/convex/upper_arm_roll_L_convex.stlb
[0.546s] -- Up-to-date: /workspaces/manipulation_ws/install/moveit_resources_pr2_description/share/moveit_resources_pr2_description/urdf/meshes/shoulder_v0/convex/upper_arm_roll.xml
[0.546s] -- Up-to-date: /workspaces/manipulation_ws/install/moveit_resources_pr2_description/share/moveit_resources_pr2_description/urdf/meshes/shoulder_v0/convex/upper_arm_roll.dae
[0.546s] -- Up-to-date: /workspaces/manipulation_ws/install/moveit_resources_pr2_description/share/moveit_resources_pr2_description/urdf/meshes/shoulder_v0/convex/upper_arm_roll_L.dae
[0.548s] -- Up-to-date: /workspaces/manipulation_ws/install/moveit_resources_pr2_description/share/moveit_resources_pr2_description/urdf/meshes/shoulder_v0/convex/shoulder_pan.xml
[0.549s] -- Up-to-date: /workspaces/manipulation_ws/install/moveit_resources_pr2_description/share/moveit_resources_pr2_description/urdf/meshes/shoulder_v0/convex/upper_arm_roll_L_convex.stla
[0.549s] -- Up-to-date: /workspaces/manipulation_ws/install/moveit_resources_pr2_description/share/moveit_resources_pr2_description/urdf/meshes/shoulder_v0/convex/shoulder_yaw.xml
[0.549s] -- Up-to-date: /workspaces/manipulation_ws/install/moveit_resources_pr2_description/share/moveit_resources_pr2_description/urdf/meshes/shoulder_v0/convex/shoulder_yaw_convex.stla
[0.549s] -- Up-to-date: /workspaces/manipulation_ws/install/moveit_resources_pr2_description/share/moveit_resources_pr2_description/urdf/meshes/shoulder_v0/convex/shoulder_pan_convex.stla
[0.549s] -- Up-to-date: /workspaces/manipulation_ws/install/moveit_resources_pr2_description/share/moveit_resources_pr2_description/urdf/meshes/shoulder_v0/convex/upper_arm_roll_convex.stlb
[0.550s] -- Up-to-date: /workspaces/manipulation_ws/install/moveit_resources_pr2_description/share/moveit_resources_pr2_description/urdf/meshes/shoulder_v0/shoulder_pan_color.tif
[0.551s] -- Up-to-date: /workspaces/manipulation_ws/install/moveit_resources_pr2_description/share/moveit_resources_pr2_description/urdf/meshes/shoulder_v0/shoulder_lift.dae
[0.551s] -- Up-to-date: /workspaces/manipulation_ws/install/moveit_resources_pr2_description/share/moveit_resources_pr2_description/urdf/meshes/shoulder_v0/shoulder_pan.dae
[0.551s] -- Up-to-date: /workspaces/manipulation_ws/install/moveit_resources_pr2_description/share/moveit_resources_pr2_description/urdf/meshes/shoulder_v0/upper_arm_roll.dae
[0.552s] -- Up-to-date: /workspaces/manipulation_ws/install/moveit_resources_pr2_description/share/moveit_resources_pr2_description/urdf/meshes/shoulder_v0/shoulder_pan_normals.tif
[0.552s] -- Up-to-date: /workspaces/manipulation_ws/install/moveit_resources_pr2_description/share/moveit_resources_pr2_description/urdf/meshes/shoulder_v0/upper_arm_roll_L.stl
[0.552s] -- Up-to-date: /workspaces/manipulation_ws/install/moveit_resources_pr2_description/share/moveit_resources_pr2_description/urdf/meshes/shoulder_v0/upper_arm_roll.stl
[0.553s] -- Up-to-date: /workspaces/manipulation_ws/install/moveit_resources_pr2_description/share/moveit_resources_pr2_description/urdf/meshes/shoulder_v0/upper_arm_roll_normals.tif
[0.553s] -- Up-to-date: /workspaces/manipulation_ws/install/moveit_resources_pr2_description/share/moveit_resources_pr2_description/urdf/meshes/shoulder_v0/upper_arm_roll_color.tif
[0.553s] -- Up-to-date: /workspaces/manipulation_ws/install/moveit_resources_pr2_description/share/moveit_resources_pr2_description/urdf/meshes/forearm_v0
[0.553s] -- Up-to-date: /workspaces/manipulation_ws/install/moveit_resources_pr2_description/share/moveit_resources_pr2_description/urdf/meshes/forearm_v0/forearm.stl
[0.554s] -- Up-to-date: /workspaces/manipulation_ws/install/moveit_resources_pr2_description/share/moveit_resources_pr2_description/urdf/meshes/forearm_v0/wrist_normals.tif
[0.554s] -- Up-to-date: /workspaces/manipulation_ws/install/moveit_resources_pr2_description/share/moveit_resources_pr2_description/urdf/meshes/forearm_v0/wrist_color.tif
[0.554s] -- Up-to-date: /workspaces/manipulation_ws/install/moveit_resources_pr2_description/share/moveit_resources_pr2_description/urdf/meshes/forearm_v0/wrist_flex.dae
[0.554s] -- Up-to-date: /workspaces/manipulation_ws/install/moveit_resources_pr2_description/share/moveit_resources_pr2_description/urdf/meshes/forearm_v0/forearm_color.tif
[0.554s] -- Up-to-date: /workspaces/manipulation_ws/install/moveit_resources_pr2_description/share/moveit_resources_pr2_description/urdf/meshes/forearm_v0/wrist_roll_L.stl
[0.555s] -- Up-to-date: /workspaces/manipulation_ws/install/moveit_resources_pr2_description/share/moveit_resources_pr2_description/urdf/meshes/forearm_v0/wrist_flex.stl
[0.555s] -- Up-to-date: /workspaces/manipulation_ws/install/moveit_resources_pr2_description/share/moveit_resources_pr2_description/urdf/meshes/forearm_v0/convex
[0.555s] -- Up-to-date: /workspaces/manipulation_ws/install/moveit_resources_pr2_description/share/moveit_resources_pr2_description/urdf/meshes/forearm_v0/convex/wrist_roll_L.xml
[0.555s] -- Up-to-date: /workspaces/manipulation_ws/install/moveit_resources_pr2_description/share/moveit_resources_pr2_description/urdf/meshes/forearm_v0/convex/forearm_convex.stla
[0.555s] -- Up-to-date: /workspaces/manipulation_ws/install/moveit_resources_pr2_description/share/moveit_resources_pr2_description/urdf/meshes/forearm_v0/convex/wrist_roll_convex.stlb
[0.556s] -- Up-to-date: /workspaces/manipulation_ws/install/moveit_resources_pr2_description/share/moveit_resources_pr2_description/urdf/meshes/forearm_v0/convex/wrist_roll_convex.stla
[0.557s] -- Up-to-date: /workspaces/manipulation_ws/install/moveit_resources_pr2_description/share/moveit_resources_pr2_description/urdf/meshes/forearm_v0/convex/wrist_flex_convex.stlb
[0.557s] -- Up-to-date: /workspaces/manipulation_ws/install/moveit_resources_pr2_description/share/moveit_resources_pr2_description/urdf/meshes/forearm_v0/convex/wrist_flex.dae
[0.557s] -- Up-to-date: /workspaces/manipulation_ws/install/moveit_resources_pr2_description/share/moveit_resources_pr2_description/urdf/meshes/forearm_v0/convex/wrist_roll.xml
[0.558s] -- Up-to-date: /workspaces/manipulation_ws/install/moveit_resources_pr2_description/share/moveit_resources_pr2_description/urdf/meshes/forearm_v0/convex/wrist_roll.dae
[0.558s] -- Up-to-date: /workspaces/manipulation_ws/install/moveit_resources_pr2_description/share/moveit_resources_pr2_description/urdf/meshes/forearm_v0/convex/wrist_roll_L_convex.stlb
[0.559s] -- Up-to-date: /workspaces/manipulation_ws/install/moveit_resources_pr2_description/share/moveit_resources_pr2_description/urdf/meshes/forearm_v0/convex/forearm_convex.stlb
[0.561s] -- Up-to-date: /workspaces/manipulation_ws/install/moveit_resources_pr2_description/share/moveit_resources_pr2_description/urdf/meshes/forearm_v0/convex/wrist_roll_L_convex.stla
[0.562s] -- Up-to-date: /workspaces/manipulation_ws/install/moveit_resources_pr2_description/share/moveit_resources_pr2_description/urdf/meshes/forearm_v0/convex/wrist_flex_convex.stla
[0.563s] -- Up-to-date: /workspaces/manipulation_ws/install/moveit_resources_pr2_description/share/moveit_resources_pr2_description/urdf/meshes/forearm_v0/convex/wrist_flex.xml
[0.563s] -- Up-to-date: /workspaces/manipulation_ws/install/moveit_resources_pr2_description/share/moveit_resources_pr2_description/urdf/meshes/forearm_v0/convex/wrist_roll_L.dae
[0.563s] -- Up-to-date: /workspaces/manipulation_ws/install/moveit_resources_pr2_description/share/moveit_resources_pr2_description/urdf/meshes/forearm_v0/convex/forearm.xml
[0.568s] -- Up-to-date: /workspaces/manipulation_ws/install/moveit_resources_pr2_description/share/moveit_resources_pr2_description/urdf/meshes/forearm_v0/convex/forearm.dae
[0.568s] -- Up-to-date: /workspaces/manipulation_ws/install/moveit_resources_pr2_description/share/moveit_resources_pr2_description/urdf/meshes/forearm_v0/forearm.jpg
[0.569s] -- Up-to-date: /workspaces/manipulation_ws/install/moveit_resources_pr2_description/share/moveit_resources_pr2_description/urdf/meshes/forearm_v0/wrist_roll.stl
[0.569s] -- Up-to-date: /workspaces/manipulation_ws/install/moveit_resources_pr2_description/share/moveit_resources_pr2_description/urdf/meshes/forearm_v0/forearm_normals.tif
[0.569s] -- Up-to-date: /workspaces/manipulation_ws/install/moveit_resources_pr2_description/share/moveit_resources_pr2_description/urdf/meshes/forearm_v0/forearm.dae
[0.569s] -- Up-to-date: /workspaces/manipulation_ws/install/moveit_resources_pr2_description/share/moveit_resources_pr2_description/urdf/meshes/gripper_v0
[0.570s] -- Up-to-date: /workspaces/manipulation_ws/install/moveit_resources_pr2_description/share/moveit_resources_pr2_description/urdf/meshes/gripper_v0/finger_tip_r.stl
[0.570s] -- Up-to-date: /workspaces/manipulation_ws/install/moveit_resources_pr2_description/share/moveit_resources_pr2_description/urdf/meshes/gripper_v0/finger_tip_l.stl
[0.570s] -- Up-to-date: /workspaces/manipulation_ws/install/moveit_resources_pr2_description/share/moveit_resources_pr2_description/urdf/meshes/gripper_v0/upper_finger_r.stl
[0.570s] -- Up-to-date: /workspaces/manipulation_ws/install/moveit_resources_pr2_description/share/moveit_resources_pr2_description/urdf/meshes/gripper_v0/l_float_color.tif
[0.570s] -- Up-to-date: /workspaces/manipulation_ws/install/moveit_resources_pr2_description/share/moveit_resources_pr2_description/urdf/meshes/gripper_v0/l_float_normals.tif
[0.572s] -- Up-to-date: /workspaces/manipulation_ws/install/moveit_resources_pr2_description/share/moveit_resources_pr2_description/urdf/meshes/gripper_v0/float_H_Color_100430.tif
[0.572s] -- Up-to-date: /workspaces/manipulation_ws/install/moveit_resources_pr2_description/share/moveit_resources_pr2_description/urdf/meshes/gripper_v0/finger_tip_pad2_l.stl
[0.573s] -- Up-to-date: /workspaces/manipulation_ws/install/moveit_resources_pr2_description/share/moveit_resources_pr2_description/urdf/meshes/gripper_v0/l_finger.dae
[0.573s] -- Up-to-date: /workspaces/manipulation_ws/install/moveit_resources_pr2_description/share/moveit_resources_pr2_description/urdf/meshes/gripper_v0/l_finger_normals.tif
[0.575s] -- Up-to-date: /workspaces/manipulation_ws/install/moveit_resources_pr2_description/share/moveit_resources_pr2_description/urdf/meshes/gripper_v0/finger_tip_pad2_r.stl
[0.575s] -- Up-to-date: /workspaces/manipulation_ws/install/moveit_resources_pr2_description/share/moveit_resources_pr2_description/urdf/meshes/gripper_v0/l_finger_color.tif
[0.575s] -- Up-to-date: /workspaces/manipulation_ws/install/moveit_resources_pr2_description/share/moveit_resources_pr2_description/urdf/meshes/gripper_v0/l_finger_tip.dae
[0.575s] -- Up-to-date: /workspaces/manipulation_ws/install/moveit_resources_pr2_description/share/moveit_resources_pr2_description/urdf/meshes/gripper_v0/l_finger.stl
[0.576s] -- Up-to-date: /workspaces/manipulation_ws/install/moveit_resources_pr2_description/share/moveit_resources_pr2_description/urdf/meshes/gripper_v0/l_finger_tip_color.tif
[0.578s] -- Up-to-date: /workspaces/manipulation_ws/install/moveit_resources_pr2_description/share/moveit_resources_pr2_description/urdf/meshes/gripper_v0/palm_H_Color_100430.tif
[0.579s] -- Up-to-date: /workspaces/manipulation_ws/install/moveit_resources_pr2_description/share/moveit_resources_pr2_description/urdf/meshes/gripper_v0/l_finger_tip_normals.tif
[0.581s] -- Up-to-date: /workspaces/manipulation_ws/install/moveit_resources_pr2_description/share/moveit_resources_pr2_description/urdf/meshes/gripper_v0/convex
[0.582s] -- Up-to-date: /workspaces/manipulation_ws/install/moveit_resources_pr2_description/share/moveit_resources_pr2_description/urdf/meshes/gripper_v0/convex/l_finger_tip_convex.stla
[0.582s] -- Up-to-date: /workspaces/manipulation_ws/install/moveit_resources_pr2_description/share/moveit_resources_pr2_description/urdf/meshes/gripper_v0/convex/finger_tip_pad2_r.dae
[0.582s] -- Up-to-date: /workspaces/manipulation_ws/install/moveit_resources_pr2_description/share/moveit_resources_pr2_description/urdf/meshes/gripper_v0/convex/upper_finger_r.dae
[0.582s] -- Up-to-date: /workspaces/manipulation_ws/install/moveit_resources_pr2_description/share/moveit_resources_pr2_description/urdf/meshes/gripper_v0/convex/finger_tip_pad2_l.xml
[0.583s] -- Up-to-date: /workspaces/manipulation_ws/install/moveit_resources_pr2_description/share/moveit_resources_pr2_description/urdf/meshes/gripper_v0/convex/upper_finger_r_convex.stla
[0.583s] -- Up-to-date: /workspaces/manipulation_ws/install/moveit_resources_pr2_description/share/moveit_resources_pr2_description/urdf/meshes/gripper_v0/convex/finger_tip_r_convex.stlb
[0.583s] -- Up-to-date: /workspaces/manipulation_ws/install/moveit_resources_pr2_description/share/moveit_resources_pr2_description/urdf/meshes/gripper_v0/convex/l_finger.dae
[0.583s] -- Up-to-date: /workspaces/manipulation_ws/install/moveit_resources_pr2_description/share/moveit_resources_pr2_description/urdf/meshes/gripper_v0/convex/upper_finger_l_convex.stlb
[0.585s] -- Up-to-date: /workspaces/manipulation_ws/install/moveit_resources_pr2_description/share/moveit_resources_pr2_description/urdf/meshes/gripper_v0/convex/finger_tip_pad2_r_convex.stla
[0.585s] -- Up-to-date: /workspaces/manipulation_ws/install/moveit_resources_pr2_description/share/moveit_resources_pr2_description/urdf/meshes/gripper_v0/convex/gripper_palm_convex.stlb
[0.586s] -- Up-to-date: /workspaces/manipulation_ws/install/moveit_resources_pr2_description/share/moveit_resources_pr2_description/urdf/meshes/gripper_v0/convex/finger_tip_l_convex.stla
[0.586s] -- Up-to-date: /workspaces/manipulation_ws/install/moveit_resources_pr2_description/share/moveit_resources_pr2_description/urdf/meshes/gripper_v0/convex/l_finger_tip_convex.stlb
[0.586s] -- Up-to-date: /workspaces/manipulation_ws/install/moveit_resources_pr2_description/share/moveit_resources_pr2_description/urdf/meshes/gripper_v0/convex/finger_tip_r_convex.stla
[0.587s] -- Up-to-date: /workspaces/manipulation_ws/install/moveit_resources_pr2_description/share/moveit_resources_pr2_description/urdf/meshes/gripper_v0/convex/l_finger_convex.stla
[0.588s] -- Up-to-date: /workspaces/manipulation_ws/install/moveit_resources_pr2_description/share/moveit_resources_pr2_description/urdf/meshes/gripper_v0/convex/l_finger.xml
[0.589s] -- Up-to-date: /workspaces/manipulation_ws/install/moveit_resources_pr2_description/share/moveit_resources_pr2_description/urdf/meshes/gripper_v0/convex/l_finger_tip.xml
[0.589s] -- Up-to-date: /workspaces/manipulation_ws/install/moveit_resources_pr2_description/share/moveit_resources_pr2_description/urdf/meshes/gripper_v0/convex/l_finger_tip.dae
[0.590s] -- Up-to-date: /workspaces/manipulation_ws/install/moveit_resources_pr2_description/share/moveit_resources_pr2_description/urdf/meshes/gripper_v0/convex/finger_tip_pad2_r_convex.stlb
[0.591s] -- Up-to-date: /workspaces/manipulation_ws/install/moveit_resources_pr2_description/share/moveit_resources_pr2_description/urdf/meshes/gripper_v0/convex/finger_tip_r.dae
[0.592s] -- Up-to-date: /workspaces/manipulation_ws/install/moveit_resources_pr2_description/share/moveit_resources_pr2_description/urdf/meshes/gripper_v0/convex/upper_finger_l_convex.stla
[0.592s] -- Up-to-date: /workspaces/manipulation_ws/install/moveit_resources_pr2_description/share/moveit_resources_pr2_description/urdf/meshes/gripper_v0/convex/l_floating_convex.stlb
[0.592s] -- Up-to-date: /workspaces/manipulation_ws/install/moveit_resources_pr2_description/share/moveit_resources_pr2_description/urdf/meshes/gripper_v0/convex/upper_finger_r.xml
[0.592s] -- Up-to-date: /workspaces/manipulation_ws/install/moveit_resources_pr2_description/share/moveit_resources_pr2_description/urdf/meshes/gripper_v0/convex/gripper_palm.xml
[0.594s] -- Up-to-date: /workspaces/manipulation_ws/install/moveit_resources_pr2_description/share/moveit_resources_pr2_description/urdf/meshes/gripper_v0/convex/finger_tip_r.xml
[0.594s] -- Up-to-date: /workspaces/manipulation_ws/install/moveit_resources_pr2_description/share/moveit_resources_pr2_description/urdf/meshes/gripper_v0/convex/l_floating_convex.stla
[0.595s] -- Up-to-date: /workspaces/manipulation_ws/install/moveit_resources_pr2_description/share/moveit_resources_pr2_description/urdf/meshes/gripper_v0/convex/finger_tip_l.dae
[0.595s] -- Up-to-date: /workspaces/manipulation_ws/install/moveit_resources_pr2_description/share/moveit_resources_pr2_description/urdf/meshes/gripper_v0/convex/finger_tip_pad2_l.dae
[0.595s] -- Up-to-date: /workspaces/manipulation_ws/install/moveit_resources_pr2_description/share/moveit_resources_pr2_description/urdf/meshes/gripper_v0/convex/finger_tip_pad2_r.xml
[0.595s] -- Up-to-date: /workspaces/manipulation_ws/install/moveit_resources_pr2_description/share/moveit_resources_pr2_description/urdf/meshes/gripper_v0/convex/finger_tip_pad2_l_convex.stlb
[0.597s] -- Up-to-date: /workspaces/manipulation_ws/install/moveit_resources_pr2_description/share/moveit_resources_pr2_description/urdf/meshes/gripper_v0/convex/gripper_palm_convex.stla
[0.600s] -- Up-to-date: /workspaces/manipulation_ws/install/moveit_resources_pr2_description/share/moveit_resources_pr2_description/urdf/meshes/gripper_v0/convex/upper_finger_r_convex.stlb
[0.600s] -- Up-to-date: /workspaces/manipulation_ws/install/moveit_resources_pr2_description/share/moveit_resources_pr2_description/urdf/meshes/gripper_v0/convex/finger_tip_l.xml
[0.601s] -- Up-to-date: /workspaces/manipulation_ws/install/moveit_resources_pr2_description/share/moveit_resources_pr2_description/urdf/meshes/gripper_v0/convex/l_finger_convex.stlb
[0.601s] -- Up-to-date: /workspaces/manipulation_ws/install/moveit_resources_pr2_description/share/moveit_resources_pr2_description/urdf/meshes/gripper_v0/convex/l_floating.xml
[0.601s] -- Up-to-date: /workspaces/manipulation_ws/install/moveit_resources_pr2_description/share/moveit_resources_pr2_description/urdf/meshes/gripper_v0/convex/upper_finger_l.xml
[0.601s] -- Up-to-date: /workspaces/manipulation_ws/install/moveit_resources_pr2_description/share/moveit_resources_pr2_description/urdf/meshes/gripper_v0/convex/gripper_palm.dae
[0.602s] -- Up-to-date: /workspaces/manipulation_ws/install/moveit_resources_pr2_description/share/moveit_resources_pr2_description/urdf/meshes/gripper_v0/convex/finger_tip_l_convex.stlb
[0.602s] -- Up-to-date: /workspaces/manipulation_ws/install/moveit_resources_pr2_description/share/moveit_resources_pr2_description/urdf/meshes/gripper_v0/convex/l_floating.dae
[0.602s] -- Up-to-date: /workspaces/manipulation_ws/install/moveit_resources_pr2_description/share/moveit_resources_pr2_description/urdf/meshes/gripper_v0/convex/finger_tip_pad2_l_convex.stla
[0.607s] -- Up-to-date: /workspaces/manipulation_ws/install/moveit_resources_pr2_description/share/moveit_resources_pr2_description/urdf/meshes/gripper_v0/convex/upper_finger_l.dae
[0.608s] -- Up-to-date: /workspaces/manipulation_ws/install/moveit_resources_pr2_description/share/moveit_resources_pr2_description/urdf/meshes/gripper_v0/float_H_UV_100430.dae
[0.608s] -- Up-to-date: /workspaces/manipulation_ws/install/moveit_resources_pr2_description/share/moveit_resources_pr2_description/urdf/meshes/gripper_v0/l_finger_tip.stl
[0.608s] -- Up-to-date: /workspaces/manipulation_ws/install/moveit_resources_pr2_description/share/moveit_resources_pr2_description/urdf/meshes/gripper_v0/upper_finger_l.stl
[0.610s] -- Up-to-date: /workspaces/manipulation_ws/install/moveit_resources_pr2_description/share/moveit_resources_pr2_description/urdf/meshes/gripper_v0/gripper_palm_color.tif
[0.610s] -- Up-to-date: /workspaces/manipulation_ws/install/moveit_resources_pr2_description/share/moveit_resources_pr2_description/urdf/meshes/gripper_v0/finger_H_Color_100430.tif
[0.610s] -- Up-to-date: /workspaces/manipulation_ws/install/moveit_resources_pr2_description/share/moveit_resources_pr2_description/urdf/meshes/gripper_v0/gripper_palm_normals.tif
[0.611s] -- Up-to-date: /workspaces/manipulation_ws/install/moveit_resources_pr2_description/share/moveit_resources_pr2_description/urdf/meshes/gripper_v0/l_float.dae
[0.611s] -- Up-to-date: /workspaces/manipulation_ws/install/moveit_resources_pr2_description/share/moveit_resources_pr2_description/urdf/meshes/gripper_v0/palm_H_UV_100430.dae
[0.613s] -- Up-to-date: /workspaces/manipulation_ws/install/moveit_resources_pr2_description/share/moveit_resources_pr2_description/urdf/meshes/gripper_v0/fingertip_H_Color_100430.tif
[0.613s] -- Up-to-date: /workspaces/manipulation_ws/install/moveit_resources_pr2_description/share/moveit_resources_pr2_description/urdf/meshes/gripper_v0/gripper_palm.dae
[0.613s] -- Up-to-date: /workspaces/manipulation_ws/install/moveit_resources_pr2_description/share/moveit_resources_pr2_description/urdf/meshes/gripper_v0/l_floating.stl
[0.614s] -- Up-to-date: /workspaces/manipulation_ws/install/moveit_resources_pr2_description/share/moveit_resources_pr2_description/urdf/meshes/gripper_v0/gripper_palm.stl
[0.614s] -- Up-to-date: /workspaces/manipulation_ws/install/moveit_resources_pr2_description/share/moveit_resources_pr2_description/urdf/meshes/gripper_v0/finger_tip_H_UV_100430.dae
[0.614s] -- Up-to-date: /workspaces/manipulation_ws/install/moveit_resources_pr2_description/share/moveit_resources_pr2_description/urdf/meshes/gripper_v0/finger_H_UV_100430.dae
[0.614s] -- Up-to-date: /workspaces/manipulation_ws/install/moveit_resources_pr2_description/share/moveit_resources_pr2_description/urdf/materials
[0.615s] -- Up-to-date: /workspaces/manipulation_ws/install/moveit_resources_pr2_description/share/moveit_resources_pr2_description/urdf/materials/textures
[0.618s] -- Up-to-date: /workspaces/manipulation_ws/install/moveit_resources_pr2_description/share/moveit_resources_pr2_description/urdf/materials/textures/pr2_wheel_right.png
[0.618s] -- Up-to-date: /workspaces/manipulation_ws/install/moveit_resources_pr2_description/share/moveit_resources_pr2_description/urdf/materials/textures/pr2_caster_texture.png
[0.619s] -- Up-to-date: /workspaces/manipulation_ws/install/moveit_resources_pr2_description/share/moveit_resources_pr2_description/urdf/materials/textures/pr2_wheel_left.png
[0.619s] -- Up-to-date: /workspaces/manipulation_ws/install/moveit_resources_pr2_description/share/moveit_resources_pr2_description/kinect.dae
[0.648s] Invoked command in '/workspaces/manipulation_ws/build/moveit_resources_pr2_description' returned '0': CMAKE_PREFIX_PATH=${CMAKE_PREFIX_PATH}:/opt/ros/jazzy /usr/bin/cmake --install /workspaces/manipulation_ws/build/moveit_resources_pr2_description
