[0.030s] Invoking command in '/workspaces/ros2_dev_containers/simulation/ros2_ws/build/andino_slam': CMAKE_PREFIX_PATH=${CMAKE_PREFIX_PATH}:/opt/ros/jazzy /usr/bin/cmake --build /workspaces/ros2_dev_containers/simulation/ros2_ws/build/andino_slam -- -j8 -l8
[0.092s] -- Found ament_cmake: 2.5.4 (/opt/ros/jazzy/share/ament_cmake/cmake)
[0.471s] -- Configuring done (0.4s)
[0.477s] -- Generating done (0.0s)
[0.479s] -- Build files have been written to: /workspaces/ros2_dev_containers/simulation/ros2_ws/build/andino_slam
[0.507s] Invoked command in '/workspaces/ros2_dev_containers/simulation/ros2_ws/build/andino_slam' returned '0': CMAKE_PREFIX_PATH=${CMAKE_PREFIX_PATH}:/opt/ros/jazzy /usr/bin/cmake --build /workspaces/ros2_dev_containers/simulation/ros2_ws/build/andino_slam -- -j8 -l8
[0.508s] Invoking command in '/workspaces/ros2_dev_containers/simulation/ros2_ws/build/andino_slam': CMAKE_PREFIX_PATH=${CMAKE_PREFIX_PATH}:/opt/ros/jazzy /usr/bin/cmake --install /workspaces/ros2_dev_containers/simulation/ros2_ws/build/andino_slam
[0.519s] -- Install configuration: ""
[0.520s] -- Up-to-date: /workspaces/ros2_dev_containers/simulation/ros2_ws/install/andino_slam/share/andino_slam//config
[0.520s] -- Installing: /workspaces/ros2_dev_containers/simulation/ros2_ws/install/andino_slam/share/andino_slam//config/slam_toolbox_online_async.yaml
[0.520s] -- Up-to-date: /workspaces/ros2_dev_containers/simulation/ros2_ws/install/andino_slam/share/andino_slam//launch
[0.520s] -- Installing: /workspaces/ros2_dev_containers/simulation/ros2_ws/install/andino_slam/share/andino_slam//launch/slam_toolbox_online_async.launch.py
[0.521s] -- Installing: /workspaces/ros2_dev_containers/simulation/ros2_ws/install/andino_slam/share/andino_slam//launch/rviz.launch.py
[0.521s] -- Up-to-date: /workspaces/ros2_dev_containers/simulation/ros2_ws/install/andino_slam/share/andino_slam//rviz
[0.521s] -- Installing: /workspaces/ros2_dev_containers/simulation/ros2_ws/install/andino_slam/share/andino_slam//rviz/andino_slam.rviz
[0.521s] -- Up-to-date: /workspaces/ros2_dev_containers/simulation/ros2_ws/install/andino_slam/share/ament_index/resource_index/package_run_dependencies/andino_slam
[0.521s] -- Up-to-date: /workspaces/ros2_dev_containers/simulation/ros2_ws/install/andino_slam/share/ament_index/resource_index/parent_prefix_path/andino_slam
[0.521s] -- Installing: /workspaces/ros2_dev_containers/simulation/ros2_ws/install/andino_slam/share/andino_slam/environment/ament_prefix_path.sh
[0.521s] -- Up-to-date: /workspaces/ros2_dev_containers/simulation/ros2_ws/install/andino_slam/share/andino_slam/environment/ament_prefix_path.dsv
[0.521s] -- Installing: /workspaces/ros2_dev_containers/simulation/ros2_ws/install/andino_slam/share/andino_slam/environment/path.sh
[0.521s] -- Up-to-date: /workspaces/ros2_dev_containers/simulation/ros2_ws/install/andino_slam/share/andino_slam/environment/path.dsv
[0.521s] -- Up-to-date: /workspaces/ros2_dev_containers/simulation/ros2_ws/install/andino_slam/share/andino_slam/local_setup.bash
[0.521s] -- Up-to-date: /workspaces/ros2_dev_containers/simulation/ros2_ws/install/andino_slam/share/andino_slam/local_setup.sh
[0.521s] -- Up-to-date: /workspaces/ros2_dev_containers/simulation/ros2_ws/install/andino_slam/share/andino_slam/local_setup.zsh
[0.521s] -- Up-to-date: /workspaces/ros2_dev_containers/simulation/ros2_ws/install/andino_slam/share/andino_slam/local_setup.dsv
[0.522s] -- Up-to-date: /workspaces/ros2_dev_containers/simulation/ros2_ws/install/andino_slam/share/andino_slam/package.dsv
[0.522s] -- Up-to-date: /workspaces/ros2_dev_containers/simulation/ros2_ws/install/andino_slam/share/ament_index/resource_index/packages/andino_slam
[0.522s] -- Up-to-date: /workspaces/ros2_dev_containers/simulation/ros2_ws/install/andino_slam/share/andino_slam/cmake/andino_slamConfig.cmake
[0.522s] -- Up-to-date: /workspaces/ros2_dev_containers/simulation/ros2_ws/install/andino_slam/share/andino_slam/cmake/andino_slamConfig-version.cmake
[0.522s] -- Installing: /workspaces/ros2_dev_containers/simulation/ros2_ws/install/andino_slam/share/andino_slam/package.xml
[0.544s] Invoked command in '/workspaces/ros2_dev_containers/simulation/ros2_ws/build/andino_slam' returned '0': CMAKE_PREFIX_PATH=${CMAKE_PREFIX_PATH}:/opt/ros/jazzy /usr/bin/cmake --install /workspaces/ros2_dev_containers/simulation/ros2_ws/build/andino_slam
