[0.067s] Invoking command in '/workspaces/manipulation_ws/build/moveit_resources_panda_description': CMAKE_PREFIX_PATH=${CMAKE_PREFIX_PATH}:/opt/ros/jazzy /usr/bin/cmake /workspaces/manipulation_ws/src/moveit_resources/panda_description -DCMAKE_INSTALL_PREFIX=/workspaces/manipulation_ws/install/moveit_resources_panda_description
[0.269s] -- The C compiler identification is GNU 13.3.0
[0.501s] -- The CXX compiler identification is GNU 13.3.0
[0.582s] -- Detecting C compiler ABI info
[0.926s] -- Detecting C compiler ABI info - done
[0.981s] -- Check for working C compiler: /usr/bin/cc - skipped
[0.982s] -- Detecting C compile features
[0.983s] -- Detecting C compile features - done
[1.016s] -- Detecting CXX compiler ABI info
[1.416s] -- Detecting CXX compiler ABI info - done
[1.489s] -- Check for working CXX compiler: /usr/bin/c++ - skipped
[1.490s] -- Detecting CXX compile features
[1.493s] -- Detecting CXX compile features - done
[1.518s] -- Found ament_cmake: 2.5.4 (/opt/ros/jazzy/share/ament_cmake/cmake)
[2.208s] -- Found Python3: /usr/bin/python3 (found version "3.12.3") found components: Interpreter 
[3.057s] -- Configuring done (3.0s)
[3.082s] -- Generating done (0.0s)
[3.082s] -- Build files have been written to: /workspaces/manipulation_ws/build/moveit_resources_panda_description
[3.096s] Invoked command in '/workspaces/manipulation_ws/build/moveit_resources_panda_description' returned '0': CMAKE_PREFIX_PATH=${CMAKE_PREFIX_PATH}:/opt/ros/jazzy /usr/bin/cmake /workspaces/manipulation_ws/src/moveit_resources/panda_description -DCMAKE_INSTALL_PREFIX=/workspaces/manipulation_ws/install/moveit_resources_panda_description
[3.099s] Invoking command in '/workspaces/manipulation_ws/build/moveit_resources_panda_description': CMAKE_PREFIX_PATH=${CMAKE_PREFIX_PATH}:/opt/ros/jazzy /usr/bin/cmake --build /workspaces/manipulation_ws/build/moveit_resources_panda_description -- -j4 -l4
[3.353s] Invoked command in '/workspaces/manipulation_ws/build/moveit_resources_panda_description' returned '0': CMAKE_PREFIX_PATH=${CMAKE_PREFIX_PATH}:/opt/ros/jazzy /usr/bin/cmake --build /workspaces/manipulation_ws/build/moveit_resources_panda_description -- -j4 -l4
[3.363s] Invoking command in '/workspaces/manipulation_ws/build/moveit_resources_panda_description': CMAKE_PREFIX_PATH=${CMAKE_PREFIX_PATH}:/opt/ros/jazzy /usr/bin/cmake --install /workspaces/manipulation_ws/build/moveit_resources_panda_description
[3.439s] -- Install configuration: ""
[3.439s] -- Installing: /workspaces/manipulation_ws/install/moveit_resources_panda_description/share/ament_index/resource_index/package_run_dependencies/moveit_resources_panda_description
[3.444s] -- Installing: /workspaces/manipulation_ws/install/moveit_resources_panda_description/share/ament_index/resource_index/parent_prefix_path/moveit_resources_panda_description
[3.444s] -- Installing: /workspaces/manipulation_ws/install/moveit_resources_panda_description/share/moveit_resources_panda_description/environment/ament_prefix_path.sh
[3.444s] -- Installing: /workspaces/manipulation_ws/install/moveit_resources_panda_description/share/moveit_resources_panda_description/environment/ament_prefix_path.dsv
[3.448s] -- Installing: /workspaces/manipulation_ws/install/moveit_resources_panda_description/share/moveit_resources_panda_description/environment/path.sh
[3.450s] -- Installing: /workspaces/manipulation_ws/install/moveit_resources_panda_description/share/moveit_resources_panda_description/environment/path.dsv
[3.456s] -- Installing: /workspaces/manipulation_ws/install/moveit_resources_panda_description/share/moveit_resources_panda_description/local_setup.bash
[3.456s] -- Installing: /workspaces/manipulation_ws/install/moveit_resources_panda_description/share/moveit_resources_panda_description/local_setup.sh
[3.457s] -- Installing: /workspaces/manipulation_ws/install/moveit_resources_panda_description/share/moveit_resources_panda_description/local_setup.zsh
[3.462s] -- Installing: /workspaces/manipulation_ws/install/moveit_resources_panda_description/share/moveit_resources_panda_description/local_setup.dsv
[3.463s] -- Installing: /workspaces/manipulation_ws/install/moveit_resources_panda_description/share/moveit_resources_panda_description/package.dsv
[3.466s] -- Installing: /workspaces/manipulation_ws/install/moveit_resources_panda_description/share/ament_index/resource_index/packages/moveit_resources_panda_description
[3.467s] -- Installing: /workspaces/manipulation_ws/install/moveit_resources_panda_description/share/moveit_resources_panda_description/cmake/moveit_resources_panda_descriptionConfig.cmake
[3.468s] -- Installing: /workspaces/manipulation_ws/install/moveit_resources_panda_description/share/moveit_resources_panda_description/cmake/moveit_resources_panda_descriptionConfig-version.cmake
[3.468s] -- Installing: /workspaces/manipulation_ws/install/moveit_resources_panda_description/share/moveit_resources_panda_description/package.xml
[3.468s] -- Installing: /workspaces/manipulation_ws/install/moveit_resources_panda_description/share/moveit_resources_panda_description/meshes
[3.468s] -- Installing: /workspaces/manipulation_ws/install/moveit_resources_panda_description/share/moveit_resources_panda_description/meshes/visual
[3.468s] -- Installing: /workspaces/manipulation_ws/install/moveit_resources_panda_description/share/moveit_resources_panda_description/meshes/visual/finger.dae
[3.469s] -- Installing: /workspaces/manipulation_ws/install/moveit_resources_panda_description/share/moveit_resources_panda_description/meshes/visual/hand.dae
[3.469s] -- Installing: /workspaces/manipulation_ws/install/moveit_resources_panda_description/share/moveit_resources_panda_description/meshes/visual/link3.dae
[3.478s] -- Installing: /workspaces/manipulation_ws/install/moveit_resources_panda_description/share/moveit_resources_panda_description/meshes/visual/link2.dae
[3.488s] -- Installing: /workspaces/manipulation_ws/install/moveit_resources_panda_description/share/moveit_resources_panda_description/meshes/visual/link5.dae
[3.491s] -- Installing: /workspaces/manipulation_ws/install/moveit_resources_panda_description/share/moveit_resources_panda_description/meshes/visual/link6.dae
[3.506s] -- Installing: /workspaces/manipulation_ws/install/moveit_resources_panda_description/share/moveit_resources_panda_description/meshes/visual/link1.dae
[3.507s] -- Installing: /workspaces/manipulation_ws/install/moveit_resources_panda_description/share/moveit_resources_panda_description/meshes/visual/link0.dae
[3.522s] -- Installing: /workspaces/manipulation_ws/install/moveit_resources_panda_description/share/moveit_resources_panda_description/meshes/visual/link4.dae
[3.535s] -- Installing: /workspaces/manipulation_ws/install/moveit_resources_panda_description/share/moveit_resources_panda_description/meshes/visual/link7.dae
[3.535s] -- Installing: /workspaces/manipulation_ws/install/moveit_resources_panda_description/share/moveit_resources_panda_description/meshes/collision
[3.535s] -- Installing: /workspaces/manipulation_ws/install/moveit_resources_panda_description/share/moveit_resources_panda_description/meshes/collision/link5.stl
[3.536s] -- Installing: /workspaces/manipulation_ws/install/moveit_resources_panda_description/share/moveit_resources_panda_description/meshes/collision/link6.stl
[3.536s] -- Installing: /workspaces/manipulation_ws/install/moveit_resources_panda_description/share/moveit_resources_panda_description/meshes/collision/link1.stl
[3.544s] -- Installing: /workspaces/manipulation_ws/install/moveit_resources_panda_description/share/moveit_resources_panda_description/meshes/collision/link4.stl
[3.548s] -- Installing: /workspaces/manipulation_ws/install/moveit_resources_panda_description/share/moveit_resources_panda_description/meshes/collision/link2.stl
[3.548s] -- Installing: /workspaces/manipulation_ws/install/moveit_resources_panda_description/share/moveit_resources_panda_description/meshes/collision/link0.stl
[3.549s] -- Installing: /workspaces/manipulation_ws/install/moveit_resources_panda_description/share/moveit_resources_panda_description/meshes/collision/link7.stl
[3.549s] -- Installing: /workspaces/manipulation_ws/install/moveit_resources_panda_description/share/moveit_resources_panda_description/meshes/collision/link3.stl
[3.549s] -- Installing: /workspaces/manipulation_ws/install/moveit_resources_panda_description/share/moveit_resources_panda_description/meshes/collision/finger.stl
[3.549s] -- Installing: /workspaces/manipulation_ws/install/moveit_resources_panda_description/share/moveit_resources_panda_description/meshes/collision/hand.stl
[3.550s] -- Installing: /workspaces/manipulation_ws/install/moveit_resources_panda_description/share/moveit_resources_panda_description/urdf
[3.550s] -- Installing: /workspaces/manipulation_ws/install/moveit_resources_panda_description/share/moveit_resources_panda_description/urdf/panda.urdf.xacro
[3.550s] -- Installing: /workspaces/manipulation_ws/install/moveit_resources_panda_description/share/moveit_resources_panda_description/urdf/panda.urdf
[3.652s] Invoked command in '/workspaces/manipulation_ws/build/moveit_resources_panda_description' returned '0': CMAKE_PREFIX_PATH=${CMAKE_PREFIX_PATH}:/opt/ros/jazzy /usr/bin/cmake --install /workspaces/manipulation_ws/build/moveit_resources_panda_description
