[0.030s] Invoking command in '/workspaces/ros2_dev_containers/simulation/ros2_ws/build/andino_firmware': CMAKE_PREFIX_PATH=${CMAKE_PREFIX_PATH}:/opt/ros/jazzy /usr/bin/cmake --build /workspaces/ros2_dev_containers/simulation/ros2_ws/build/andino_firmware -- -j8 -l8
[0.112s] Invoked command in '/workspaces/ros2_dev_containers/simulation/ros2_ws/build/andino_firmware' returned '0': CMAKE_PREFIX_PATH=${CMAKE_PREFIX_PATH}:/opt/ros/jazzy /usr/bin/cmake --build /workspaces/ros2_dev_containers/simulation/ros2_ws/build/andino_firmware -- -j8 -l8
[0.113s] Invoking command in '/workspaces/ros2_dev_containers/simulation/ros2_ws/build/andino_firmware': CMAKE_PREFIX_PATH=${CMAKE_PREFIX_PATH}:/opt/ros/jazzy /usr/bin/cmake --install /workspaces/ros2_dev_containers/simulation/ros2_ws/build/andino_firmware
[0.134s] -- Install configuration: ""
[0.134s] -- Up-to-date: /workspaces/ros2_dev_containers/simulation/ros2_ws/install/andino_firmware/share/andino_firmware/andino_firmware.ino
[0.135s] -- Up-to-date: /workspaces/ros2_dev_containers/simulation/ros2_ws/install/andino_firmware/share/andino_firmware/platformio.ini
[0.135s] -- Up-to-date: /workspaces/ros2_dev_containers/simulation/ros2_ws/install/andino_firmware/share/andino_firmware//src
[0.135s] -- Up-to-date: /workspaces/ros2_dev_containers/simulation/ros2_ws/install/andino_firmware/share/andino_firmware//src/main.cpp
[0.135s] -- Up-to-date: /workspaces/ros2_dev_containers/simulation/ros2_ws/install/andino_firmware/share/andino_firmware//src/constants.h
[0.135s] -- Up-to-date: /workspaces/ros2_dev_containers/simulation/ros2_ws/install/andino_firmware/share/andino_firmware//src/digital_out_arduino.cpp
[0.135s] -- Up-to-date: /workspaces/ros2_dev_containers/simulation/ros2_ws/install/andino_firmware/share/andino_firmware//src/serial_stream_arduino.cpp
[0.135s] -- Up-to-date: /workspaces/ros2_dev_containers/simulation/ros2_ws/install/andino_firmware/share/andino_firmware//src/serial_stream_arduino.h
[0.135s] -- Up-to-date: /workspaces/ros2_dev_containers/simulation/ros2_ws/install/andino_firmware/share/andino_firmware//src/encoder.h
[0.135s] -- Up-to-date: /workspaces/ros2_dev_containers/simulation/ros2_ws/install/andino_firmware/share/andino_firmware//src/pwm_out.h
[0.135s] -- Up-to-date: /workspaces/ros2_dev_containers/simulation/ros2_ws/install/andino_firmware/share/andino_firmware//src/shell.cpp
[0.136s] -- Up-to-date: /workspaces/ros2_dev_containers/simulation/ros2_ws/install/andino_firmware/share/andino_firmware//src/hw.h
[0.136s] -- Up-to-date: /workspaces/ros2_dev_containers/simulation/ros2_ws/install/andino_firmware/share/andino_firmware//src/pwm_out_arduino.h
[0.136s] -- Up-to-date: /workspaces/ros2_dev_containers/simulation/ros2_ws/install/andino_firmware/share/andino_firmware//src/interrupt_in_arduino.h
[0.136s] -- Up-to-date: /workspaces/ros2_dev_containers/simulation/ros2_ws/install/andino_firmware/share/andino_firmware//src/digital_in.h
[0.136s] -- Up-to-date: /workspaces/ros2_dev_containers/simulation/ros2_ws/install/andino_firmware/share/andino_firmware//src/digital_out.h
[0.136s] -- Up-to-date: /workspaces/ros2_dev_containers/simulation/ros2_ws/install/andino_firmware/share/andino_firmware//src/motor.cpp
[0.136s] -- Up-to-date: /workspaces/ros2_dev_containers/simulation/ros2_ws/install/andino_firmware/share/andino_firmware//src/interrupt_in.h
[0.136s] -- Up-to-date: /workspaces/ros2_dev_containers/simulation/ros2_ws/install/andino_firmware/share/andino_firmware//src/motor.h
[0.136s] -- Up-to-date: /workspaces/ros2_dev_containers/simulation/ros2_ws/install/andino_firmware/share/andino_firmware//src/interrupt_in_arduino.cpp
[0.136s] -- Up-to-date: /workspaces/ros2_dev_containers/simulation/ros2_ws/install/andino_firmware/share/andino_firmware//src/pwm_out_arduino.cpp
[0.137s] -- Up-to-date: /workspaces/ros2_dev_containers/simulation/ros2_ws/install/andino_firmware/share/andino_firmware//src/pid.cpp
[0.137s] -- Up-to-date: /workspaces/ros2_dev_containers/simulation/ros2_ws/install/andino_firmware/share/andino_firmware//src/pid.h
[0.137s] -- Up-to-date: /workspaces/ros2_dev_containers/simulation/ros2_ws/install/andino_firmware/share/andino_firmware//src/app.cpp
[0.137s] -- Up-to-date: /workspaces/ros2_dev_containers/simulation/ros2_ws/install/andino_firmware/share/andino_firmware//src/digital_out_arduino.h
[0.137s] -- Up-to-date: /workspaces/ros2_dev_containers/simulation/ros2_ws/install/andino_firmware/share/andino_firmware//src/commands.h
[0.138s] -- Up-to-date: /workspaces/ros2_dev_containers/simulation/ros2_ws/install/andino_firmware/share/andino_firmware//src/serial_stream.h
[0.138s] -- Up-to-date: /workspaces/ros2_dev_containers/simulation/ros2_ws/install/andino_firmware/share/andino_firmware//src/encoder.cpp
[0.138s] -- Up-to-date: /workspaces/ros2_dev_containers/simulation/ros2_ws/install/andino_firmware/share/andino_firmware//src/shell.h
[0.138s] -- Up-to-date: /workspaces/ros2_dev_containers/simulation/ros2_ws/install/andino_firmware/share/andino_firmware//src/app.h
[0.138s] -- Up-to-date: /workspaces/ros2_dev_containers/simulation/ros2_ws/install/andino_firmware/share/ament_index/resource_index/package_run_dependencies/andino_firmware
[0.138s] -- Up-to-date: /workspaces/ros2_dev_containers/simulation/ros2_ws/install/andino_firmware/share/ament_index/resource_index/parent_prefix_path/andino_firmware
[0.139s] -- Up-to-date: /workspaces/ros2_dev_containers/simulation/ros2_ws/install/andino_firmware/share/andino_firmware/environment/ament_prefix_path.sh
[0.139s] -- Up-to-date: /workspaces/ros2_dev_containers/simulation/ros2_ws/install/andino_firmware/share/andino_firmware/environment/ament_prefix_path.dsv
[0.139s] -- Up-to-date: /workspaces/ros2_dev_containers/simulation/ros2_ws/install/andino_firmware/share/andino_firmware/environment/path.sh
[0.139s] -- Up-to-date: /workspaces/ros2_dev_containers/simulation/ros2_ws/install/andino_firmware/share/andino_firmware/environment/path.dsv
[0.139s] -- Up-to-date: /workspaces/ros2_dev_containers/simulation/ros2_ws/install/andino_firmware/share/andino_firmware/local_setup.bash
[0.139s] -- Up-to-date: /workspaces/ros2_dev_containers/simulation/ros2_ws/install/andino_firmware/share/andino_firmware/local_setup.sh
[0.139s] -- Up-to-date: /workspaces/ros2_dev_containers/simulation/ros2_ws/install/andino_firmware/share/andino_firmware/local_setup.zsh
[0.139s] -- Up-to-date: /workspaces/ros2_dev_containers/simulation/ros2_ws/install/andino_firmware/share/andino_firmware/local_setup.dsv
[0.139s] -- Installing: /workspaces/ros2_dev_containers/simulation/ros2_ws/install/andino_firmware/share/andino_firmware/package.dsv
[0.140s] -- Up-to-date: /workspaces/ros2_dev_containers/simulation/ros2_ws/install/andino_firmware/share/ament_index/resource_index/packages/andino_firmware
[0.140s] -- Up-to-date: /workspaces/ros2_dev_containers/simulation/ros2_ws/install/andino_firmware/share/andino_firmware/cmake/andino_firmwareConfig.cmake
[0.140s] -- Up-to-date: /workspaces/ros2_dev_containers/simulation/ros2_ws/install/andino_firmware/share/andino_firmware/cmake/andino_firmwareConfig-version.cmake
[0.140s] -- Up-to-date: /workspaces/ros2_dev_containers/simulation/ros2_ws/install/andino_firmware/share/andino_firmware/package.xml
[0.214s] Invoked command in '/workspaces/ros2_dev_containers/simulation/ros2_ws/build/andino_firmware' returned '0': CMAKE_PREFIX_PATH=${CMAKE_PREFIX_PATH}:/opt/ros/jazzy /usr/bin/cmake --install /workspaces/ros2_dev_containers/simulation/ros2_ws/build/andino_firmware
