[0.031s] Invoking command in '/workspaces/ros2_dev_containers/simulation/ros2_ws/build/andino_slam': CMAKE_PREFIX_PATH=${CMAKE_PREFIX_PATH}:/opt/ros/jazzy /usr/bin/cmake --build /workspaces/ros2_dev_containers/simulation/ros2_ws/build/andino_slam -- -j8 -l8
[0.114s] Invoked command in '/workspaces/ros2_dev_containers/simulation/ros2_ws/build/andino_slam' returned '0': CMAKE_PREFIX_PATH=${CMAKE_PREFIX_PATH}:/opt/ros/jazzy /usr/bin/cmake --build /workspaces/ros2_dev_containers/simulation/ros2_ws/build/andino_slam -- -j8 -l8
[0.115s] Invoking command in '/workspaces/ros2_dev_containers/simulation/ros2_ws/build/andino_slam': CMAKE_PREFIX_PATH=${CMAKE_PREFIX_PATH}:/opt/ros/jazzy /usr/bin/cmake --install /workspaces/ros2_dev_containers/simulation/ros2_ws/build/andino_slam
[0.134s] -- Install configuration: ""
[0.134s] -- Up-to-date: /workspaces/ros2_dev_containers/simulation/ros2_ws/install/andino_slam/share/andino_slam//config
[0.134s] -- Up-to-date: /workspaces/ros2_dev_containers/simulation/ros2_ws/install/andino_slam/share/andino_slam//config/slam_toolbox_online_async.yaml
[0.134s] -- Up-to-date: /workspaces/ros2_dev_containers/simulation/ros2_ws/install/andino_slam/share/andino_slam//launch
[0.134s] -- Up-to-date: /workspaces/ros2_dev_containers/simulation/ros2_ws/install/andino_slam/share/andino_slam//launch/slam_toolbox_online_async.launch.py
[0.134s] -- Up-to-date: /workspaces/ros2_dev_containers/simulation/ros2_ws/install/andino_slam/share/andino_slam//launch/rviz.launch.py
[0.134s] -- Up-to-date: /workspaces/ros2_dev_containers/simulation/ros2_ws/install/andino_slam/share/andino_slam//rviz
[0.134s] -- Up-to-date: /workspaces/ros2_dev_containers/simulation/ros2_ws/install/andino_slam/share/andino_slam//rviz/andino_slam.rviz
[0.135s] -- Up-to-date: /workspaces/ros2_dev_containers/simulation/ros2_ws/install/andino_slam/share/ament_index/resource_index/package_run_dependencies/andino_slam
[0.135s] -- Up-to-date: /workspaces/ros2_dev_containers/simulation/ros2_ws/install/andino_slam/share/ament_index/resource_index/parent_prefix_path/andino_slam
[0.135s] -- Up-to-date: /workspaces/ros2_dev_containers/simulation/ros2_ws/install/andino_slam/share/andino_slam/environment/ament_prefix_path.sh
[0.135s] -- Up-to-date: /workspaces/ros2_dev_containers/simulation/ros2_ws/install/andino_slam/share/andino_slam/environment/ament_prefix_path.dsv
[0.135s] -- Up-to-date: /workspaces/ros2_dev_containers/simulation/ros2_ws/install/andino_slam/share/andino_slam/environment/path.sh
[0.135s] -- Up-to-date: /workspaces/ros2_dev_containers/simulation/ros2_ws/install/andino_slam/share/andino_slam/environment/path.dsv
[0.135s] -- Up-to-date: /workspaces/ros2_dev_containers/simulation/ros2_ws/install/andino_slam/share/andino_slam/local_setup.bash
[0.135s] -- Up-to-date: /workspaces/ros2_dev_containers/simulation/ros2_ws/install/andino_slam/share/andino_slam/local_setup.sh
[0.135s] -- Up-to-date: /workspaces/ros2_dev_containers/simulation/ros2_ws/install/andino_slam/share/andino_slam/local_setup.zsh
[0.136s] -- Up-to-date: /workspaces/ros2_dev_containers/simulation/ros2_ws/install/andino_slam/share/andino_slam/local_setup.dsv
[0.136s] -- Installing: /workspaces/ros2_dev_containers/simulation/ros2_ws/install/andino_slam/share/andino_slam/package.dsv
[0.136s] -- Up-to-date: /workspaces/ros2_dev_containers/simulation/ros2_ws/install/andino_slam/share/ament_index/resource_index/packages/andino_slam
[0.136s] -- Up-to-date: /workspaces/ros2_dev_containers/simulation/ros2_ws/install/andino_slam/share/andino_slam/cmake/andino_slamConfig.cmake
[0.136s] -- Up-to-date: /workspaces/ros2_dev_containers/simulation/ros2_ws/install/andino_slam/share/andino_slam/cmake/andino_slamConfig-version.cmake
[0.136s] -- Up-to-date: /workspaces/ros2_dev_containers/simulation/ros2_ws/install/andino_slam/share/andino_slam/package.xml
[0.166s] Invoked command in '/workspaces/ros2_dev_containers/simulation/ros2_ws/build/andino_slam' returned '0': CMAKE_PREFIX_PATH=${CMAKE_PREFIX_PATH}:/opt/ros/jazzy /usr/bin/cmake --install /workspaces/ros2_dev_containers/simulation/ros2_ws/build/andino_slam
