[0.027s] Invoking command in '/workspaces/ros2_dev_containers/simulation/ros2_ws/build/andino_firmware': CMAKE_PREFIX_PATH=${CMAKE_PREFIX_PATH}:/opt/ros/jazzy /usr/bin/cmake /workspaces/ros2_dev_containers/simulation/ros2_ws/src/andino/andino_firmware -DCMAKE_INSTALL_PREFIX=/workspaces/ros2_dev_containers/simulation/ros2_ws/install/andino_firmware
[0.101s] -- The C compiler identification is GNU 13.3.0
[0.181s] -- The CXX compiler identification is GNU 13.3.0
[0.203s] -- Detecting C compiler ABI info
[0.312s] -- Detecting C compiler ABI info - done
[0.331s] -- Check for working C compiler: /usr/bin/cc - skipped
[0.331s] -- Detecting C compile features
[0.331s] -- Detecting C compile features - done
[0.343s] -- Detecting CXX compiler ABI info
[0.471s] -- Detecting CXX compiler ABI info - done
[0.497s] -- Check for working CXX compiler: /usr/bin/c++ - skipped
[0.498s] -- Detecting CXX compile features
[0.500s] -- Detecting CXX compile features - done
[0.521s] -- Found ament_cmake: 2.5.4 (/opt/ros/jazzy/share/ament_cmake/cmake)
[0.783s] -- Found Python3: /usr/bin/python3 (found version "3.12.3") found components: Interpreter 
[1.168s] -- Configuring done (1.1s)
[1.173s] -- Generating done (0.0s)
[1.174s] -- Build files have been written to: /workspaces/ros2_dev_containers/simulation/ros2_ws/build/andino_firmware
[1.207s] Invoked command in '/workspaces/ros2_dev_containers/simulation/ros2_ws/build/andino_firmware' returned '0': CMAKE_PREFIX_PATH=${CMAKE_PREFIX_PATH}:/opt/ros/jazzy /usr/bin/cmake /workspaces/ros2_dev_containers/simulation/ros2_ws/src/andino/andino_firmware -DCMAKE_INSTALL_PREFIX=/workspaces/ros2_dev_containers/simulation/ros2_ws/install/andino_firmware
[1.209s] Invoking command in '/workspaces/ros2_dev_containers/simulation/ros2_ws/build/andino_firmware': CMAKE_PREFIX_PATH=${CMAKE_PREFIX_PATH}:/opt/ros/jazzy /usr/bin/cmake --build /workspaces/ros2_dev_containers/simulation/ros2_ws/build/andino_firmware -- -j8 -l8
[1.260s] Invoked command in '/workspaces/ros2_dev_containers/simulation/ros2_ws/build/andino_firmware' returned '0': CMAKE_PREFIX_PATH=${CMAKE_PREFIX_PATH}:/opt/ros/jazzy /usr/bin/cmake --build /workspaces/ros2_dev_containers/simulation/ros2_ws/build/andino_firmware -- -j8 -l8
[1.262s] Invoking command in '/workspaces/ros2_dev_containers/simulation/ros2_ws/build/andino_firmware': CMAKE_PREFIX_PATH=${CMAKE_PREFIX_PATH}:/opt/ros/jazzy /usr/bin/cmake --install /workspaces/ros2_dev_containers/simulation/ros2_ws/build/andino_firmware
[1.271s] -- Install configuration: ""
[1.271s] -- Installing: /workspaces/ros2_dev_containers/simulation/ros2_ws/install/andino_firmware/share/andino_firmware/andino_firmware.ino
[1.271s] -- Installing: /workspaces/ros2_dev_containers/simulation/ros2_ws/install/andino_firmware/share/andino_firmware/platformio.ini
[1.271s] -- Installing: /workspaces/ros2_dev_containers/simulation/ros2_ws/install/andino_firmware/share/andino_firmware//src
[1.271s] -- Installing: /workspaces/ros2_dev_containers/simulation/ros2_ws/install/andino_firmware/share/andino_firmware//src/main.cpp
[1.271s] -- Installing: /workspaces/ros2_dev_containers/simulation/ros2_ws/install/andino_firmware/share/andino_firmware//src/constants.h
[1.271s] -- Installing: /workspaces/ros2_dev_containers/simulation/ros2_ws/install/andino_firmware/share/andino_firmware//src/digital_out_arduino.cpp
[1.272s] -- Installing: /workspaces/ros2_dev_containers/simulation/ros2_ws/install/andino_firmware/share/andino_firmware//src/serial_stream_arduino.cpp
[1.272s] -- Installing: /workspaces/ros2_dev_containers/simulation/ros2_ws/install/andino_firmware/share/andino_firmware//src/serial_stream_arduino.h
[1.272s] -- Installing: /workspaces/ros2_dev_containers/simulation/ros2_ws/install/andino_firmware/share/andino_firmware//src/encoder.h
[1.272s] -- Installing: /workspaces/ros2_dev_containers/simulation/ros2_ws/install/andino_firmware/share/andino_firmware//src/pwm_out.h
[1.273s] -- Installing: /workspaces/ros2_dev_containers/simulation/ros2_ws/install/andino_firmware/share/andino_firmware//src/shell.cpp
[1.273s] -- Installing: /workspaces/ros2_dev_containers/simulation/ros2_ws/install/andino_firmware/share/andino_firmware//src/hw.h
[1.273s] -- Installing: /workspaces/ros2_dev_containers/simulation/ros2_ws/install/andino_firmware/share/andino_firmware//src/pwm_out_arduino.h
[1.273s] -- Installing: /workspaces/ros2_dev_containers/simulation/ros2_ws/install/andino_firmware/share/andino_firmware//src/interrupt_in_arduino.h
[1.274s] -- Installing: /workspaces/ros2_dev_containers/simulation/ros2_ws/install/andino_firmware/share/andino_firmware//src/digital_in.h
[1.274s] -- Installing: /workspaces/ros2_dev_containers/simulation/ros2_ws/install/andino_firmware/share/andino_firmware//src/digital_out.h
[1.274s] -- Installing: /workspaces/ros2_dev_containers/simulation/ros2_ws/install/andino_firmware/share/andino_firmware//src/motor.cpp
[1.274s] -- Installing: /workspaces/ros2_dev_containers/simulation/ros2_ws/install/andino_firmware/share/andino_firmware//src/interrupt_in.h
[1.274s] -- Installing: /workspaces/ros2_dev_containers/simulation/ros2_ws/install/andino_firmware/share/andino_firmware//src/motor.h
[1.275s] -- Installing: /workspaces/ros2_dev_containers/simulation/ros2_ws/install/andino_firmware/share/andino_firmware//src/interrupt_in_arduino.cpp
[1.275s] -- Installing: /workspaces/ros2_dev_containers/simulation/ros2_ws/install/andino_firmware/share/andino_firmware//src/pwm_out_arduino.cpp
[1.275s] -- Installing: /workspaces/ros2_dev_containers/simulation/ros2_ws/install/andino_firmware/share/andino_firmware//src/pid.cpp
[1.275s] -- Installing: /workspaces/ros2_dev_containers/simulation/ros2_ws/install/andino_firmware/share/andino_firmware//src/pid.h
[1.275s] -- Installing: /workspaces/ros2_dev_containers/simulation/ros2_ws/install/andino_firmware/share/andino_firmware//src/app.cpp
[1.275s] -- Installing: /workspaces/ros2_dev_containers/simulation/ros2_ws/install/andino_firmware/share/andino_firmware//src/digital_out_arduino.h
[1.276s] -- Installing: /workspaces/ros2_dev_containers/simulation/ros2_ws/install/andino_firmware/share/andino_firmware//src/commands.h
[1.277s] -- Installing: /workspaces/ros2_dev_containers/simulation/ros2_ws/install/andino_firmware/share/andino_firmware//src/serial_stream.h
[1.277s] -- Installing: /workspaces/ros2_dev_containers/simulation/ros2_ws/install/andino_firmware/share/andino_firmware//src/encoder.cpp
[1.277s] -- Installing: /workspaces/ros2_dev_containers/simulation/ros2_ws/install/andino_firmware/share/andino_firmware//src/shell.h
[1.277s] -- Installing: /workspaces/ros2_dev_containers/simulation/ros2_ws/install/andino_firmware/share/andino_firmware//src/app.h
[1.277s] -- Installing: /workspaces/ros2_dev_containers/simulation/ros2_ws/install/andino_firmware/share/ament_index/resource_index/package_run_dependencies/andino_firmware
[1.277s] -- Installing: /workspaces/ros2_dev_containers/simulation/ros2_ws/install/andino_firmware/share/ament_index/resource_index/parent_prefix_path/andino_firmware
[1.277s] -- Installing: /workspaces/ros2_dev_containers/simulation/ros2_ws/install/andino_firmware/share/andino_firmware/environment/ament_prefix_path.sh
[1.278s] -- Installing: /workspaces/ros2_dev_containers/simulation/ros2_ws/install/andino_firmware/share/andino_firmware/environment/ament_prefix_path.dsv
[1.278s] -- Installing: /workspaces/ros2_dev_containers/simulation/ros2_ws/install/andino_firmware/share/andino_firmware/environment/path.sh
[1.278s] -- Installing: /workspaces/ros2_dev_containers/simulation/ros2_ws/install/andino_firmware/share/andino_firmware/environment/path.dsv
[1.278s] -- Installing: /workspaces/ros2_dev_containers/simulation/ros2_ws/install/andino_firmware/share/andino_firmware/local_setup.bash
[1.278s] -- Installing: /workspaces/ros2_dev_containers/simulation/ros2_ws/install/andino_firmware/share/andino_firmware/local_setup.sh
[1.278s] -- Installing: /workspaces/ros2_dev_containers/simulation/ros2_ws/install/andino_firmware/share/andino_firmware/local_setup.zsh
[1.278s] -- Installing: /workspaces/ros2_dev_containers/simulation/ros2_ws/install/andino_firmware/share/andino_firmware/local_setup.dsv
[1.278s] -- Installing: /workspaces/ros2_dev_containers/simulation/ros2_ws/install/andino_firmware/share/andino_firmware/package.dsv
[1.278s] -- Installing: /workspaces/ros2_dev_containers/simulation/ros2_ws/install/andino_firmware/share/ament_index/resource_index/packages/andino_firmware
[1.278s] -- Installing: /workspaces/ros2_dev_containers/simulation/ros2_ws/install/andino_firmware/share/andino_firmware/cmake/andino_firmwareConfig.cmake
[1.279s] -- Installing: /workspaces/ros2_dev_containers/simulation/ros2_ws/install/andino_firmware/share/andino_firmware/cmake/andino_firmwareConfig-version.cmake
[1.279s] -- Installing: /workspaces/ros2_dev_containers/simulation/ros2_ws/install/andino_firmware/share/andino_firmware/package.xml
[1.280s] Invoked command in '/workspaces/ros2_dev_containers/simulation/ros2_ws/build/andino_firmware' returned '0': CMAKE_PREFIX_PATH=${CMAKE_PREFIX_PATH}:/opt/ros/jazzy /usr/bin/cmake --install /workspaces/ros2_dev_containers/simulation/ros2_ws/build/andino_firmware
