[0.031s] Invoking command in '/workspaces/ros2_dev_containers/simulation/ros2_ws/build/andino_navigation': CMAKE_PREFIX_PATH=${CMAKE_PREFIX_PATH}:/opt/ros/jazzy /usr/bin/cmake --build /workspaces/ros2_dev_containers/simulation/ros2_ws/build/andino_navigation -- -j8 -l8
[0.080s] -- Found ament_cmake: 2.5.4 (/opt/ros/jazzy/share/ament_cmake/cmake)
[0.341s] -- Found ament_lint_auto: 0.17.2 (/opt/ros/jazzy/share/ament_lint_auto/cmake)
[0.469s] -- Added test 'flake8' to check Python code syntax and style conventions
[0.469s] -- Configured 'flake8' exclude dirs and/or files: 
[0.470s] -- Added test 'lint_cmake' to check CMake code style
[0.471s] -- Added test 'pep257' to check Python code against some of the docstring style conventions in PEP 257
[0.475s] -- Added test 'xmllint' to check XML markup files
[0.475s] -- Configuring done (0.4s)
[0.481s] -- Generating done (0.0s)
[0.484s] -- Build files have been written to: /workspaces/ros2_dev_containers/simulation/ros2_ws/build/andino_navigation
[0.543s] Invoked command in '/workspaces/ros2_dev_containers/simulation/ros2_ws/build/andino_navigation' returned '0': CMAKE_PREFIX_PATH=${CMAKE_PREFIX_PATH}:/opt/ros/jazzy /usr/bin/cmake --build /workspaces/ros2_dev_containers/simulation/ros2_ws/build/andino_navigation -- -j8 -l8
[0.544s] Invoking command in '/workspaces/ros2_dev_containers/simulation/ros2_ws/build/andino_navigation': CMAKE_PREFIX_PATH=${CMAKE_PREFIX_PATH}:/opt/ros/jazzy /usr/bin/cmake --install /workspaces/ros2_dev_containers/simulation/ros2_ws/build/andino_navigation
[0.556s] -- Install configuration: ""
[0.556s] -- Up-to-date: /workspaces/ros2_dev_containers/simulation/ros2_ws/install/andino_navigation/share/andino_navigation//launch
[0.556s] -- Installing: /workspaces/ros2_dev_containers/simulation/ros2_ws/install/andino_navigation/share/andino_navigation//launch/bringup.launch.py
[0.556s] -- Up-to-date: /workspaces/ros2_dev_containers/simulation/ros2_ws/install/andino_navigation/share/andino_navigation//params
[0.556s] -- Installing: /workspaces/ros2_dev_containers/simulation/ros2_ws/install/andino_navigation/share/andino_navigation//params/nav2_params.yaml
[0.557s] -- Up-to-date: /workspaces/ros2_dev_containers/simulation/ros2_ws/install/andino_navigation/share/andino_navigation//rviz
[0.557s] -- Installing: /workspaces/ros2_dev_containers/simulation/ros2_ws/install/andino_navigation/share/andino_navigation//rviz/nav2_default_view.rviz
[0.557s] -- Up-to-date: /workspaces/ros2_dev_containers/simulation/ros2_ws/install/andino_navigation/share/ament_index/resource_index/package_run_dependencies/andino_navigation
[0.557s] -- Up-to-date: /workspaces/ros2_dev_containers/simulation/ros2_ws/install/andino_navigation/share/ament_index/resource_index/parent_prefix_path/andino_navigation
[0.557s] -- Installing: /workspaces/ros2_dev_containers/simulation/ros2_ws/install/andino_navigation/share/andino_navigation/environment/ament_prefix_path.sh
[0.557s] -- Up-to-date: /workspaces/ros2_dev_containers/simulation/ros2_ws/install/andino_navigation/share/andino_navigation/environment/ament_prefix_path.dsv
[0.558s] -- Installing: /workspaces/ros2_dev_containers/simulation/ros2_ws/install/andino_navigation/share/andino_navigation/environment/path.sh
[0.558s] -- Up-to-date: /workspaces/ros2_dev_containers/simulation/ros2_ws/install/andino_navigation/share/andino_navigation/environment/path.dsv
[0.558s] -- Up-to-date: /workspaces/ros2_dev_containers/simulation/ros2_ws/install/andino_navigation/share/andino_navigation/local_setup.bash
[0.558s] -- Up-to-date: /workspaces/ros2_dev_containers/simulation/ros2_ws/install/andino_navigation/share/andino_navigation/local_setup.sh
[0.558s] -- Up-to-date: /workspaces/ros2_dev_containers/simulation/ros2_ws/install/andino_navigation/share/andino_navigation/local_setup.zsh
[0.558s] -- Up-to-date: /workspaces/ros2_dev_containers/simulation/ros2_ws/install/andino_navigation/share/andino_navigation/local_setup.dsv
[0.558s] -- Up-to-date: /workspaces/ros2_dev_containers/simulation/ros2_ws/install/andino_navigation/share/andino_navigation/package.dsv
[0.558s] -- Up-to-date: /workspaces/ros2_dev_containers/simulation/ros2_ws/install/andino_navigation/share/ament_index/resource_index/packages/andino_navigation
[0.558s] -- Up-to-date: /workspaces/ros2_dev_containers/simulation/ros2_ws/install/andino_navigation/share/andino_navigation/cmake/andino_navigationConfig.cmake
[0.558s] -- Up-to-date: /workspaces/ros2_dev_containers/simulation/ros2_ws/install/andino_navigation/share/andino_navigation/cmake/andino_navigationConfig-version.cmake
[0.558s] -- Installing: /workspaces/ros2_dev_containers/simulation/ros2_ws/install/andino_navigation/share/andino_navigation/package.xml
[0.559s] Invoked command in '/workspaces/ros2_dev_containers/simulation/ros2_ws/build/andino_navigation' returned '0': CMAKE_PREFIX_PATH=${CMAKE_PREFIX_PATH}:/opt/ros/jazzy /usr/bin/cmake --install /workspaces/ros2_dev_containers/simulation/ros2_ws/build/andino_navigation
