[0.142s] Invoking command in '/workspaces/manipulation_ws/build/dual_arm_panda_moveit_config': AMENT_PREFIX_PATH=/workspaces/manipulation_ws/install/moveit_resources_panda_description:${AMENT_PREFIX_PATH} CMAKE_PREFIX_PATH=/workspaces/manipulation_ws/install/moveit_resources_panda_description:/opt/ros/jazzy/opt/gz_sim_vendor:/opt/ros/jazzy/opt/gz_sensors_vendor:/opt/ros/jazzy/opt/gz_physics_vendor:/opt/ros/jazzy/opt/sdformat_vendor:/opt/ros/jazzy/opt/gz_gui_vendor:/opt/ros/jazzy/opt/gz_transport_vendor:/opt/ros/jazzy/opt/gz_rendering_vendor:/opt/ros/jazzy/opt/gz_plugin_vendor:/opt/ros/jazzy/opt/gz_fuel_tools_vendor:/opt/ros/jazzy/opt/gz_msgs_vendor:/opt/ros/jazzy/opt/gz_common_vendor:/opt/ros/jazzy/opt/gz_math_vendor:/opt/ros/jazzy/opt/gz_utils_vendor:/opt/ros/jazzy/opt/gz_tools_vendor:/opt/ros/jazzy/opt/gz_ogre_next_vendor:/opt/ros/jazzy/opt/gz_dartsim_vendor:/opt/ros/jazzy/opt/gz_cmake_vendor:/opt/ros/jazzy /usr/bin/cmake --build /workspaces/manipulation_ws/build/dual_arm_panda_moveit_config -- -j4 -l4
[0.643s] Invoked command in '/workspaces/manipulation_ws/build/dual_arm_panda_moveit_config' returned '0': AMENT_PREFIX_PATH=/workspaces/manipulation_ws/install/moveit_resources_panda_description:${AMENT_PREFIX_PATH} CMAKE_PREFIX_PATH=/workspaces/manipulation_ws/install/moveit_resources_panda_description:/opt/ros/jazzy/opt/gz_sim_vendor:/opt/ros/jazzy/opt/gz_sensors_vendor:/opt/ros/jazzy/opt/gz_physics_vendor:/opt/ros/jazzy/opt/sdformat_vendor:/opt/ros/jazzy/opt/gz_gui_vendor:/opt/ros/jazzy/opt/gz_transport_vendor:/opt/ros/jazzy/opt/gz_rendering_vendor:/opt/ros/jazzy/opt/gz_plugin_vendor:/opt/ros/jazzy/opt/gz_fuel_tools_vendor:/opt/ros/jazzy/opt/gz_msgs_vendor:/opt/ros/jazzy/opt/gz_common_vendor:/opt/ros/jazzy/opt/gz_math_vendor:/opt/ros/jazzy/opt/gz_utils_vendor:/opt/ros/jazzy/opt/gz_tools_vendor:/opt/ros/jazzy/opt/gz_ogre_next_vendor:/opt/ros/jazzy/opt/gz_dartsim_vendor:/opt/ros/jazzy/opt/gz_cmake_vendor:/opt/ros/jazzy /usr/bin/cmake --build /workspaces/manipulation_ws/build/dual_arm_panda_moveit_config -- -j4 -l4
[0.684s] Invoking command in '/workspaces/manipulation_ws/build/dual_arm_panda_moveit_config': AMENT_PREFIX_PATH=/workspaces/manipulation_ws/install/moveit_resources_panda_description:${AMENT_PREFIX_PATH} CMAKE_PREFIX_PATH=/workspaces/manipulation_ws/install/moveit_resources_panda_description:/opt/ros/jazzy/opt/gz_sim_vendor:/opt/ros/jazzy/opt/gz_sensors_vendor:/opt/ros/jazzy/opt/gz_physics_vendor:/opt/ros/jazzy/opt/sdformat_vendor:/opt/ros/jazzy/opt/gz_gui_vendor:/opt/ros/jazzy/opt/gz_transport_vendor:/opt/ros/jazzy/opt/gz_rendering_vendor:/opt/ros/jazzy/opt/gz_plugin_vendor:/opt/ros/jazzy/opt/gz_fuel_tools_vendor:/opt/ros/jazzy/opt/gz_msgs_vendor:/opt/ros/jazzy/opt/gz_common_vendor:/opt/ros/jazzy/opt/gz_math_vendor:/opt/ros/jazzy/opt/gz_utils_vendor:/opt/ros/jazzy/opt/gz_tools_vendor:/opt/ros/jazzy/opt/gz_ogre_next_vendor:/opt/ros/jazzy/opt/gz_dartsim_vendor:/opt/ros/jazzy/opt/gz_cmake_vendor:/opt/ros/jazzy /usr/bin/cmake --install /workspaces/manipulation_ws/build/dual_arm_panda_moveit_config
[0.756s] -- Install configuration: ""
[0.756s] -- Up-to-date: /workspaces/manipulation_ws/install/dual_arm_panda_moveit_config/share/ament_index/resource_index/package_run_dependencies/dual_arm_panda_moveit_config
[0.757s] -- Up-to-date: /workspaces/manipulation_ws/install/dual_arm_panda_moveit_config/share/ament_index/resource_index/parent_prefix_path/dual_arm_panda_moveit_config
[0.757s] -- Up-to-date: /workspaces/manipulation_ws/install/dual_arm_panda_moveit_config/share/dual_arm_panda_moveit_config/environment/ament_prefix_path.sh
[0.757s] -- Up-to-date: /workspaces/manipulation_ws/install/dual_arm_panda_moveit_config/share/dual_arm_panda_moveit_config/environment/ament_prefix_path.dsv
[0.757s] -- Up-to-date: /workspaces/manipulation_ws/install/dual_arm_panda_moveit_config/share/dual_arm_panda_moveit_config/environment/path.sh
[0.757s] -- Up-to-date: /workspaces/manipulation_ws/install/dual_arm_panda_moveit_config/share/dual_arm_panda_moveit_config/environment/path.dsv
[0.757s] -- Up-to-date: /workspaces/manipulation_ws/install/dual_arm_panda_moveit_config/share/dual_arm_panda_moveit_config/local_setup.bash
[0.758s] -- Up-to-date: /workspaces/manipulation_ws/install/dual_arm_panda_moveit_config/share/dual_arm_panda_moveit_config/local_setup.sh
[0.786s] -- Up-to-date: /workspaces/manipulation_ws/install/dual_arm_panda_moveit_config/share/dual_arm_panda_moveit_config/local_setup.zsh
[0.786s] -- Up-to-date: /workspaces/manipulation_ws/install/dual_arm_panda_moveit_config/share/dual_arm_panda_moveit_config/local_setup.dsv
[0.786s] -- Installing: /workspaces/manipulation_ws/install/dual_arm_panda_moveit_config/share/dual_arm_panda_moveit_config/package.dsv
[0.786s] -- Up-to-date: /workspaces/manipulation_ws/install/dual_arm_panda_moveit_config/share/ament_index/resource_index/packages/dual_arm_panda_moveit_config
[0.786s] -- Up-to-date: /workspaces/manipulation_ws/install/dual_arm_panda_moveit_config/share/dual_arm_panda_moveit_config/cmake/dual_arm_panda_moveit_configConfig.cmake
[0.787s] -- Up-to-date: /workspaces/manipulation_ws/install/dual_arm_panda_moveit_config/share/dual_arm_panda_moveit_config/cmake/dual_arm_panda_moveit_configConfig-version.cmake
[0.787s] -- Up-to-date: /workspaces/manipulation_ws/install/dual_arm_panda_moveit_config/share/dual_arm_panda_moveit_config/package.xml
[0.787s] -- Up-to-date: /workspaces/manipulation_ws/install/dual_arm_panda_moveit_config/share/dual_arm_panda_moveit_config/launch
[0.795s] -- Up-to-date: /workspaces/manipulation_ws/install/dual_arm_panda_moveit_config/share/dual_arm_panda_moveit_config/launch/demo.launch.py
[0.802s] -- Up-to-date: /workspaces/manipulation_ws/install/dual_arm_panda_moveit_config/share/dual_arm_panda_moveit_config/launch/moveit.rviz
[0.809s] -- Up-to-date: /workspaces/manipulation_ws/install/dual_arm_panda_moveit_config/share/dual_arm_panda_moveit_config/config
[0.810s] -- Up-to-date: /workspaces/manipulation_ws/install/dual_arm_panda_moveit_config/share/dual_arm_panda_moveit_config/config/kinematics.yaml
[0.810s] -- Up-to-date: /workspaces/manipulation_ws/install/dual_arm_panda_moveit_config/share/dual_arm_panda_moveit_config/config/panda.urdf.xacro
[0.811s] -- Up-to-date: /workspaces/manipulation_ws/install/dual_arm_panda_moveit_config/share/dual_arm_panda_moveit_config/config/panda_hand.ros2_control.xacro
[0.811s] -- Up-to-date: /workspaces/manipulation_ws/install/dual_arm_panda_moveit_config/share/dual_arm_panda_moveit_config/config/left_initial_positions.yaml
[0.811s] -- Up-to-date: /workspaces/manipulation_ws/install/dual_arm_panda_moveit_config/share/dual_arm_panda_moveit_config/config/hand.xacro
[0.821s] -- Up-to-date: /workspaces/manipulation_ws/install/dual_arm_panda_moveit_config/share/dual_arm_panda_moveit_config/config/right_initial_positions.yaml
[0.822s] -- Up-to-date: /workspaces/manipulation_ws/install/dual_arm_panda_moveit_config/share/dual_arm_panda_moveit_config/config/joint_limits.yaml
[0.822s] -- Up-to-date: /workspaces/manipulation_ws/install/dual_arm_panda_moveit_config/share/dual_arm_panda_moveit_config/config/ompl_planning.yaml
[0.822s] -- Up-to-date: /workspaces/manipulation_ws/install/dual_arm_panda_moveit_config/share/dual_arm_panda_moveit_config/config/ros2_controllers.yaml
[0.822s] -- Up-to-date: /workspaces/manipulation_ws/install/dual_arm_panda_moveit_config/share/dual_arm_panda_moveit_config/config/pilz_cartesian_limits.yaml
[0.822s] -- Up-to-date: /workspaces/manipulation_ws/install/dual_arm_panda_moveit_config/share/dual_arm_panda_moveit_config/config/panda.srdf
[0.826s] -- Up-to-date: /workspaces/manipulation_ws/install/dual_arm_panda_moveit_config/share/dual_arm_panda_moveit_config/config/panda.ros2_control.xacro
[0.826s] -- Up-to-date: /workspaces/manipulation_ws/install/dual_arm_panda_moveit_config/share/dual_arm_panda_moveit_config/config/moveit_controllers.yaml
[0.827s] -- Up-to-date: /workspaces/manipulation_ws/install/dual_arm_panda_moveit_config/share/dual_arm_panda_moveit_config/config/panda_arm_macro.xacro
[0.858s] Invoked command in '/workspaces/manipulation_ws/build/dual_arm_panda_moveit_config' returned '0': AMENT_PREFIX_PATH=/workspaces/manipulation_ws/install/moveit_resources_panda_description:${AMENT_PREFIX_PATH} CMAKE_PREFIX_PATH=/workspaces/manipulation_ws/install/moveit_resources_panda_description:/opt/ros/jazzy/opt/gz_sim_vendor:/opt/ros/jazzy/opt/gz_sensors_vendor:/opt/ros/jazzy/opt/gz_physics_vendor:/opt/ros/jazzy/opt/sdformat_vendor:/opt/ros/jazzy/opt/gz_gui_vendor:/opt/ros/jazzy/opt/gz_transport_vendor:/opt/ros/jazzy/opt/gz_rendering_vendor:/opt/ros/jazzy/opt/gz_plugin_vendor:/opt/ros/jazzy/opt/gz_fuel_tools_vendor:/opt/ros/jazzy/opt/gz_msgs_vendor:/opt/ros/jazzy/opt/gz_common_vendor:/opt/ros/jazzy/opt/gz_math_vendor:/opt/ros/jazzy/opt/gz_utils_vendor:/opt/ros/jazzy/opt/gz_tools_vendor:/opt/ros/jazzy/opt/gz_ogre_next_vendor:/opt/ros/jazzy/opt/gz_dartsim_vendor:/opt/ros/jazzy/opt/gz_cmake_vendor:/opt/ros/jazzy /usr/bin/cmake --install /workspaces/manipulation_ws/build/dual_arm_panda_moveit_config
