[0.044s] Invoking command in '/workspaces/ros2_dev_containers/simulation/ros2_ws/build/andino_base': CMAKE_PREFIX_PATH=${CMAKE_PREFIX_PATH}:/opt/ros/jazzy /usr/bin/cmake --build /workspaces/ros2_dev_containers/simulation/ros2_ws/build/andino_base -- -j8 -l8
[0.157s] [ 28%] Built target motor_driver
[0.184s] [ 57%] Built target motor_driver_demo
[0.189s] [100%] Built target diffdrive_andino
[0.242s] Invoked command in '/workspaces/ros2_dev_containers/simulation/ros2_ws/build/andino_base' returned '0': CMAKE_PREFIX_PATH=${CMAKE_PREFIX_PATH}:/opt/ros/jazzy /usr/bin/cmake --build /workspaces/ros2_dev_containers/simulation/ros2_ws/build/andino_base -- -j8 -l8
[0.242s] Invoking command in '/workspaces/ros2_dev_containers/simulation/ros2_ws/build/andino_base': CMAKE_PREFIX_PATH=${CMAKE_PREFIX_PATH}:/opt/ros/jazzy /usr/bin/cmake --install /workspaces/ros2_dev_containers/simulation/ros2_ws/build/andino_base
[0.256s] -- Install configuration: ""
[0.257s] -- Up-to-date: /workspaces/ros2_dev_containers/simulation/ros2_ws/install/andino_base/share/andino_base/andino_hw.xml
[0.257s] -- Up-to-date: /workspaces/ros2_dev_containers/simulation/ros2_ws/install/andino_base/share/ament_index/resource_index/package_run_dependencies/andino_base
[0.257s] -- Up-to-date: /workspaces/ros2_dev_containers/simulation/ros2_ws/install/andino_base/share/ament_index/resource_index/parent_prefix_path/andino_base
[0.258s] -- Up-to-date: /workspaces/ros2_dev_containers/simulation/ros2_ws/install/andino_base/share/andino_base/environment/ament_prefix_path.sh
[0.258s] -- Up-to-date: /workspaces/ros2_dev_containers/simulation/ros2_ws/install/andino_base/share/andino_base/environment/ament_prefix_path.dsv
[0.258s] -- Up-to-date: /workspaces/ros2_dev_containers/simulation/ros2_ws/install/andino_base/share/andino_base/environment/path.sh
[0.258s] -- Up-to-date: /workspaces/ros2_dev_containers/simulation/ros2_ws/install/andino_base/share/andino_base/environment/path.dsv
[0.258s] -- Up-to-date: /workspaces/ros2_dev_containers/simulation/ros2_ws/install/andino_base/share/andino_base/local_setup.bash
[0.258s] -- Up-to-date: /workspaces/ros2_dev_containers/simulation/ros2_ws/install/andino_base/share/andino_base/local_setup.sh
[0.258s] -- Up-to-date: /workspaces/ros2_dev_containers/simulation/ros2_ws/install/andino_base/share/andino_base/local_setup.zsh
[0.259s] -- Up-to-date: /workspaces/ros2_dev_containers/simulation/ros2_ws/install/andino_base/share/andino_base/local_setup.dsv
[0.259s] -- Installing: /workspaces/ros2_dev_containers/simulation/ros2_ws/install/andino_base/share/andino_base/package.dsv
[0.259s] -- Up-to-date: /workspaces/ros2_dev_containers/simulation/ros2_ws/install/andino_base/share/ament_index/resource_index/packages/andino_base
[0.259s] -- Up-to-date: /workspaces/ros2_dev_containers/simulation/ros2_ws/install/andino_base/share/ament_index/resource_index/hardware_interface__pluginlib__plugin/andino_base
[0.259s] -- Up-to-date: /workspaces/ros2_dev_containers/simulation/ros2_ws/install/andino_base/share/andino_base/cmake/andino_baseConfig.cmake
[0.259s] -- Up-to-date: /workspaces/ros2_dev_containers/simulation/ros2_ws/install/andino_base/share/andino_base/cmake/andino_baseConfig-version.cmake
[0.259s] -- Up-to-date: /workspaces/ros2_dev_containers/simulation/ros2_ws/install/andino_base/share/andino_base/package.xml
[0.259s] -- Up-to-date: /workspaces/ros2_dev_containers/simulation/ros2_ws/install/andino_base/bin/motor_driver_demo
[0.259s] -- Up-to-date: /workspaces/ros2_dev_containers/simulation/ros2_ws/install/andino_base/lib/libdiffdrive_andino.so
[0.260s] -- Up-to-date: /workspaces/ros2_dev_containers/simulation/ros2_ws/install/andino_base/lib/libmotor_driver.so
[0.260s] -- Up-to-date: /workspaces/ros2_dev_containers/simulation/ros2_ws/install/andino_base/share/andino_base/environment/library_path.sh
[0.260s] -- Up-to-date: /workspaces/ros2_dev_containers/simulation/ros2_ws/install/andino_base/share/andino_base/environment/library_path.dsv
[0.266s] Invoked command in '/workspaces/ros2_dev_containers/simulation/ros2_ws/build/andino_base' returned '0': CMAKE_PREFIX_PATH=${CMAKE_PREFIX_PATH}:/opt/ros/jazzy /usr/bin/cmake --install /workspaces/ros2_dev_containers/simulation/ros2_ws/build/andino_base
