-- The C compiler identification is GNU 13.3.0
-- The CXX compiler identification is GNU 13.3.0
-- Detecting C compiler ABI info
-- Detecting C compiler ABI info - done
-- Check for working C compiler: /usr/bin/cc - skipped
-- Detecting C compile features
-- Detecting C compile features - done
-- Detecting CXX compiler ABI info
-- Detecting CXX compiler ABI info - done
-- Check for working CXX compiler: /usr/bin/c++ - skipped
-- Detecting CXX compile features
-- Detecting CXX compile features - done
-- Found ament_cmake: 2.5.4 (/opt/ros/jazzy/share/ament_cmake/cmake)
-- Found Python3: /usr/bin/python3 (found version "3.12.3") found components: Interpreter 
-- Configuring done (1.3s)
-- Generating done (0.0s)
-- Build files have been written to: /workspaces/ros2_dev_containers/simulation/ros2_ws/build/andino_gz
Built target ament_cmake_python_copy_andino_gz
running egg_info
creating andino_gz.egg-info
writing andino_gz.egg-info/PKG-INFO
writing dependency_links to andino_gz.egg-info/dependency_links.txt
writing top-level names to andino_gz.egg-info/top_level.txt
writing manifest file 'andino_gz.egg-info/SOURCES.txt'
reading manifest file 'andino_gz.egg-info/SOURCES.txt'
writing manifest file 'andino_gz.egg-info/SOURCES.txt'
Built target ament_cmake_python_build_andino_gz_egg
-- Install configuration: ""
-- Installing: /workspaces/ros2_dev_containers/simulation/ros2_ws/install/andino_gz/share/andino_gz/environment/pythonpath.sh
-- Installing: /workspaces/ros2_dev_containers/simulation/ros2_ws/install/andino_gz/share/andino_gz/environment/pythonpath.dsv
-- Installing: /workspaces/ros2_dev_containers/simulation/ros2_ws/install/andino_gz/lib/python3.12/site-packages/andino_gz-0.1.1-py3.12.egg-info
-- Installing: /workspaces/ros2_dev_containers/simulation/ros2_ws/install/andino_gz/lib/python3.12/site-packages/andino_gz-0.1.1-py3.12.egg-info/dependency_links.txt
-- Installing: /workspaces/ros2_dev_containers/simulation/ros2_ws/install/andino_gz/lib/python3.12/site-packages/andino_gz-0.1.1-py3.12.egg-info/PKG-INFO
-- Installing: /workspaces/ros2_dev_containers/simulation/ros2_ws/install/andino_gz/lib/python3.12/site-packages/andino_gz-0.1.1-py3.12.egg-info/SOURCES.txt
-- Installing: /workspaces/ros2_dev_containers/simulation/ros2_ws/install/andino_gz/lib/python3.12/site-packages/andino_gz-0.1.1-py3.12.egg-info/top_level.txt
-- Installing: /workspaces/ros2_dev_containers/simulation/ros2_ws/install/andino_gz/lib/python3.12/site-packages/andino_gz
-- Installing: /workspaces/ros2_dev_containers/simulation/ros2_ws/install/andino_gz/lib/python3.12/site-packages/andino_gz/__init__.py
-- Installing: /workspaces/ros2_dev_containers/simulation/ros2_ws/install/andino_gz/lib/python3.12/site-packages/andino_gz/launch_tools
-- Installing: /workspaces/ros2_dev_containers/simulation/ros2_ws/install/andino_gz/lib/python3.12/site-packages/andino_gz/launch_tools/__init__.py
-- Installing: /workspaces/ros2_dev_containers/simulation/ros2_ws/install/andino_gz/lib/python3.12/site-packages/andino_gz/launch_tools/substitutions.py
Listing '/workspaces/ros2_dev_containers/simulation/ros2_ws/install/andino_gz/lib/python3.12/site-packages/andino_gz'...
Compiling '/workspaces/ros2_dev_containers/simulation/ros2_ws/install/andino_gz/lib/python3.12/site-packages/andino_gz/__init__.py'...
Listing '/workspaces/ros2_dev_containers/simulation/ros2_ws/install/andino_gz/lib/python3.12/site-packages/andino_gz/launch_tools'...
Compiling '/workspaces/ros2_dev_containers/simulation/ros2_ws/install/andino_gz/lib/python3.12/site-packages/andino_gz/launch_tools/__init__.py'...
Compiling '/workspaces/ros2_dev_containers/simulation/ros2_ws/install/andino_gz/lib/python3.12/site-packages/andino_gz/launch_tools/substitutions.py'...
-- Installing: /workspaces/ros2_dev_containers/simulation/ros2_ws/install/andino_gz/share/andino_gz//config
-- Installing: /workspaces/ros2_dev_containers/simulation/ros2_ws/install/andino_gz/share/andino_gz//config/nav2_params.yaml
-- Installing: /workspaces/ros2_dev_containers/simulation/ros2_ws/install/andino_gz/share/andino_gz//config/bridge_config.yaml
-- Installing: /workspaces/ros2_dev_containers/simulation/ros2_ws/install/andino_gz/share/andino_gz//config_gui
-- Installing: /workspaces/ros2_dev_containers/simulation/ros2_ws/install/andino_gz/share/andino_gz//config_gui/default.config
-- Installing: /workspaces/ros2_dev_containers/simulation/ros2_ws/install/andino_gz/share/andino_gz//models
-- Installing: /workspaces/ros2_dev_containers/simulation/ros2_ws/install/andino_gz/share/andino_gz//models/office
-- Installing: /workspaces/ros2_dev_containers/simulation/ros2_ws/install/andino_gz/share/andino_gz//models/office/materials
-- Installing: /workspaces/ros2_dev_containers/simulation/ros2_ws/install/andino_gz/share/andino_gz//models/office/materials/textures
-- Installing: /workspaces/ros2_dev_containers/simulation/ros2_ws/install/andino_gz/share/andino_gz//models/office/materials/textures/tiles
-- Installing: /workspaces/ros2_dev_containers/simulation/ros2_ws/install/andino_gz/share/andino_gz//models/office/materials/textures/tiles/Tiles054_1K-JPG_NormalDX.jpg
-- Installing: /workspaces/ros2_dev_containers/simulation/ros2_ws/install/andino_gz/share/andino_gz//models/office/materials/textures/tiles/Tiles054_1K-JPG_Color.jpg
-- Installing: /workspaces/ros2_dev_containers/simulation/ros2_ws/install/andino_gz/share/andino_gz//models/office/materials/textures/tiles/Tiles054_1K-JPG_Roughness.jpg
-- Installing: /workspaces/ros2_dev_containers/simulation/ros2_ws/install/andino_gz/share/andino_gz//models/office/materials/textures/walls
-- Installing: /workspaces/ros2_dev_containers/simulation/ros2_ws/install/andino_gz/share/andino_gz//models/office/materials/textures/walls/macro_flour_nor_gl_4k.exr
-- Installing: /workspaces/ros2_dev_containers/simulation/ros2_ws/install/andino_gz/share/andino_gz//models/office/materials/textures/walls/macro_flour_diff_4k.jpg
-- Installing: /workspaces/ros2_dev_containers/simulation/ros2_ws/install/andino_gz/share/andino_gz//models/office/materials/textures/walls/macro_flour_rough_4k.exr
-- Installing: /workspaces/ros2_dev_containers/simulation/ros2_ws/install/andino_gz/share/andino_gz//models/office/materials/textures/wood
-- Installing: /workspaces/ros2_dev_containers/simulation/ros2_ws/install/andino_gz/share/andino_gz//models/office/materials/textures/wood/wood_floor_diff_4k.jpg
-- Installing: /workspaces/ros2_dev_containers/simulation/ros2_ws/install/andino_gz/share/andino_gz//models/office/materials/textures/wood/wood_floor_nor_gl_4k.exr
-- Installing: /workspaces/ros2_dev_containers/simulation/ros2_ws/install/andino_gz/share/andino_gz//models/office/materials/textures/wood/wood_floor_rough_4k.exr
-- Installing: /workspaces/ros2_dev_containers/simulation/ros2_ws/install/andino_gz/share/andino_gz//models/office/model.config
-- Installing: /workspaces/ros2_dev_containers/simulation/ros2_ws/install/andino_gz/share/andino_gz//models/office/meshes
-- Installing: /workspaces/ros2_dev_containers/simulation/ros2_ws/install/andino_gz/share/andino_gz//models/office/meshes/tiles.dae
-- Installing: /workspaces/ros2_dev_containers/simulation/ros2_ws/install/andino_gz/share/andino_gz//models/office/meshes/wood.dae
-- Installing: /workspaces/ros2_dev_containers/simulation/ros2_ws/install/andino_gz/share/andino_gz//models/office/meshes/walls.dae
-- Installing: /workspaces/ros2_dev_containers/simulation/ros2_ws/install/andino_gz/share/andino_gz//models/office/model.sdf
-- Installing: /workspaces/ros2_dev_containers/simulation/ros2_ws/install/andino_gz/share/andino_gz//launch
-- Installing: /workspaces/ros2_dev_containers/simulation/ros2_ws/install/andino_gz/share/andino_gz//launch/andino_gz.launch.py
-- Installing: /workspaces/ros2_dev_containers/simulation/ros2_ws/install/andino_gz/share/andino_gz//launch/include
-- Installing: /workspaces/ros2_dev_containers/simulation/ros2_ws/install/andino_gz/share/andino_gz//launch/include/gz_ros_bridge.launch.py
-- Installing: /workspaces/ros2_dev_containers/simulation/ros2_ws/install/andino_gz/share/andino_gz//launch/include/spawn_robot.launch.py
-- Installing: /workspaces/ros2_dev_containers/simulation/ros2_ws/install/andino_gz/share/andino_gz//launch/slam_toolbox_online_async.launch.py
-- Installing: /workspaces/ros2_dev_containers/simulation/ros2_ws/install/andino_gz/share/andino_gz//launch/view_frames.launch.py
-- Installing: /workspaces/ros2_dev_containers/simulation/ros2_ws/install/andino_gz/share/andino_gz//maps
-- Installing: /workspaces/ros2_dev_containers/simulation/ros2_ws/install/andino_gz/share/andino_gz//maps/office
-- Installing: /workspaces/ros2_dev_containers/simulation/ros2_ws/install/andino_gz/share/andino_gz//maps/office/office.pgm
-- Installing: /workspaces/ros2_dev_containers/simulation/ros2_ws/install/andino_gz/share/andino_gz//maps/office/office.yaml
-- Installing: /workspaces/ros2_dev_containers/simulation/ros2_ws/install/andino_gz/share/andino_gz//maps/depot
-- Installing: /workspaces/ros2_dev_containers/simulation/ros2_ws/install/andino_gz/share/andino_gz//maps/depot/depot.pgm
-- Installing: /workspaces/ros2_dev_containers/simulation/ros2_ws/install/andino_gz/share/andino_gz//maps/depot/depot.yaml
-- Installing: /workspaces/ros2_dev_containers/simulation/ros2_ws/install/andino_gz/share/andino_gz//rviz
-- Installing: /workspaces/ros2_dev_containers/simulation/ros2_ws/install/andino_gz/share/andino_gz//rviz/andino_gz.rviz
-- Installing: /workspaces/ros2_dev_containers/simulation/ros2_ws/install/andino_gz/share/andino_gz//rviz/andino_gz_nav2.rviz
-- Installing: /workspaces/ros2_dev_containers/simulation/ros2_ws/install/andino_gz/share/andino_gz//urdf
-- Installing: /workspaces/ros2_dev_containers/simulation/ros2_ws/install/andino_gz/share/andino_gz//urdf/andino_gz.urdf.xacro
-- Installing: /workspaces/ros2_dev_containers/simulation/ros2_ws/install/andino_gz/share/andino_gz//urdf/include
-- Installing: /workspaces/ros2_dev_containers/simulation/ros2_ws/install/andino_gz/share/andino_gz//urdf/include/andino_materials.xacro
-- Installing: /workspaces/ros2_dev_containers/simulation/ros2_ws/install/andino_gz/share/andino_gz//worlds
-- Installing: /workspaces/ros2_dev_containers/simulation/ros2_ws/install/andino_gz/share/andino_gz//worlds/LICENSE_depot
-- Installing: /workspaces/ros2_dev_containers/simulation/ros2_ws/install/andino_gz/share/andino_gz//worlds/populated_office.sdf
-- Installing: /workspaces/ros2_dev_containers/simulation/ros2_ws/install/andino_gz/share/andino_gz//worlds/empty.sdf
-- Installing: /workspaces/ros2_dev_containers/simulation/ros2_ws/install/andino_gz/share/andino_gz//worlds/depot.sdf
-- Installing: /workspaces/ros2_dev_containers/simulation/ros2_ws/install/andino_gz/share/andino_gz//worlds/office.sdf
-- Installing: /workspaces/ros2_dev_containers/simulation/ros2_ws/install/andino_gz/share/andino_gz/environment/andino_gz.dsv
-- Installing: /workspaces/ros2_dev_containers/simulation/ros2_ws/install/andino_gz/share/andino_gz/environment/andino_gz.sh
-- Installing: /workspaces/ros2_dev_containers/simulation/ros2_ws/install/andino_gz/share/ament_index/resource_index/package_run_dependencies/andino_gz
-- Installing: /workspaces/ros2_dev_containers/simulation/ros2_ws/install/andino_gz/share/ament_index/resource_index/parent_prefix_path/andino_gz
-- Installing: /workspaces/ros2_dev_containers/simulation/ros2_ws/install/andino_gz/share/andino_gz/environment/ament_prefix_path.sh
-- Installing: /workspaces/ros2_dev_containers/simulation/ros2_ws/install/andino_gz/share/andino_gz/environment/ament_prefix_path.dsv
-- Installing: /workspaces/ros2_dev_containers/simulation/ros2_ws/install/andino_gz/share/andino_gz/environment/path.sh
-- Installing: /workspaces/ros2_dev_containers/simulation/ros2_ws/install/andino_gz/share/andino_gz/environment/path.dsv
-- Installing: /workspaces/ros2_dev_containers/simulation/ros2_ws/install/andino_gz/share/andino_gz/local_setup.bash
-- Installing: /workspaces/ros2_dev_containers/simulation/ros2_ws/install/andino_gz/share/andino_gz/local_setup.sh
-- Installing: /workspaces/ros2_dev_containers/simulation/ros2_ws/install/andino_gz/share/andino_gz/local_setup.zsh
-- Installing: /workspaces/ros2_dev_containers/simulation/ros2_ws/install/andino_gz/share/andino_gz/local_setup.dsv
-- Installing: /workspaces/ros2_dev_containers/simulation/ros2_ws/install/andino_gz/share/andino_gz/package.dsv
-- Installing: /workspaces/ros2_dev_containers/simulation/ros2_ws/install/andino_gz/share/ament_index/resource_index/packages/andino_gz
-- Installing: /workspaces/ros2_dev_containers/simulation/ros2_ws/install/andino_gz/share/andino_gz/cmake/andino_gzConfig.cmake
-- Installing: /workspaces/ros2_dev_containers/simulation/ros2_ws/install/andino_gz/share/andino_gz/cmake/andino_gzConfig-version.cmake
-- Installing: /workspaces/ros2_dev_containers/simulation/ros2_ws/install/andino_gz/share/andino_gz/package.xml
