[0.362s] DEBUG:colcon:Command line arguments: ['/usr/bin/colcon', 'list', '-p', '--base-paths', '/home/lenovo/ros2_devcontainers/manipulation_ws']
[0.362s] DEBUG:colcon:Parsed command line arguments: Namespace(log_base=None, log_level=None, verb_name='list', build_base='build', ignore_user_meta=False, metas=['./colcon.meta'], base_paths=['/home/lenovo/ros2_devcontainers/manipulation_ws'], packages_ignore=None, packages_ignore_regex=None, paths=None, packages_up_to=None, packages_up_to_regex=None, packages_above=None, packages_above_and_dependencies=None, packages_above_depth=None, packages_select_by_dep=None, packages_skip_by_dep=None, packages_skip_up_to=None, packages_select_build_failed=False, packages_skip_build_finished=False, packages_select_test_failures=False, packages_skip_test_passed=False, packages_select=None, packages_skip=None, packages_select_regex=None, packages_skip_regex=None, packages_start=None, packages_end=None, allow_overriding=[], topological_order=False, names_only=False, paths_only=True, topological_graph=False, topological_graph_dot=False, topological_graph_density=False, topological_graph_legend=False, topological_graph_dot_cluster=False, topological_graph_dot_include_skipped=False, mixin_files=None, mixin=None, verb_parser=<colcon_mixin.mixin.mixin_argument.MixinArgumentDecorator object at 0x7b250268a3c0>, verb_extension=<colcon_package_information.verb.list.ListVerb object at 0x7b2502689190>, main=<bound method ListVerb.main of <colcon_package_information.verb.list.ListVerb object at 0x7b2502689190>>, mixin_verb=('list',))
[0.460s] Level 1:colcon.colcon_core.package_discovery:discover_packages(colcon_meta) check parameters
[0.460s] Level 1:colcon.colcon_core.package_discovery:discover_packages(recursive) check parameters
[0.460s] Level 1:colcon.colcon_core.package_discovery:discover_packages(ignore) check parameters
[0.460s] Level 1:colcon.colcon_core.package_discovery:discover_packages(path) check parameters
[0.460s] Level 1:colcon.colcon_core.package_discovery:discover_packages(recursive) discover
[0.461s] INFO:colcon.colcon_core.package_discovery:Crawling recursively for packages in '/home/lenovo/ros2_devcontainers/manipulation_ws'
[0.461s] Level 1:colcon.colcon_core.package_identification:_identify(/home/lenovo/ros2_devcontainers/manipulation_ws) by extensions ['ignore', 'ignore_ament_install']
[0.461s] Level 1:colcon.colcon_core.package_identification:_identify(/home/lenovo/ros2_devcontainers/manipulation_ws) by extension 'ignore'
[0.461s] Level 1:colcon.colcon_core.package_identification:_identify(/home/lenovo/ros2_devcontainers/manipulation_ws) by extension 'ignore_ament_install'
[0.462s] Level 1:colcon.colcon_core.package_identification:_identify(/home/lenovo/ros2_devcontainers/manipulation_ws) by extensions ['colcon_pkg']
[0.462s] Level 1:colcon.colcon_core.package_identification:_identify(/home/lenovo/ros2_devcontainers/manipulation_ws) by extension 'colcon_pkg'
[0.462s] Level 1:colcon.colcon_core.package_identification:_identify(/home/lenovo/ros2_devcontainers/manipulation_ws) by extensions ['colcon_meta']
[0.462s] Level 1:colcon.colcon_core.package_identification:_identify(/home/lenovo/ros2_devcontainers/manipulation_ws) by extension 'colcon_meta'
[0.462s] Level 1:colcon.colcon_core.package_identification:_identify(/home/lenovo/ros2_devcontainers/manipulation_ws) by extensions ['ros']
[0.462s] Level 1:colcon.colcon_core.package_identification:_identify(/home/lenovo/ros2_devcontainers/manipulation_ws) by extension 'ros'
[0.530s] Level 1:colcon.colcon_core.package_identification:_identify(/home/lenovo/ros2_devcontainers/manipulation_ws) by extensions ['cmake', 'python']
[0.530s] Level 1:colcon.colcon_core.package_identification:_identify(/home/lenovo/ros2_devcontainers/manipulation_ws) by extension 'cmake'
[0.530s] Level 1:colcon.colcon_core.package_identification:_identify(/home/lenovo/ros2_devcontainers/manipulation_ws) by extension 'python'
[0.530s] Level 1:colcon.colcon_core.package_identification:_identify(/home/lenovo/ros2_devcontainers/manipulation_ws) by extensions ['python_setup_py']
[0.530s] Level 1:colcon.colcon_core.package_identification:_identify(/home/lenovo/ros2_devcontainers/manipulation_ws) by extension 'python_setup_py'
[0.531s] Level 1:colcon.colcon_core.package_identification:_identify(/home/lenovo/ros2_devcontainers/manipulation_ws/log) by extensions ['ignore', 'ignore_ament_install']
[0.531s] Level 1:colcon.colcon_core.package_identification:_identify(/home/lenovo/ros2_devcontainers/manipulation_ws/log) by extension 'ignore'
[0.531s] Level 1:colcon.colcon_core.package_identification:_identify(/home/lenovo/ros2_devcontainers/manipulation_ws/log) ignored
[0.531s] Level 1:colcon.colcon_core.package_identification:_identify(/home/lenovo/ros2_devcontainers/manipulation_ws/src) by extensions ['ignore', 'ignore_ament_install']
[0.532s] Level 1:colcon.colcon_core.package_identification:_identify(/home/lenovo/ros2_devcontainers/manipulation_ws/src) by extension 'ignore'
[0.532s] Level 1:colcon.colcon_core.package_identification:_identify(/home/lenovo/ros2_devcontainers/manipulation_ws/src) by extension 'ignore_ament_install'
[0.532s] Level 1:colcon.colcon_core.package_identification:_identify(/home/lenovo/ros2_devcontainers/manipulation_ws/src) by extensions ['colcon_pkg']
[0.532s] Level 1:colcon.colcon_core.package_identification:_identify(/home/lenovo/ros2_devcontainers/manipulation_ws/src) by extension 'colcon_pkg'
[0.532s] Level 1:colcon.colcon_core.package_identification:_identify(/home/lenovo/ros2_devcontainers/manipulation_ws/src) by extensions ['colcon_meta']
[0.532s] Level 1:colcon.colcon_core.package_identification:_identify(/home/lenovo/ros2_devcontainers/manipulation_ws/src) by extension 'colcon_meta'
[0.532s] Level 1:colcon.colcon_core.package_identification:_identify(/home/lenovo/ros2_devcontainers/manipulation_ws/src) by extensions ['ros']
[0.533s] Level 1:colcon.colcon_core.package_identification:_identify(/home/lenovo/ros2_devcontainers/manipulation_ws/src) by extension 'ros'
[0.533s] Level 1:colcon.colcon_core.package_identification:_identify(/home/lenovo/ros2_devcontainers/manipulation_ws/src) by extensions ['cmake', 'python']
[0.533s] Level 1:colcon.colcon_core.package_identification:_identify(/home/lenovo/ros2_devcontainers/manipulation_ws/src) by extension 'cmake'
[0.533s] Level 1:colcon.colcon_core.package_identification:_identify(/home/lenovo/ros2_devcontainers/manipulation_ws/src) by extension 'python'
[0.533s] Level 1:colcon.colcon_core.package_identification:_identify(/home/lenovo/ros2_devcontainers/manipulation_ws/src) by extensions ['python_setup_py']
[0.533s] Level 1:colcon.colcon_core.package_identification:_identify(/home/lenovo/ros2_devcontainers/manipulation_ws/src) by extension 'python_setup_py'
[0.534s] Level 1:colcon.colcon_core.package_identification:_identify(/home/lenovo/ros2_devcontainers/manipulation_ws/src/moveit_resources) by extensions ['ignore', 'ignore_ament_install']
[0.534s] Level 1:colcon.colcon_core.package_identification:_identify(/home/lenovo/ros2_devcontainers/manipulation_ws/src/moveit_resources) by extension 'ignore'
[0.534s] Level 1:colcon.colcon_core.package_identification:_identify(/home/lenovo/ros2_devcontainers/manipulation_ws/src/moveit_resources) by extension 'ignore_ament_install'
[0.534s] Level 1:colcon.colcon_core.package_identification:_identify(/home/lenovo/ros2_devcontainers/manipulation_ws/src/moveit_resources) by extensions ['colcon_pkg']
[0.534s] Level 1:colcon.colcon_core.package_identification:_identify(/home/lenovo/ros2_devcontainers/manipulation_ws/src/moveit_resources) by extension 'colcon_pkg'
[0.534s] Level 1:colcon.colcon_core.package_identification:_identify(/home/lenovo/ros2_devcontainers/manipulation_ws/src/moveit_resources) by extensions ['colcon_meta']
[0.534s] Level 1:colcon.colcon_core.package_identification:_identify(/home/lenovo/ros2_devcontainers/manipulation_ws/src/moveit_resources) by extension 'colcon_meta'
[0.535s] Level 1:colcon.colcon_core.package_identification:_identify(/home/lenovo/ros2_devcontainers/manipulation_ws/src/moveit_resources) by extensions ['ros']
[0.535s] Level 1:colcon.colcon_core.package_identification:_identify(/home/lenovo/ros2_devcontainers/manipulation_ws/src/moveit_resources) by extension 'ros'
[0.535s] Level 1:colcon.colcon_core.package_identification:_identify(/home/lenovo/ros2_devcontainers/manipulation_ws/src/moveit_resources) by extensions ['cmake', 'python']
[0.535s] Level 1:colcon.colcon_core.package_identification:_identify(/home/lenovo/ros2_devcontainers/manipulation_ws/src/moveit_resources) by extension 'cmake'
[0.535s] Level 1:colcon.colcon_core.package_identification:_identify(/home/lenovo/ros2_devcontainers/manipulation_ws/src/moveit_resources) by extension 'python'
[0.535s] Level 1:colcon.colcon_core.package_identification:_identify(/home/lenovo/ros2_devcontainers/manipulation_ws/src/moveit_resources) by extensions ['python_setup_py']
[0.535s] Level 1:colcon.colcon_core.package_identification:_identify(/home/lenovo/ros2_devcontainers/manipulation_ws/src/moveit_resources) by extension 'python_setup_py'
[0.536s] Level 1:colcon.colcon_core.package_identification:_identify(/home/lenovo/ros2_devcontainers/manipulation_ws/src/moveit_resources/dual_arm_panda_moveit_config) by extensions ['ignore', 'ignore_ament_install']
[0.536s] Level 1:colcon.colcon_core.package_identification:_identify(/home/lenovo/ros2_devcontainers/manipulation_ws/src/moveit_resources/dual_arm_panda_moveit_config) by extension 'ignore'
[0.536s] Level 1:colcon.colcon_core.package_identification:_identify(/home/lenovo/ros2_devcontainers/manipulation_ws/src/moveit_resources/dual_arm_panda_moveit_config) by extension 'ignore_ament_install'
[0.536s] Level 1:colcon.colcon_core.package_identification:_identify(/home/lenovo/ros2_devcontainers/manipulation_ws/src/moveit_resources/dual_arm_panda_moveit_config) by extensions ['colcon_pkg']
[0.536s] Level 1:colcon.colcon_core.package_identification:_identify(/home/lenovo/ros2_devcontainers/manipulation_ws/src/moveit_resources/dual_arm_panda_moveit_config) by extension 'colcon_pkg'
[0.536s] Level 1:colcon.colcon_core.package_identification:_identify(/home/lenovo/ros2_devcontainers/manipulation_ws/src/moveit_resources/dual_arm_panda_moveit_config) by extensions ['colcon_meta']
[0.537s] Level 1:colcon.colcon_core.package_identification:_identify(/home/lenovo/ros2_devcontainers/manipulation_ws/src/moveit_resources/dual_arm_panda_moveit_config) by extension 'colcon_meta'
[0.537s] Level 1:colcon.colcon_core.package_identification:_identify(/home/lenovo/ros2_devcontainers/manipulation_ws/src/moveit_resources/dual_arm_panda_moveit_config) by extensions ['ros']
[0.537s] Level 1:colcon.colcon_core.package_identification:_identify(/home/lenovo/ros2_devcontainers/manipulation_ws/src/moveit_resources/dual_arm_panda_moveit_config) by extension 'ros'
[0.543s] DEBUG:colcon.colcon_core.package_identification:Package '/home/lenovo/ros2_devcontainers/manipulation_ws/src/moveit_resources/dual_arm_panda_moveit_config' with type 'ros.ament_cmake' and name 'dual_arm_panda_moveit_config'
[0.543s] Level 1:colcon.colcon_core.package_identification:_identify(/home/lenovo/ros2_devcontainers/manipulation_ws/src/moveit_resources/fanuc_description) by extensions ['ignore', 'ignore_ament_install']
[0.543s] Level 1:colcon.colcon_core.package_identification:_identify(/home/lenovo/ros2_devcontainers/manipulation_ws/src/moveit_resources/fanuc_description) by extension 'ignore'
[0.543s] Level 1:colcon.colcon_core.package_identification:_identify(/home/lenovo/ros2_devcontainers/manipulation_ws/src/moveit_resources/fanuc_description) by extension 'ignore_ament_install'
[0.544s] Level 1:colcon.colcon_core.package_identification:_identify(/home/lenovo/ros2_devcontainers/manipulation_ws/src/moveit_resources/fanuc_description) by extensions ['colcon_pkg']
[0.544s] Level 1:colcon.colcon_core.package_identification:_identify(/home/lenovo/ros2_devcontainers/manipulation_ws/src/moveit_resources/fanuc_description) by extension 'colcon_pkg'
[0.544s] Level 1:colcon.colcon_core.package_identification:_identify(/home/lenovo/ros2_devcontainers/manipulation_ws/src/moveit_resources/fanuc_description) by extensions ['colcon_meta']
[0.544s] Level 1:colcon.colcon_core.package_identification:_identify(/home/lenovo/ros2_devcontainers/manipulation_ws/src/moveit_resources/fanuc_description) by extension 'colcon_meta'
[0.544s] Level 1:colcon.colcon_core.package_identification:_identify(/home/lenovo/ros2_devcontainers/manipulation_ws/src/moveit_resources/fanuc_description) by extensions ['ros']
[0.544s] Level 1:colcon.colcon_core.package_identification:_identify(/home/lenovo/ros2_devcontainers/manipulation_ws/src/moveit_resources/fanuc_description) by extension 'ros'
[0.545s] DEBUG:colcon.colcon_core.package_identification:Package '/home/lenovo/ros2_devcontainers/manipulation_ws/src/moveit_resources/fanuc_description' with type 'ros.ament_cmake' and name 'moveit_resources_fanuc_description'
[0.546s] Level 1:colcon.colcon_core.package_identification:_identify(/home/lenovo/ros2_devcontainers/manipulation_ws/src/moveit_resources/fanuc_moveit_config) by extensions ['ignore', 'ignore_ament_install']
[0.546s] Level 1:colcon.colcon_core.package_identification:_identify(/home/lenovo/ros2_devcontainers/manipulation_ws/src/moveit_resources/fanuc_moveit_config) by extension 'ignore'
[0.546s] Level 1:colcon.colcon_core.package_identification:_identify(/home/lenovo/ros2_devcontainers/manipulation_ws/src/moveit_resources/fanuc_moveit_config) by extension 'ignore_ament_install'
[0.546s] Level 1:colcon.colcon_core.package_identification:_identify(/home/lenovo/ros2_devcontainers/manipulation_ws/src/moveit_resources/fanuc_moveit_config) by extensions ['colcon_pkg']
[0.546s] Level 1:colcon.colcon_core.package_identification:_identify(/home/lenovo/ros2_devcontainers/manipulation_ws/src/moveit_resources/fanuc_moveit_config) by extension 'colcon_pkg'
[0.546s] Level 1:colcon.colcon_core.package_identification:_identify(/home/lenovo/ros2_devcontainers/manipulation_ws/src/moveit_resources/fanuc_moveit_config) by extensions ['colcon_meta']
[0.547s] Level 1:colcon.colcon_core.package_identification:_identify(/home/lenovo/ros2_devcontainers/manipulation_ws/src/moveit_resources/fanuc_moveit_config) by extension 'colcon_meta'
[0.547s] Level 1:colcon.colcon_core.package_identification:_identify(/home/lenovo/ros2_devcontainers/manipulation_ws/src/moveit_resources/fanuc_moveit_config) by extensions ['ros']
[0.547s] Level 1:colcon.colcon_core.package_identification:_identify(/home/lenovo/ros2_devcontainers/manipulation_ws/src/moveit_resources/fanuc_moveit_config) by extension 'ros'
[0.549s] DEBUG:colcon.colcon_core.package_identification:Package '/home/lenovo/ros2_devcontainers/manipulation_ws/src/moveit_resources/fanuc_moveit_config' with type 'ros.ament_cmake' and name 'moveit_resources_fanuc_moveit_config'
[0.549s] Level 1:colcon.colcon_core.package_identification:_identify(/home/lenovo/ros2_devcontainers/manipulation_ws/src/moveit_resources/moveit_resources) by extensions ['ignore', 'ignore_ament_install']
[0.549s] Level 1:colcon.colcon_core.package_identification:_identify(/home/lenovo/ros2_devcontainers/manipulation_ws/src/moveit_resources/moveit_resources) by extension 'ignore'
[0.550s] Level 1:colcon.colcon_core.package_identification:_identify(/home/lenovo/ros2_devcontainers/manipulation_ws/src/moveit_resources/moveit_resources) by extension 'ignore_ament_install'
[0.550s] Level 1:colcon.colcon_core.package_identification:_identify(/home/lenovo/ros2_devcontainers/manipulation_ws/src/moveit_resources/moveit_resources) by extensions ['colcon_pkg']
[0.550s] Level 1:colcon.colcon_core.package_identification:_identify(/home/lenovo/ros2_devcontainers/manipulation_ws/src/moveit_resources/moveit_resources) by extension 'colcon_pkg'
[0.550s] Level 1:colcon.colcon_core.package_identification:_identify(/home/lenovo/ros2_devcontainers/manipulation_ws/src/moveit_resources/moveit_resources) by extensions ['colcon_meta']
[0.550s] Level 1:colcon.colcon_core.package_identification:_identify(/home/lenovo/ros2_devcontainers/manipulation_ws/src/moveit_resources/moveit_resources) by extension 'colcon_meta'
[0.550s] Level 1:colcon.colcon_core.package_identification:_identify(/home/lenovo/ros2_devcontainers/manipulation_ws/src/moveit_resources/moveit_resources) by extensions ['ros']
[0.550s] Level 1:colcon.colcon_core.package_identification:_identify(/home/lenovo/ros2_devcontainers/manipulation_ws/src/moveit_resources/moveit_resources) by extension 'ros'
[0.552s] DEBUG:colcon.colcon_core.package_identification:Package '/home/lenovo/ros2_devcontainers/manipulation_ws/src/moveit_resources/moveit_resources' with type 'ros.ament_cmake' and name 'moveit_resources'
[0.552s] Level 1:colcon.colcon_core.package_identification:_identify(/home/lenovo/ros2_devcontainers/manipulation_ws/src/moveit_resources/panda_description) by extensions ['ignore', 'ignore_ament_install']
[0.552s] Level 1:colcon.colcon_core.package_identification:_identify(/home/lenovo/ros2_devcontainers/manipulation_ws/src/moveit_resources/panda_description) by extension 'ignore'
[0.552s] Level 1:colcon.colcon_core.package_identification:_identify(/home/lenovo/ros2_devcontainers/manipulation_ws/src/moveit_resources/panda_description) by extension 'ignore_ament_install'
[0.553s] Level 1:colcon.colcon_core.package_identification:_identify(/home/lenovo/ros2_devcontainers/manipulation_ws/src/moveit_resources/panda_description) by extensions ['colcon_pkg']
[0.553s] Level 1:colcon.colcon_core.package_identification:_identify(/home/lenovo/ros2_devcontainers/manipulation_ws/src/moveit_resources/panda_description) by extension 'colcon_pkg'
[0.553s] Level 1:colcon.colcon_core.package_identification:_identify(/home/lenovo/ros2_devcontainers/manipulation_ws/src/moveit_resources/panda_description) by extensions ['colcon_meta']
[0.553s] Level 1:colcon.colcon_core.package_identification:_identify(/home/lenovo/ros2_devcontainers/manipulation_ws/src/moveit_resources/panda_description) by extension 'colcon_meta'
[0.553s] Level 1:colcon.colcon_core.package_identification:_identify(/home/lenovo/ros2_devcontainers/manipulation_ws/src/moveit_resources/panda_description) by extensions ['ros']
[0.553s] Level 1:colcon.colcon_core.package_identification:_identify(/home/lenovo/ros2_devcontainers/manipulation_ws/src/moveit_resources/panda_description) by extension 'ros'
[0.554s] DEBUG:colcon.colcon_core.package_identification:Package '/home/lenovo/ros2_devcontainers/manipulation_ws/src/moveit_resources/panda_description' with type 'ros.ament_cmake' and name 'moveit_resources_panda_description'
[0.555s] Level 1:colcon.colcon_core.package_identification:_identify(/home/lenovo/ros2_devcontainers/manipulation_ws/src/moveit_resources/panda_moveit_config) by extensions ['ignore', 'ignore_ament_install']
[0.555s] Level 1:colcon.colcon_core.package_identification:_identify(/home/lenovo/ros2_devcontainers/manipulation_ws/src/moveit_resources/panda_moveit_config) by extension 'ignore'
[0.555s] Level 1:colcon.colcon_core.package_identification:_identify(/home/lenovo/ros2_devcontainers/manipulation_ws/src/moveit_resources/panda_moveit_config) by extension 'ignore_ament_install'
[0.555s] Level 1:colcon.colcon_core.package_identification:_identify(/home/lenovo/ros2_devcontainers/manipulation_ws/src/moveit_resources/panda_moveit_config) by extensions ['colcon_pkg']
[0.555s] Level 1:colcon.colcon_core.package_identification:_identify(/home/lenovo/ros2_devcontainers/manipulation_ws/src/moveit_resources/panda_moveit_config) by extension 'colcon_pkg'
[0.555s] Level 1:colcon.colcon_core.package_identification:_identify(/home/lenovo/ros2_devcontainers/manipulation_ws/src/moveit_resources/panda_moveit_config) by extensions ['colcon_meta']
[0.556s] Level 1:colcon.colcon_core.package_identification:_identify(/home/lenovo/ros2_devcontainers/manipulation_ws/src/moveit_resources/panda_moveit_config) by extension 'colcon_meta'
[0.556s] Level 1:colcon.colcon_core.package_identification:_identify(/home/lenovo/ros2_devcontainers/manipulation_ws/src/moveit_resources/panda_moveit_config) by extensions ['ros']
[0.556s] Level 1:colcon.colcon_core.package_identification:_identify(/home/lenovo/ros2_devcontainers/manipulation_ws/src/moveit_resources/panda_moveit_config) by extension 'ros'
[0.557s] DEBUG:colcon.colcon_core.package_identification:Package '/home/lenovo/ros2_devcontainers/manipulation_ws/src/moveit_resources/panda_moveit_config' with type 'ros.ament_cmake' and name 'moveit_resources_panda_moveit_config'
[0.557s] Level 1:colcon.colcon_core.package_identification:_identify(/home/lenovo/ros2_devcontainers/manipulation_ws/src/moveit_resources/pr2_description) by extensions ['ignore', 'ignore_ament_install']
[0.558s] Level 1:colcon.colcon_core.package_identification:_identify(/home/lenovo/ros2_devcontainers/manipulation_ws/src/moveit_resources/pr2_description) by extension 'ignore'
[0.558s] Level 1:colcon.colcon_core.package_identification:_identify(/home/lenovo/ros2_devcontainers/manipulation_ws/src/moveit_resources/pr2_description) by extension 'ignore_ament_install'
[0.558s] Level 1:colcon.colcon_core.package_identification:_identify(/home/lenovo/ros2_devcontainers/manipulation_ws/src/moveit_resources/pr2_description) by extensions ['colcon_pkg']
[0.558s] Level 1:colcon.colcon_core.package_identification:_identify(/home/lenovo/ros2_devcontainers/manipulation_ws/src/moveit_resources/pr2_description) by extension 'colcon_pkg'
[0.558s] Level 1:colcon.colcon_core.package_identification:_identify(/home/lenovo/ros2_devcontainers/manipulation_ws/src/moveit_resources/pr2_description) by extensions ['colcon_meta']
[0.558s] Level 1:colcon.colcon_core.package_identification:_identify(/home/lenovo/ros2_devcontainers/manipulation_ws/src/moveit_resources/pr2_description) by extension 'colcon_meta'
[0.558s] Level 1:colcon.colcon_core.package_identification:_identify(/home/lenovo/ros2_devcontainers/manipulation_ws/src/moveit_resources/pr2_description) by extensions ['ros']
[0.558s] Level 1:colcon.colcon_core.package_identification:_identify(/home/lenovo/ros2_devcontainers/manipulation_ws/src/moveit_resources/pr2_description) by extension 'ros'
[0.560s] DEBUG:colcon.colcon_core.package_identification:Package '/home/lenovo/ros2_devcontainers/manipulation_ws/src/moveit_resources/pr2_description' with type 'ros.ament_cmake' and name 'moveit_resources_pr2_description'
[0.560s] Level 1:colcon.colcon_core.package_discovery:discover_packages(recursive) using defaults
