[ 28%] Built target motor_driver
[ 57%] Built target motor_driver_demo
[100%] Built target diffdrive_andino
-- Install configuration: ""
-- Up-to-date: /workspaces/ros2_dev_containers/simulation/ros2_ws/install/andino_base/share/andino_base/andino_hw.xml
-- Up-to-date: /workspaces/ros2_dev_containers/simulation/ros2_ws/install/andino_base/share/ament_index/resource_index/package_run_dependencies/andino_base
-- Up-to-date: /workspaces/ros2_dev_containers/simulation/ros2_ws/install/andino_base/share/ament_index/resource_index/parent_prefix_path/andino_base
-- Up-to-date: /workspaces/ros2_dev_containers/simulation/ros2_ws/install/andino_base/share/andino_base/environment/ament_prefix_path.sh
-- Up-to-date: /workspaces/ros2_dev_containers/simulation/ros2_ws/install/andino_base/share/andino_base/environment/ament_prefix_path.dsv
-- Up-to-date: /workspaces/ros2_dev_containers/simulation/ros2_ws/install/andino_base/share/andino_base/environment/path.sh
-- Up-to-date: /workspaces/ros2_dev_containers/simulation/ros2_ws/install/andino_base/share/andino_base/environment/path.dsv
-- Up-to-date: /workspaces/ros2_dev_containers/simulation/ros2_ws/install/andino_base/share/andino_base/local_setup.bash
-- Up-to-date: /workspaces/ros2_dev_containers/simulation/ros2_ws/install/andino_base/share/andino_base/local_setup.sh
-- Up-to-date: /workspaces/ros2_dev_containers/simulation/ros2_ws/install/andino_base/share/andino_base/local_setup.zsh
-- Up-to-date: /workspaces/ros2_dev_containers/simulation/ros2_ws/install/andino_base/share/andino_base/local_setup.dsv
-- Installing: /workspaces/ros2_dev_containers/simulation/ros2_ws/install/andino_base/share/andino_base/package.dsv
-- Up-to-date: /workspaces/ros2_dev_containers/simulation/ros2_ws/install/andino_base/share/ament_index/resource_index/packages/andino_base
-- Up-to-date: /workspaces/ros2_dev_containers/simulation/ros2_ws/install/andino_base/share/ament_index/resource_index/hardware_interface__pluginlib__plugin/andino_base
-- Up-to-date: /workspaces/ros2_dev_containers/simulation/ros2_ws/install/andino_base/share/andino_base/cmake/andino_baseConfig.cmake
-- Up-to-date: /workspaces/ros2_dev_containers/simulation/ros2_ws/install/andino_base/share/andino_base/cmake/andino_baseConfig-version.cmake
-- Up-to-date: /workspaces/ros2_dev_containers/simulation/ros2_ws/install/andino_base/share/andino_base/package.xml
-- Up-to-date: /workspaces/ros2_dev_containers/simulation/ros2_ws/install/andino_base/bin/motor_driver_demo
-- Up-to-date: /workspaces/ros2_dev_containers/simulation/ros2_ws/install/andino_base/lib/libdiffdrive_andino.so
-- Up-to-date: /workspaces/ros2_dev_containers/simulation/ros2_ws/install/andino_base/lib/libmotor_driver.so
-- Up-to-date: /workspaces/ros2_dev_containers/simulation/ros2_ws/install/andino_base/share/andino_base/environment/library_path.sh
-- Up-to-date: /workspaces/ros2_dev_containers/simulation/ros2_ws/install/andino_base/share/andino_base/environment/library_path.dsv
