[0.077s] Invoking command in '/workspaces/manipulation_ws/build/moveit_resources_panda_description': CMAKE_PREFIX_PATH=${CMAKE_PREFIX_PATH}:/opt/ros/jazzy /usr/bin/cmake --build /workspaces/manipulation_ws/build/moveit_resources_panda_description -- -j4 -l4
[0.302s] Invoked command in '/workspaces/manipulation_ws/build/moveit_resources_panda_description' returned '0': CMAKE_PREFIX_PATH=${CMAKE_PREFIX_PATH}:/opt/ros/jazzy /usr/bin/cmake --build /workspaces/manipulation_ws/build/moveit_resources_panda_description -- -j4 -l4
[0.308s] Invoking command in '/workspaces/manipulation_ws/build/moveit_resources_panda_description': CMAKE_PREFIX_PATH=${CMAKE_PREFIX_PATH}:/opt/ros/jazzy /usr/bin/cmake --install /workspaces/manipulation_ws/build/moveit_resources_panda_description
[0.405s] -- Install configuration: ""
[0.405s] -- Up-to-date: /workspaces/manipulation_ws/install/moveit_resources_panda_description/share/ament_index/resource_index/package_run_dependencies/moveit_resources_panda_description
[0.413s] -- Up-to-date: /workspaces/manipulation_ws/install/moveit_resources_panda_description/share/ament_index/resource_index/parent_prefix_path/moveit_resources_panda_description
[0.414s] -- Up-to-date: /workspaces/manipulation_ws/install/moveit_resources_panda_description/share/moveit_resources_panda_description/environment/ament_prefix_path.sh
[0.419s] -- Up-to-date: /workspaces/manipulation_ws/install/moveit_resources_panda_description/share/moveit_resources_panda_description/environment/ament_prefix_path.dsv
[0.420s] -- Up-to-date: /workspaces/manipulation_ws/install/moveit_resources_panda_description/share/moveit_resources_panda_description/environment/path.sh
[0.420s] -- Up-to-date: /workspaces/manipulation_ws/install/moveit_resources_panda_description/share/moveit_resources_panda_description/environment/path.dsv
[0.420s] -- Up-to-date: /workspaces/manipulation_ws/install/moveit_resources_panda_description/share/moveit_resources_panda_description/local_setup.bash
[0.420s] -- Up-to-date: /workspaces/manipulation_ws/install/moveit_resources_panda_description/share/moveit_resources_panda_description/local_setup.sh
[0.421s] -- Up-to-date: /workspaces/manipulation_ws/install/moveit_resources_panda_description/share/moveit_resources_panda_description/local_setup.zsh
[0.421s] -- Up-to-date: /workspaces/manipulation_ws/install/moveit_resources_panda_description/share/moveit_resources_panda_description/local_setup.dsv
[0.421s] -- Installing: /workspaces/manipulation_ws/install/moveit_resources_panda_description/share/moveit_resources_panda_description/package.dsv
[0.447s] -- Up-to-date: /workspaces/manipulation_ws/install/moveit_resources_panda_description/share/ament_index/resource_index/packages/moveit_resources_panda_description
[0.447s] -- Up-to-date: /workspaces/manipulation_ws/install/moveit_resources_panda_description/share/moveit_resources_panda_description/cmake/moveit_resources_panda_descriptionConfig.cmake
[0.449s] -- Up-to-date: /workspaces/manipulation_ws/install/moveit_resources_panda_description/share/moveit_resources_panda_description/cmake/moveit_resources_panda_descriptionConfig-version.cmake
[0.449s] -- Up-to-date: /workspaces/manipulation_ws/install/moveit_resources_panda_description/share/moveit_resources_panda_description/package.xml
[0.450s] -- Up-to-date: /workspaces/manipulation_ws/install/moveit_resources_panda_description/share/moveit_resources_panda_description/meshes
[0.450s] -- Up-to-date: /workspaces/manipulation_ws/install/moveit_resources_panda_description/share/moveit_resources_panda_description/meshes/visual
[0.450s] -- Up-to-date: /workspaces/manipulation_ws/install/moveit_resources_panda_description/share/moveit_resources_panda_description/meshes/visual/finger.dae
[0.450s] -- Up-to-date: /workspaces/manipulation_ws/install/moveit_resources_panda_description/share/moveit_resources_panda_description/meshes/visual/hand.dae
[0.461s] -- Up-to-date: /workspaces/manipulation_ws/install/moveit_resources_panda_description/share/moveit_resources_panda_description/meshes/visual/link3.dae
[0.462s] -- Up-to-date: /workspaces/manipulation_ws/install/moveit_resources_panda_description/share/moveit_resources_panda_description/meshes/visual/link2.dae
[0.462s] -- Up-to-date: /workspaces/manipulation_ws/install/moveit_resources_panda_description/share/moveit_resources_panda_description/meshes/visual/link5.dae
[0.462s] -- Up-to-date: /workspaces/manipulation_ws/install/moveit_resources_panda_description/share/moveit_resources_panda_description/meshes/visual/link6.dae
[0.465s] -- Up-to-date: /workspaces/manipulation_ws/install/moveit_resources_panda_description/share/moveit_resources_panda_description/meshes/visual/link1.dae
[0.466s] -- Up-to-date: /workspaces/manipulation_ws/install/moveit_resources_panda_description/share/moveit_resources_panda_description/meshes/visual/link0.dae
[0.466s] -- Up-to-date: /workspaces/manipulation_ws/install/moveit_resources_panda_description/share/moveit_resources_panda_description/meshes/visual/link4.dae
[0.466s] -- Up-to-date: /workspaces/manipulation_ws/install/moveit_resources_panda_description/share/moveit_resources_panda_description/meshes/visual/link7.dae
[0.466s] -- Up-to-date: /workspaces/manipulation_ws/install/moveit_resources_panda_description/share/moveit_resources_panda_description/meshes/collision
[0.473s] -- Up-to-date: /workspaces/manipulation_ws/install/moveit_resources_panda_description/share/moveit_resources_panda_description/meshes/collision/link5.stl
[0.474s] -- Up-to-date: /workspaces/manipulation_ws/install/moveit_resources_panda_description/share/moveit_resources_panda_description/meshes/collision/link6.stl
[0.474s] -- Up-to-date: /workspaces/manipulation_ws/install/moveit_resources_panda_description/share/moveit_resources_panda_description/meshes/collision/link1.stl
[0.474s] -- Up-to-date: /workspaces/manipulation_ws/install/moveit_resources_panda_description/share/moveit_resources_panda_description/meshes/collision/link4.stl
[0.491s] -- Up-to-date: /workspaces/manipulation_ws/install/moveit_resources_panda_description/share/moveit_resources_panda_description/meshes/collision/link2.stl
[0.491s] -- Up-to-date: /workspaces/manipulation_ws/install/moveit_resources_panda_description/share/moveit_resources_panda_description/meshes/collision/link0.stl
[0.495s] -- Up-to-date: /workspaces/manipulation_ws/install/moveit_resources_panda_description/share/moveit_resources_panda_description/meshes/collision/link7.stl
[0.495s] -- Up-to-date: /workspaces/manipulation_ws/install/moveit_resources_panda_description/share/moveit_resources_panda_description/meshes/collision/link3.stl
[0.498s] -- Up-to-date: /workspaces/manipulation_ws/install/moveit_resources_panda_description/share/moveit_resources_panda_description/meshes/collision/finger.stl
[0.522s] -- Up-to-date: /workspaces/manipulation_ws/install/moveit_resources_panda_description/share/moveit_resources_panda_description/meshes/collision/hand.stl
[0.537s] -- Up-to-date: /workspaces/manipulation_ws/install/moveit_resources_panda_description/share/moveit_resources_panda_description/urdf
[0.538s] -- Up-to-date: /workspaces/manipulation_ws/install/moveit_resources_panda_description/share/moveit_resources_panda_description/urdf/panda.urdf.xacro
[0.538s] -- Up-to-date: /workspaces/manipulation_ws/install/moveit_resources_panda_description/share/moveit_resources_panda_description/urdf/panda.urdf
[0.688s] Invoked command in '/workspaces/manipulation_ws/build/moveit_resources_panda_description' returned '0': CMAKE_PREFIX_PATH=${CMAKE_PREFIX_PATH}:/opt/ros/jazzy /usr/bin/cmake --install /workspaces/manipulation_ws/build/moveit_resources_panda_description
