[0.007s] Invoking command in '/workspaces/ros2_dev_containers/simulation/ros2_ws/build/andino_gz': AMENT_PREFIX_PATH=/workspaces/ros2_dev_containers/simulation/ros2_ws/install/andino_slam:/workspaces/ros2_dev_containers/simulation/ros2_ws/install/andino_description:${AMENT_PREFIX_PATH} CMAKE_PREFIX_PATH=/workspaces/ros2_dev_containers/simulation/ros2_ws/install/andino_slam:/workspaces/ros2_dev_containers/simulation/ros2_ws/install/andino_description:/opt/ros/jazzy/opt/gz_sim_vendor:/opt/ros/jazzy/opt/gz_sensors_vendor:/opt/ros/jazzy/opt/gz_physics_vendor:/opt/ros/jazzy/opt/sdformat_vendor:/opt/ros/jazzy/opt/gz_gui_vendor:/opt/ros/jazzy/opt/gz_transport_vendor:/opt/ros/jazzy/opt/gz_rendering_vendor:/opt/ros/jazzy/opt/gz_plugin_vendor:/opt/ros/jazzy/opt/gz_fuel_tools_vendor:/opt/ros/jazzy/opt/gz_msgs_vendor:/opt/ros/jazzy/opt/gz_common_vendor:/opt/ros/jazzy/opt/gz_math_vendor:/opt/ros/jazzy/opt/gz_utils_vendor:/opt/ros/jazzy/opt/gz_tools_vendor:/opt/ros/jazzy/opt/gz_ogre_next_vendor:/opt/ros/jazzy/opt/gz_dartsim_vendor:/opt/ros/jazzy/opt/gz_cmake_vendor:/opt/ros/jazzy /usr/bin/cmake --build /workspaces/ros2_dev_containers/simulation/ros2_ws/build/andino_gz -- -j8 -l8
[0.041s] -- Found ament_cmake: 2.5.4 (/opt/ros/jazzy/share/ament_cmake/cmake)
[0.400s] -- Configuring done (0.4s)
[0.406s] -- Generating done (0.0s)
[0.409s] -- Build files have been written to: /workspaces/ros2_dev_containers/simulation/ros2_ws/build/andino_gz
[0.441s] Built target ament_cmake_python_copy_andino_gz
[0.648s] running egg_info
[0.665s] writing andino_gz.egg-info/PKG-INFO
[0.665s] writing dependency_links to andino_gz.egg-info/dependency_links.txt
[0.665s] writing top-level names to andino_gz.egg-info/top_level.txt
[0.713s] reading manifest file 'andino_gz.egg-info/SOURCES.txt'
[0.714s] writing manifest file 'andino_gz.egg-info/SOURCES.txt'
[0.734s] Built target ament_cmake_python_build_andino_gz_egg
[0.743s] Invoked command in '/workspaces/ros2_dev_containers/simulation/ros2_ws/build/andino_gz' returned '0': AMENT_PREFIX_PATH=/workspaces/ros2_dev_containers/simulation/ros2_ws/install/andino_slam:/workspaces/ros2_dev_containers/simulation/ros2_ws/install/andino_description:${AMENT_PREFIX_PATH} CMAKE_PREFIX_PATH=/workspaces/ros2_dev_containers/simulation/ros2_ws/install/andino_slam:/workspaces/ros2_dev_containers/simulation/ros2_ws/install/andino_description:/opt/ros/jazzy/opt/gz_sim_vendor:/opt/ros/jazzy/opt/gz_sensors_vendor:/opt/ros/jazzy/opt/gz_physics_vendor:/opt/ros/jazzy/opt/sdformat_vendor:/opt/ros/jazzy/opt/gz_gui_vendor:/opt/ros/jazzy/opt/gz_transport_vendor:/opt/ros/jazzy/opt/gz_rendering_vendor:/opt/ros/jazzy/opt/gz_plugin_vendor:/opt/ros/jazzy/opt/gz_fuel_tools_vendor:/opt/ros/jazzy/opt/gz_msgs_vendor:/opt/ros/jazzy/opt/gz_common_vendor:/opt/ros/jazzy/opt/gz_math_vendor:/opt/ros/jazzy/opt/gz_utils_vendor:/opt/ros/jazzy/opt/gz_tools_vendor:/opt/ros/jazzy/opt/gz_ogre_next_vendor:/opt/ros/jazzy/opt/gz_dartsim_vendor:/opt/ros/jazzy/opt/gz_cmake_vendor:/opt/ros/jazzy /usr/bin/cmake --build /workspaces/ros2_dev_containers/simulation/ros2_ws/build/andino_gz -- -j8 -l8
[0.744s] Invoking command in '/workspaces/ros2_dev_containers/simulation/ros2_ws/build/andino_gz': AMENT_PREFIX_PATH=/workspaces/ros2_dev_containers/simulation/ros2_ws/install/andino_slam:/workspaces/ros2_dev_containers/simulation/ros2_ws/install/andino_description:${AMENT_PREFIX_PATH} CMAKE_PREFIX_PATH=/workspaces/ros2_dev_containers/simulation/ros2_ws/install/andino_slam:/workspaces/ros2_dev_containers/simulation/ros2_ws/install/andino_description:/opt/ros/jazzy/opt/gz_sim_vendor:/opt/ros/jazzy/opt/gz_sensors_vendor:/opt/ros/jazzy/opt/gz_physics_vendor:/opt/ros/jazzy/opt/sdformat_vendor:/opt/ros/jazzy/opt/gz_gui_vendor:/opt/ros/jazzy/opt/gz_transport_vendor:/opt/ros/jazzy/opt/gz_rendering_vendor:/opt/ros/jazzy/opt/gz_plugin_vendor:/opt/ros/jazzy/opt/gz_fuel_tools_vendor:/opt/ros/jazzy/opt/gz_msgs_vendor:/opt/ros/jazzy/opt/gz_common_vendor:/opt/ros/jazzy/opt/gz_math_vendor:/opt/ros/jazzy/opt/gz_utils_vendor:/opt/ros/jazzy/opt/gz_tools_vendor:/opt/ros/jazzy/opt/gz_ogre_next_vendor:/opt/ros/jazzy/opt/gz_dartsim_vendor:/opt/ros/jazzy/opt/gz_cmake_vendor:/opt/ros/jazzy /usr/bin/cmake --install /workspaces/ros2_dev_containers/simulation/ros2_ws/build/andino_gz
[0.750s] -- Install configuration: ""
[0.750s] -- Up-to-date: /workspaces/ros2_dev_containers/simulation/ros2_ws/install/andino_gz/share/andino_gz/environment/pythonpath.sh
[0.750s] -- Up-to-date: /workspaces/ros2_dev_containers/simulation/ros2_ws/install/andino_gz/share/andino_gz/environment/pythonpath.dsv
[0.750s] -- Up-to-date: /workspaces/ros2_dev_containers/simulation/ros2_ws/install/andino_gz/lib/python3.12/site-packages/andino_gz-0.1.1-py3.12.egg-info
[0.751s] -- Installing: /workspaces/ros2_dev_containers/simulation/ros2_ws/install/andino_gz/lib/python3.12/site-packages/andino_gz-0.1.1-py3.12.egg-info/dependency_links.txt
[0.751s] -- Installing: /workspaces/ros2_dev_containers/simulation/ros2_ws/install/andino_gz/lib/python3.12/site-packages/andino_gz-0.1.1-py3.12.egg-info/PKG-INFO
[0.751s] -- Installing: /workspaces/ros2_dev_containers/simulation/ros2_ws/install/andino_gz/lib/python3.12/site-packages/andino_gz-0.1.1-py3.12.egg-info/SOURCES.txt
[0.751s] -- Installing: /workspaces/ros2_dev_containers/simulation/ros2_ws/install/andino_gz/lib/python3.12/site-packages/andino_gz-0.1.1-py3.12.egg-info/top_level.txt
[0.751s] -- Up-to-date: /workspaces/ros2_dev_containers/simulation/ros2_ws/install/andino_gz/lib/python3.12/site-packages/andino_gz
[0.751s] -- Installing: /workspaces/ros2_dev_containers/simulation/ros2_ws/install/andino_gz/lib/python3.12/site-packages/andino_gz/__init__.py
[0.751s] -- Up-to-date: /workspaces/ros2_dev_containers/simulation/ros2_ws/install/andino_gz/lib/python3.12/site-packages/andino_gz/launch_tools
[0.751s] -- Installing: /workspaces/ros2_dev_containers/simulation/ros2_ws/install/andino_gz/lib/python3.12/site-packages/andino_gz/launch_tools/__init__.py
[0.751s] -- Installing: /workspaces/ros2_dev_containers/simulation/ros2_ws/install/andino_gz/lib/python3.12/site-packages/andino_gz/launch_tools/substitutions.py
[0.781s] Listing '/workspaces/ros2_dev_containers/simulation/ros2_ws/install/andino_gz/lib/python3.12/site-packages/andino_gz'...
[0.781s] Listing '/workspaces/ros2_dev_containers/simulation/ros2_ws/install/andino_gz/lib/python3.12/site-packages/andino_gz/launch_tools'...
[0.785s] -- Up-to-date: /workspaces/ros2_dev_containers/simulation/ros2_ws/install/andino_gz/share/andino_gz//config
[0.785s] -- Installing: /workspaces/ros2_dev_containers/simulation/ros2_ws/install/andino_gz/share/andino_gz//config/nav2_params.yaml
[0.785s] -- Installing: /workspaces/ros2_dev_containers/simulation/ros2_ws/install/andino_gz/share/andino_gz//config/bridge_config.yaml
[0.785s] -- Up-to-date: /workspaces/ros2_dev_containers/simulation/ros2_ws/install/andino_gz/share/andino_gz//config_gui
[0.785s] -- Installing: /workspaces/ros2_dev_containers/simulation/ros2_ws/install/andino_gz/share/andino_gz//config_gui/default.config
[0.785s] -- Up-to-date: /workspaces/ros2_dev_containers/simulation/ros2_ws/install/andino_gz/share/andino_gz//models
[0.786s] -- Up-to-date: /workspaces/ros2_dev_containers/simulation/ros2_ws/install/andino_gz/share/andino_gz//models/office
[0.786s] -- Up-to-date: /workspaces/ros2_dev_containers/simulation/ros2_ws/install/andino_gz/share/andino_gz//models/office/materials
[0.786s] -- Up-to-date: /workspaces/ros2_dev_containers/simulation/ros2_ws/install/andino_gz/share/andino_gz//models/office/materials/textures
[0.786s] -- Up-to-date: /workspaces/ros2_dev_containers/simulation/ros2_ws/install/andino_gz/share/andino_gz//models/office/materials/textures/tiles
[0.786s] -- Installing: /workspaces/ros2_dev_containers/simulation/ros2_ws/install/andino_gz/share/andino_gz//models/office/materials/textures/tiles/Tiles054_1K-JPG_NormalDX.jpg
[0.789s] -- Installing: /workspaces/ros2_dev_containers/simulation/ros2_ws/install/andino_gz/share/andino_gz//models/office/materials/textures/tiles/Tiles054_1K-JPG_Color.jpg
[0.791s] -- Installing: /workspaces/ros2_dev_containers/simulation/ros2_ws/install/andino_gz/share/andino_gz//models/office/materials/textures/tiles/Tiles054_1K-JPG_Roughness.jpg
[0.793s] -- Up-to-date: /workspaces/ros2_dev_containers/simulation/ros2_ws/install/andino_gz/share/andino_gz//models/office/materials/textures/walls
[0.793s] -- Installing: /workspaces/ros2_dev_containers/simulation/ros2_ws/install/andino_gz/share/andino_gz//models/office/materials/textures/walls/macro_flour_nor_gl_4k.exr
[0.837s] -- Installing: /workspaces/ros2_dev_containers/simulation/ros2_ws/install/andino_gz/share/andino_gz//models/office/materials/textures/walls/macro_flour_diff_4k.jpg
[0.850s] -- Installing: /workspaces/ros2_dev_containers/simulation/ros2_ws/install/andino_gz/share/andino_gz//models/office/materials/textures/walls/macro_flour_rough_4k.exr
[0.859s] -- Up-to-date: /workspaces/ros2_dev_containers/simulation/ros2_ws/install/andino_gz/share/andino_gz//models/office/materials/textures/wood
[0.859s] -- Installing: /workspaces/ros2_dev_containers/simulation/ros2_ws/install/andino_gz/share/andino_gz//models/office/materials/textures/wood/wood_floor_diff_4k.jpg
[0.872s] -- Installing: /workspaces/ros2_dev_containers/simulation/ros2_ws/install/andino_gz/share/andino_gz//models/office/materials/textures/wood/wood_floor_nor_gl_4k.exr
[0.890s] -- Installing: /workspaces/ros2_dev_containers/simulation/ros2_ws/install/andino_gz/share/andino_gz//models/office/materials/textures/wood/wood_floor_rough_4k.exr
[0.901s] -- Installing: /workspaces/ros2_dev_containers/simulation/ros2_ws/install/andino_gz/share/andino_gz//models/office/model.config
[0.901s] -- Up-to-date: /workspaces/ros2_dev_containers/simulation/ros2_ws/install/andino_gz/share/andino_gz//models/office/meshes
[0.902s] -- Installing: /workspaces/ros2_dev_containers/simulation/ros2_ws/install/andino_gz/share/andino_gz//models/office/meshes/tiles.dae
[0.905s] -- Installing: /workspaces/ros2_dev_containers/simulation/ros2_ws/install/andino_gz/share/andino_gz//models/office/meshes/wood.dae
[0.906s] -- Installing: /workspaces/ros2_dev_containers/simulation/ros2_ws/install/andino_gz/share/andino_gz//models/office/meshes/walls.dae
[0.907s] -- Installing: /workspaces/ros2_dev_containers/simulation/ros2_ws/install/andino_gz/share/andino_gz//models/office/model.sdf
[0.907s] -- Up-to-date: /workspaces/ros2_dev_containers/simulation/ros2_ws/install/andino_gz/share/andino_gz//launch
[0.907s] -- Installing: /workspaces/ros2_dev_containers/simulation/ros2_ws/install/andino_gz/share/andino_gz//launch/andino_gz.launch.py
[0.908s] -- Up-to-date: /workspaces/ros2_dev_containers/simulation/ros2_ws/install/andino_gz/share/andino_gz//launch/include
[0.908s] -- Installing: /workspaces/ros2_dev_containers/simulation/ros2_ws/install/andino_gz/share/andino_gz//launch/include/gz_ros_bridge.launch.py
[0.908s] -- Installing: /workspaces/ros2_dev_containers/simulation/ros2_ws/install/andino_gz/share/andino_gz//launch/include/spawn_robot.launch.py
[0.908s] -- Installing: /workspaces/ros2_dev_containers/simulation/ros2_ws/install/andino_gz/share/andino_gz//launch/slam_toolbox_online_async.launch.py
[0.909s] -- Installing: /workspaces/ros2_dev_containers/simulation/ros2_ws/install/andino_gz/share/andino_gz//launch/view_frames.launch.py
[0.909s] -- Up-to-date: /workspaces/ros2_dev_containers/simulation/ros2_ws/install/andino_gz/share/andino_gz//maps
[0.909s] -- Up-to-date: /workspaces/ros2_dev_containers/simulation/ros2_ws/install/andino_gz/share/andino_gz//maps/office
[0.909s] -- Installing: /workspaces/ros2_dev_containers/simulation/ros2_ws/install/andino_gz/share/andino_gz//maps/office/office.pgm
[0.909s] -- Installing: /workspaces/ros2_dev_containers/simulation/ros2_ws/install/andino_gz/share/andino_gz//maps/office/office.yaml
[0.909s] -- Up-to-date: /workspaces/ros2_dev_containers/simulation/ros2_ws/install/andino_gz/share/andino_gz//maps/depot
[0.910s] -- Installing: /workspaces/ros2_dev_containers/simulation/ros2_ws/install/andino_gz/share/andino_gz//maps/depot/depot.pgm
[0.910s] -- Installing: /workspaces/ros2_dev_containers/simulation/ros2_ws/install/andino_gz/share/andino_gz//maps/depot/depot.yaml
[0.911s] -- Up-to-date: /workspaces/ros2_dev_containers/simulation/ros2_ws/install/andino_gz/share/andino_gz//rviz
[0.911s] -- Installing: /workspaces/ros2_dev_containers/simulation/ros2_ws/install/andino_gz/share/andino_gz//rviz/andino_gz.rviz
[0.911s] -- Installing: /workspaces/ros2_dev_containers/simulation/ros2_ws/install/andino_gz/share/andino_gz//rviz/andino_gz_nav2.rviz
[0.911s] -- Up-to-date: /workspaces/ros2_dev_containers/simulation/ros2_ws/install/andino_gz/share/andino_gz//urdf
[0.911s] -- Installing: /workspaces/ros2_dev_containers/simulation/ros2_ws/install/andino_gz/share/andino_gz//urdf/andino_gz.urdf.xacro
[0.911s] -- Up-to-date: /workspaces/ros2_dev_containers/simulation/ros2_ws/install/andino_gz/share/andino_gz//urdf/include
[0.911s] -- Installing: /workspaces/ros2_dev_containers/simulation/ros2_ws/install/andino_gz/share/andino_gz//urdf/include/andino_materials.xacro
[0.912s] -- Up-to-date: /workspaces/ros2_dev_containers/simulation/ros2_ws/install/andino_gz/share/andino_gz//worlds
[0.912s] -- Installing: /workspaces/ros2_dev_containers/simulation/ros2_ws/install/andino_gz/share/andino_gz//worlds/LICENSE_depot
[0.912s] -- Installing: /workspaces/ros2_dev_containers/simulation/ros2_ws/install/andino_gz/share/andino_gz//worlds/populated_office.sdf
[0.912s] -- Installing: /workspaces/ros2_dev_containers/simulation/ros2_ws/install/andino_gz/share/andino_gz//worlds/empty.sdf
[0.912s] -- Installing: /workspaces/ros2_dev_containers/simulation/ros2_ws/install/andino_gz/share/andino_gz//worlds/depot.sdf
[0.912s] -- Installing: /workspaces/ros2_dev_containers/simulation/ros2_ws/install/andino_gz/share/andino_gz//worlds/office.sdf
[0.913s] -- Up-to-date: /workspaces/ros2_dev_containers/simulation/ros2_ws/install/andino_gz/share/andino_gz/environment/andino_gz.dsv
[0.913s] -- Up-to-date: /workspaces/ros2_dev_containers/simulation/ros2_ws/install/andino_gz/share/andino_gz/environment/andino_gz.sh
[0.913s] -- Up-to-date: /workspaces/ros2_dev_containers/simulation/ros2_ws/install/andino_gz/share/ament_index/resource_index/package_run_dependencies/andino_gz
[0.913s] -- Up-to-date: /workspaces/ros2_dev_containers/simulation/ros2_ws/install/andino_gz/share/ament_index/resource_index/parent_prefix_path/andino_gz
[0.913s] -- Installing: /workspaces/ros2_dev_containers/simulation/ros2_ws/install/andino_gz/share/andino_gz/environment/ament_prefix_path.sh
[0.913s] -- Up-to-date: /workspaces/ros2_dev_containers/simulation/ros2_ws/install/andino_gz/share/andino_gz/environment/ament_prefix_path.dsv
[0.913s] -- Installing: /workspaces/ros2_dev_containers/simulation/ros2_ws/install/andino_gz/share/andino_gz/environment/path.sh
[0.913s] -- Up-to-date: /workspaces/ros2_dev_containers/simulation/ros2_ws/install/andino_gz/share/andino_gz/environment/path.dsv
[0.913s] -- Up-to-date: /workspaces/ros2_dev_containers/simulation/ros2_ws/install/andino_gz/share/andino_gz/local_setup.bash
[0.913s] -- Up-to-date: /workspaces/ros2_dev_containers/simulation/ros2_ws/install/andino_gz/share/andino_gz/local_setup.sh
[0.913s] -- Up-to-date: /workspaces/ros2_dev_containers/simulation/ros2_ws/install/andino_gz/share/andino_gz/local_setup.zsh
[0.913s] -- Up-to-date: /workspaces/ros2_dev_containers/simulation/ros2_ws/install/andino_gz/share/andino_gz/local_setup.dsv
[0.913s] -- Up-to-date: /workspaces/ros2_dev_containers/simulation/ros2_ws/install/andino_gz/share/andino_gz/package.dsv
[0.914s] -- Up-to-date: /workspaces/ros2_dev_containers/simulation/ros2_ws/install/andino_gz/share/ament_index/resource_index/packages/andino_gz
[0.914s] -- Up-to-date: /workspaces/ros2_dev_containers/simulation/ros2_ws/install/andino_gz/share/andino_gz/cmake/andino_gzConfig.cmake
[0.914s] -- Up-to-date: /workspaces/ros2_dev_containers/simulation/ros2_ws/install/andino_gz/share/andino_gz/cmake/andino_gzConfig-version.cmake
[0.914s] -- Installing: /workspaces/ros2_dev_containers/simulation/ros2_ws/install/andino_gz/share/andino_gz/package.xml
[0.916s] Invoked command in '/workspaces/ros2_dev_containers/simulation/ros2_ws/build/andino_gz' returned '0': AMENT_PREFIX_PATH=/workspaces/ros2_dev_containers/simulation/ros2_ws/install/andino_slam:/workspaces/ros2_dev_containers/simulation/ros2_ws/install/andino_description:${AMENT_PREFIX_PATH} CMAKE_PREFIX_PATH=/workspaces/ros2_dev_containers/simulation/ros2_ws/install/andino_slam:/workspaces/ros2_dev_containers/simulation/ros2_ws/install/andino_description:/opt/ros/jazzy/opt/gz_sim_vendor:/opt/ros/jazzy/opt/gz_sensors_vendor:/opt/ros/jazzy/opt/gz_physics_vendor:/opt/ros/jazzy/opt/sdformat_vendor:/opt/ros/jazzy/opt/gz_gui_vendor:/opt/ros/jazzy/opt/gz_transport_vendor:/opt/ros/jazzy/opt/gz_rendering_vendor:/opt/ros/jazzy/opt/gz_plugin_vendor:/opt/ros/jazzy/opt/gz_fuel_tools_vendor:/opt/ros/jazzy/opt/gz_msgs_vendor:/opt/ros/jazzy/opt/gz_common_vendor:/opt/ros/jazzy/opt/gz_math_vendor:/opt/ros/jazzy/opt/gz_utils_vendor:/opt/ros/jazzy/opt/gz_tools_vendor:/opt/ros/jazzy/opt/gz_ogre_next_vendor:/opt/ros/jazzy/opt/gz_dartsim_vendor:/opt/ros/jazzy/opt/gz_cmake_vendor:/opt/ros/jazzy /usr/bin/cmake --install /workspaces/ros2_dev_containers/simulation/ros2_ws/build/andino_gz
