[0.049s] Invoking command in '/workspaces/manipulation_ws/build/moveit_resources_fanuc_description': CMAKE_PREFIX_PATH=${CMAKE_PREFIX_PATH}:/opt/ros/jazzy /usr/bin/cmake /workspaces/manipulation_ws/src/moveit_resources/fanuc_description -DCMAKE_INSTALL_PREFIX=/workspaces/manipulation_ws/install/moveit_resources_fanuc_description
[0.246s] -- The C compiler identification is GNU 13.3.0
[0.509s] -- The CXX compiler identification is GNU 13.3.0
[0.567s] -- Detecting C compiler ABI info
[1.006s] -- Detecting C compiler ABI info - done
[1.062s] -- Check for working C compiler: /usr/bin/cc - skipped
[1.064s] -- Detecting C compile features
[1.065s] -- Detecting C compile features - done
[1.115s] -- Detecting CXX compiler ABI info
[1.487s] -- Detecting CXX compiler ABI info - done
[1.553s] -- Check for working CXX compiler: /usr/bin/c++ - skipped
[1.554s] -- Detecting CXX compile features
[1.556s] -- Detecting CXX compile features - done
[1.574s] -- Found ament_cmake: 2.5.4 (/opt/ros/jazzy/share/ament_cmake/cmake)
[2.109s] -- Found Python3: /usr/bin/python3 (found version "3.12.3") found components: Interpreter 
[2.966s] -- Configuring done (2.9s)
[2.986s] -- Generating done (0.0s)
[2.986s] -- Build files have been written to: /workspaces/manipulation_ws/build/moveit_resources_fanuc_description
[3.001s] Invoked command in '/workspaces/manipulation_ws/build/moveit_resources_fanuc_description' returned '0': CMAKE_PREFIX_PATH=${CMAKE_PREFIX_PATH}:/opt/ros/jazzy /usr/bin/cmake /workspaces/manipulation_ws/src/moveit_resources/fanuc_description -DCMAKE_INSTALL_PREFIX=/workspaces/manipulation_ws/install/moveit_resources_fanuc_description
[3.002s] Invoking command in '/workspaces/manipulation_ws/build/moveit_resources_fanuc_description': CMAKE_PREFIX_PATH=${CMAKE_PREFIX_PATH}:/opt/ros/jazzy /usr/bin/cmake --build /workspaces/manipulation_ws/build/moveit_resources_fanuc_description -- -j4 -l4
[3.156s] Invoked command in '/workspaces/manipulation_ws/build/moveit_resources_fanuc_description' returned '0': CMAKE_PREFIX_PATH=${CMAKE_PREFIX_PATH}:/opt/ros/jazzy /usr/bin/cmake --build /workspaces/manipulation_ws/build/moveit_resources_fanuc_description -- -j4 -l4
[3.251s] Invoking command in '/workspaces/manipulation_ws/build/moveit_resources_fanuc_description': CMAKE_PREFIX_PATH=${CMAKE_PREFIX_PATH}:/opt/ros/jazzy /usr/bin/cmake --install /workspaces/manipulation_ws/build/moveit_resources_fanuc_description
[3.332s] -- Install configuration: ""
[3.341s] -- Installing: /workspaces/manipulation_ws/install/moveit_resources_fanuc_description/share/ament_index/resource_index/package_run_dependencies/moveit_resources_fanuc_description
[3.342s] -- Installing: /workspaces/manipulation_ws/install/moveit_resources_fanuc_description/share/ament_index/resource_index/parent_prefix_path/moveit_resources_fanuc_description
[3.342s] -- Installing: /workspaces/manipulation_ws/install/moveit_resources_fanuc_description/share/moveit_resources_fanuc_description/environment/ament_prefix_path.sh
[3.356s] -- Installing: /workspaces/manipulation_ws/install/moveit_resources_fanuc_description/share/moveit_resources_fanuc_description/environment/ament_prefix_path.dsv
[3.357s] -- Installing: /workspaces/manipulation_ws/install/moveit_resources_fanuc_description/share/moveit_resources_fanuc_description/environment/path.sh
[3.357s] -- Installing: /workspaces/manipulation_ws/install/moveit_resources_fanuc_description/share/moveit_resources_fanuc_description/environment/path.dsv
[3.357s] -- Installing: /workspaces/manipulation_ws/install/moveit_resources_fanuc_description/share/moveit_resources_fanuc_description/local_setup.bash
[3.357s] -- Installing: /workspaces/manipulation_ws/install/moveit_resources_fanuc_description/share/moveit_resources_fanuc_description/local_setup.sh
[3.358s] -- Installing: /workspaces/manipulation_ws/install/moveit_resources_fanuc_description/share/moveit_resources_fanuc_description/local_setup.zsh
[3.358s] -- Installing: /workspaces/manipulation_ws/install/moveit_resources_fanuc_description/share/moveit_resources_fanuc_description/local_setup.dsv
[3.358s] -- Installing: /workspaces/manipulation_ws/install/moveit_resources_fanuc_description/share/moveit_resources_fanuc_description/package.dsv
[3.358s] -- Installing: /workspaces/manipulation_ws/install/moveit_resources_fanuc_description/share/ament_index/resource_index/packages/moveit_resources_fanuc_description
[3.374s] -- Installing: /workspaces/manipulation_ws/install/moveit_resources_fanuc_description/share/moveit_resources_fanuc_description/cmake/moveit_resources_fanuc_descriptionConfig.cmake
[3.375s] -- Installing: /workspaces/manipulation_ws/install/moveit_resources_fanuc_description/share/moveit_resources_fanuc_description/cmake/moveit_resources_fanuc_descriptionConfig-version.cmake
[3.375s] -- Installing: /workspaces/manipulation_ws/install/moveit_resources_fanuc_description/share/moveit_resources_fanuc_description/package.xml
[3.375s] -- Installing: /workspaces/manipulation_ws/install/moveit_resources_fanuc_description/share/moveit_resources_fanuc_description/meshes
[3.375s] -- Installing: /workspaces/manipulation_ws/install/moveit_resources_fanuc_description/share/moveit_resources_fanuc_description/meshes/visual
[3.384s] -- Installing: /workspaces/manipulation_ws/install/moveit_resources_fanuc_description/share/moveit_resources_fanuc_description/meshes/visual/link_3.stl
[3.385s] -- Installing: /workspaces/manipulation_ws/install/moveit_resources_fanuc_description/share/moveit_resources_fanuc_description/meshes/visual/link_4.stl
[3.385s] -- Installing: /workspaces/manipulation_ws/install/moveit_resources_fanuc_description/share/moveit_resources_fanuc_description/meshes/visual/link_5.stl
[3.385s] -- Installing: /workspaces/manipulation_ws/install/moveit_resources_fanuc_description/share/moveit_resources_fanuc_description/meshes/visual/link_1.stl
[3.386s] -- Installing: /workspaces/manipulation_ws/install/moveit_resources_fanuc_description/share/moveit_resources_fanuc_description/meshes/visual/link_2.stl
[3.386s] -- Installing: /workspaces/manipulation_ws/install/moveit_resources_fanuc_description/share/moveit_resources_fanuc_description/meshes/visual/link_6.stl
[3.386s] -- Installing: /workspaces/manipulation_ws/install/moveit_resources_fanuc_description/share/moveit_resources_fanuc_description/meshes/visual/base_link.stl
[3.386s] -- Installing: /workspaces/manipulation_ws/install/moveit_resources_fanuc_description/share/moveit_resources_fanuc_description/meshes/collision
[3.392s] -- Installing: /workspaces/manipulation_ws/install/moveit_resources_fanuc_description/share/moveit_resources_fanuc_description/meshes/collision/link_3.stl
[3.397s] -- Installing: /workspaces/manipulation_ws/install/moveit_resources_fanuc_description/share/moveit_resources_fanuc_description/meshes/collision/link_4.stl
[3.398s] -- Installing: /workspaces/manipulation_ws/install/moveit_resources_fanuc_description/share/moveit_resources_fanuc_description/meshes/collision/link_5.stl
[3.398s] -- Installing: /workspaces/manipulation_ws/install/moveit_resources_fanuc_description/share/moveit_resources_fanuc_description/meshes/collision/link_1.stl
[3.398s] -- Installing: /workspaces/manipulation_ws/install/moveit_resources_fanuc_description/share/moveit_resources_fanuc_description/meshes/collision/link_2.stl
[3.398s] -- Installing: /workspaces/manipulation_ws/install/moveit_resources_fanuc_description/share/moveit_resources_fanuc_description/meshes/collision/link_6.stl
[3.399s] -- Installing: /workspaces/manipulation_ws/install/moveit_resources_fanuc_description/share/moveit_resources_fanuc_description/meshes/collision/base_link.stl
[3.399s] -- Installing: /workspaces/manipulation_ws/install/moveit_resources_fanuc_description/share/moveit_resources_fanuc_description/urdf
[3.399s] -- Installing: /workspaces/manipulation_ws/install/moveit_resources_fanuc_description/share/moveit_resources_fanuc_description/urdf/fanuc.urdf
[3.411s] Invoked command in '/workspaces/manipulation_ws/build/moveit_resources_fanuc_description' returned '0': CMAKE_PREFIX_PATH=${CMAKE_PREFIX_PATH}:/opt/ros/jazzy /usr/bin/cmake --install /workspaces/manipulation_ws/build/moveit_resources_fanuc_description
