-- Install configuration: ""
-- Up-to-date: /workspaces/ros2_dev_containers/simulation/ros2_ws/install/andino_bringup/share/andino_bringup/config
-- Up-to-date: /workspaces/ros2_dev_containers/simulation/ros2_ws/install/andino_bringup/share/andino_bringup/config/joystick.yaml
-- Up-to-date: /workspaces/ros2_dev_containers/simulation/ros2_ws/install/andino_bringup/share/andino_bringup/config/twist_mux.yaml
-- Up-to-date: /workspaces/ros2_dev_containers/simulation/ros2_ws/install/andino_bringup/share/andino_bringup/config/laser_range_filter.yaml
-- Up-to-date: /workspaces/ros2_dev_containers/simulation/ros2_ws/install/andino_bringup/share/andino_bringup/config/raspicam.yaml
-- Up-to-date: /workspaces/ros2_dev_containers/simulation/ros2_ws/install/andino_bringup/share/andino_bringup/launch
-- Up-to-date: /workspaces/ros2_dev_containers/simulation/ros2_ws/install/andino_bringup/share/andino_bringup/launch/camera.launch.py
-- Up-to-date: /workspaces/ros2_dev_containers/simulation/ros2_ws/install/andino_bringup/share/andino_bringup/launch/rplidar.launch.py
-- Up-to-date: /workspaces/ros2_dev_containers/simulation/ros2_ws/install/andino_bringup/share/andino_bringup/launch/andino_robot.launch.py
-- Up-to-date: /workspaces/ros2_dev_containers/simulation/ros2_ws/install/andino_bringup/share/andino_bringup/launch/teleop_keyboard.launch.py
-- Up-to-date: /workspaces/ros2_dev_containers/simulation/ros2_ws/install/andino_bringup/share/andino_bringup/launch/teleop_joystick.launch.py
-- Up-to-date: /workspaces/ros2_dev_containers/simulation/ros2_ws/install/andino_bringup/share/andino_bringup/launch/rosbag_record.launch.py
-- Up-to-date: /workspaces/ros2_dev_containers/simulation/ros2_ws/install/andino_bringup/share/andino_bringup/launch/rviz.launch.py
-- Up-to-date: /workspaces/ros2_dev_containers/simulation/ros2_ws/install/andino_bringup/share/andino_bringup/rviz
-- Up-to-date: /workspaces/ros2_dev_containers/simulation/ros2_ws/install/andino_bringup/share/andino_bringup/rviz/andino.rviz
-- Up-to-date: /workspaces/ros2_dev_containers/simulation/ros2_ws/install/andino_bringup/share/ament_index/resource_index/package_run_dependencies/andino_bringup
-- Up-to-date: /workspaces/ros2_dev_containers/simulation/ros2_ws/install/andino_bringup/share/ament_index/resource_index/parent_prefix_path/andino_bringup
-- Up-to-date: /workspaces/ros2_dev_containers/simulation/ros2_ws/install/andino_bringup/share/andino_bringup/environment/ament_prefix_path.sh
-- Up-to-date: /workspaces/ros2_dev_containers/simulation/ros2_ws/install/andino_bringup/share/andino_bringup/environment/ament_prefix_path.dsv
-- Up-to-date: /workspaces/ros2_dev_containers/simulation/ros2_ws/install/andino_bringup/share/andino_bringup/environment/path.sh
-- Up-to-date: /workspaces/ros2_dev_containers/simulation/ros2_ws/install/andino_bringup/share/andino_bringup/environment/path.dsv
-- Up-to-date: /workspaces/ros2_dev_containers/simulation/ros2_ws/install/andino_bringup/share/andino_bringup/local_setup.bash
-- Up-to-date: /workspaces/ros2_dev_containers/simulation/ros2_ws/install/andino_bringup/share/andino_bringup/local_setup.sh
-- Up-to-date: /workspaces/ros2_dev_containers/simulation/ros2_ws/install/andino_bringup/share/andino_bringup/local_setup.zsh
-- Up-to-date: /workspaces/ros2_dev_containers/simulation/ros2_ws/install/andino_bringup/share/andino_bringup/local_setup.dsv
-- Installing: /workspaces/ros2_dev_containers/simulation/ros2_ws/install/andino_bringup/share/andino_bringup/package.dsv
-- Up-to-date: /workspaces/ros2_dev_containers/simulation/ros2_ws/install/andino_bringup/share/ament_index/resource_index/packages/andino_bringup
-- Up-to-date: /workspaces/ros2_dev_containers/simulation/ros2_ws/install/andino_bringup/share/andino_bringup/cmake/andino_bringupConfig.cmake
-- Up-to-date: /workspaces/ros2_dev_containers/simulation/ros2_ws/install/andino_bringup/share/andino_bringup/cmake/andino_bringupConfig-version.cmake
-- Up-to-date: /workspaces/ros2_dev_containers/simulation/ros2_ws/install/andino_bringup/share/andino_bringup/package.xml
