[0.528s] DEBUG:colcon:Command line arguments: ['/usr/bin/colcon', 'list', '-p', '--base-paths', '/home/lenovo/ros2_devcontainers/manipulation_ws']
[0.529s] DEBUG:colcon:Parsed command line arguments: Namespace(log_base=None, log_level=None, verb_name='list', build_base='build', ignore_user_meta=False, metas=['./colcon.meta'], base_paths=['/home/lenovo/ros2_devcontainers/manipulation_ws'], packages_ignore=None, packages_ignore_regex=None, paths=None, packages_up_to=None, packages_up_to_regex=None, packages_above=None, packages_above_and_dependencies=None, packages_above_depth=None, packages_select_by_dep=None, packages_skip_by_dep=None, packages_skip_up_to=None, packages_select_build_failed=False, packages_skip_build_finished=False, packages_select_test_failures=False, packages_skip_test_passed=False, packages_select=None, packages_skip=None, packages_select_regex=None, packages_skip_regex=None, packages_start=None, packages_end=None, allow_overriding=[], topological_order=False, names_only=False, paths_only=True, topological_graph=False, topological_graph_dot=False, topological_graph_density=False, topological_graph_legend=False, topological_graph_dot_cluster=False, topological_graph_dot_include_skipped=False, mixin_files=None, mixin=None, verb_parser=<colcon_mixin.mixin.mixin_argument.MixinArgumentDecorator object at 0x7542d85be270>, verb_extension=<colcon_package_information.verb.list.ListVerb object at 0x7542d85bd0a0>, main=<bound method ListVerb.main of <colcon_package_information.verb.list.ListVerb object at 0x7542d85bd0a0>>, mixin_verb=('list',))
[0.648s] Level 1:colcon.colcon_core.package_discovery:discover_packages(colcon_meta) check parameters
[0.648s] Level 1:colcon.colcon_core.package_discovery:discover_packages(recursive) check parameters
[0.648s] Level 1:colcon.colcon_core.package_discovery:discover_packages(ignore) check parameters
[0.648s] Level 1:colcon.colcon_core.package_discovery:discover_packages(path) check parameters
[0.648s] Level 1:colcon.colcon_core.package_discovery:discover_packages(recursive) discover
[0.648s] INFO:colcon.colcon_core.package_discovery:Crawling recursively for packages in '/home/lenovo/ros2_devcontainers/manipulation_ws'
[0.649s] Level 1:colcon.colcon_core.package_identification:_identify(/home/lenovo/ros2_devcontainers/manipulation_ws) by extensions ['ignore', 'ignore_ament_install']
[0.649s] Level 1:colcon.colcon_core.package_identification:_identify(/home/lenovo/ros2_devcontainers/manipulation_ws) by extension 'ignore'
[0.649s] Level 1:colcon.colcon_core.package_identification:_identify(/home/lenovo/ros2_devcontainers/manipulation_ws) by extension 'ignore_ament_install'
[0.649s] Level 1:colcon.colcon_core.package_identification:_identify(/home/lenovo/ros2_devcontainers/manipulation_ws) by extensions ['colcon_pkg']
[0.649s] Level 1:colcon.colcon_core.package_identification:_identify(/home/lenovo/ros2_devcontainers/manipulation_ws) by extension 'colcon_pkg'
[0.650s] Level 1:colcon.colcon_core.package_identification:_identify(/home/lenovo/ros2_devcontainers/manipulation_ws) by extensions ['colcon_meta']
[0.650s] Level 1:colcon.colcon_core.package_identification:_identify(/home/lenovo/ros2_devcontainers/manipulation_ws) by extension 'colcon_meta'
[0.650s] Level 1:colcon.colcon_core.package_identification:_identify(/home/lenovo/ros2_devcontainers/manipulation_ws) by extensions ['ros']
[0.650s] Level 1:colcon.colcon_core.package_identification:_identify(/home/lenovo/ros2_devcontainers/manipulation_ws) by extension 'ros'
[0.752s] Level 1:colcon.colcon_core.package_identification:_identify(/home/lenovo/ros2_devcontainers/manipulation_ws) by extensions ['cmake', 'python']
[0.753s] Level 1:colcon.colcon_core.package_identification:_identify(/home/lenovo/ros2_devcontainers/manipulation_ws) by extension 'cmake'
[0.753s] Level 1:colcon.colcon_core.package_identification:_identify(/home/lenovo/ros2_devcontainers/manipulation_ws) by extension 'python'
[0.753s] Level 1:colcon.colcon_core.package_identification:_identify(/home/lenovo/ros2_devcontainers/manipulation_ws) by extensions ['python_setup_py']
[0.753s] Level 1:colcon.colcon_core.package_identification:_identify(/home/lenovo/ros2_devcontainers/manipulation_ws) by extension 'python_setup_py'
[0.755s] Level 1:colcon.colcon_core.package_identification:_identify(/home/lenovo/ros2_devcontainers/manipulation_ws/log) by extensions ['ignore', 'ignore_ament_install']
[0.755s] Level 1:colcon.colcon_core.package_identification:_identify(/home/lenovo/ros2_devcontainers/manipulation_ws/log) by extension 'ignore'
[0.755s] Level 1:colcon.colcon_core.package_identification:_identify(/home/lenovo/ros2_devcontainers/manipulation_ws/log) ignored
[0.755s] Level 1:colcon.colcon_core.package_identification:_identify(/home/lenovo/ros2_devcontainers/manipulation_ws/src) by extensions ['ignore', 'ignore_ament_install']
[0.756s] Level 1:colcon.colcon_core.package_identification:_identify(/home/lenovo/ros2_devcontainers/manipulation_ws/src) by extension 'ignore'
[0.756s] Level 1:colcon.colcon_core.package_identification:_identify(/home/lenovo/ros2_devcontainers/manipulation_ws/src) by extension 'ignore_ament_install'
[0.756s] Level 1:colcon.colcon_core.package_identification:_identify(/home/lenovo/ros2_devcontainers/manipulation_ws/src) by extensions ['colcon_pkg']
[0.757s] Level 1:colcon.colcon_core.package_identification:_identify(/home/lenovo/ros2_devcontainers/manipulation_ws/src) by extension 'colcon_pkg'
[0.757s] Level 1:colcon.colcon_core.package_identification:_identify(/home/lenovo/ros2_devcontainers/manipulation_ws/src) by extensions ['colcon_meta']
[0.757s] Level 1:colcon.colcon_core.package_identification:_identify(/home/lenovo/ros2_devcontainers/manipulation_ws/src) by extension 'colcon_meta'
[0.758s] Level 1:colcon.colcon_core.package_identification:_identify(/home/lenovo/ros2_devcontainers/manipulation_ws/src) by extensions ['ros']
[0.758s] Level 1:colcon.colcon_core.package_identification:_identify(/home/lenovo/ros2_devcontainers/manipulation_ws/src) by extension 'ros'
[0.758s] Level 1:colcon.colcon_core.package_identification:_identify(/home/lenovo/ros2_devcontainers/manipulation_ws/src) by extensions ['cmake', 'python']
[0.758s] Level 1:colcon.colcon_core.package_identification:_identify(/home/lenovo/ros2_devcontainers/manipulation_ws/src) by extension 'cmake'
[0.759s] Level 1:colcon.colcon_core.package_identification:_identify(/home/lenovo/ros2_devcontainers/manipulation_ws/src) by extension 'python'
[0.759s] Level 1:colcon.colcon_core.package_identification:_identify(/home/lenovo/ros2_devcontainers/manipulation_ws/src) by extensions ['python_setup_py']
[0.759s] Level 1:colcon.colcon_core.package_identification:_identify(/home/lenovo/ros2_devcontainers/manipulation_ws/src) by extension 'python_setup_py'
[0.759s] Level 1:colcon.colcon_core.package_identification:_identify(/home/lenovo/ros2_devcontainers/manipulation_ws/src/moveit_resources) by extensions ['ignore', 'ignore_ament_install']
[0.760s] Level 1:colcon.colcon_core.package_identification:_identify(/home/lenovo/ros2_devcontainers/manipulation_ws/src/moveit_resources) by extension 'ignore'
[0.760s] Level 1:colcon.colcon_core.package_identification:_identify(/home/lenovo/ros2_devcontainers/manipulation_ws/src/moveit_resources) by extension 'ignore_ament_install'
[0.760s] Level 1:colcon.colcon_core.package_identification:_identify(/home/lenovo/ros2_devcontainers/manipulation_ws/src/moveit_resources) by extensions ['colcon_pkg']
[0.760s] Level 1:colcon.colcon_core.package_identification:_identify(/home/lenovo/ros2_devcontainers/manipulation_ws/src/moveit_resources) by extension 'colcon_pkg'
[0.760s] Level 1:colcon.colcon_core.package_identification:_identify(/home/lenovo/ros2_devcontainers/manipulation_ws/src/moveit_resources) by extensions ['colcon_meta']
[0.760s] Level 1:colcon.colcon_core.package_identification:_identify(/home/lenovo/ros2_devcontainers/manipulation_ws/src/moveit_resources) by extension 'colcon_meta'
[0.761s] Level 1:colcon.colcon_core.package_identification:_identify(/home/lenovo/ros2_devcontainers/manipulation_ws/src/moveit_resources) by extensions ['ros']
[0.761s] Level 1:colcon.colcon_core.package_identification:_identify(/home/lenovo/ros2_devcontainers/manipulation_ws/src/moveit_resources) by extension 'ros'
[0.761s] Level 1:colcon.colcon_core.package_identification:_identify(/home/lenovo/ros2_devcontainers/manipulation_ws/src/moveit_resources) by extensions ['cmake', 'python']
[0.761s] Level 1:colcon.colcon_core.package_identification:_identify(/home/lenovo/ros2_devcontainers/manipulation_ws/src/moveit_resources) by extension 'cmake'
[0.761s] Level 1:colcon.colcon_core.package_identification:_identify(/home/lenovo/ros2_devcontainers/manipulation_ws/src/moveit_resources) by extension 'python'
[0.761s] Level 1:colcon.colcon_core.package_identification:_identify(/home/lenovo/ros2_devcontainers/manipulation_ws/src/moveit_resources) by extensions ['python_setup_py']
[0.761s] Level 1:colcon.colcon_core.package_identification:_identify(/home/lenovo/ros2_devcontainers/manipulation_ws/src/moveit_resources) by extension 'python_setup_py'
[0.762s] Level 1:colcon.colcon_core.package_identification:_identify(/home/lenovo/ros2_devcontainers/manipulation_ws/src/moveit_resources/dual_arm_panda_moveit_config) by extensions ['ignore', 'ignore_ament_install']
[0.762s] Level 1:colcon.colcon_core.package_identification:_identify(/home/lenovo/ros2_devcontainers/manipulation_ws/src/moveit_resources/dual_arm_panda_moveit_config) by extension 'ignore'
[0.762s] Level 1:colcon.colcon_core.package_identification:_identify(/home/lenovo/ros2_devcontainers/manipulation_ws/src/moveit_resources/dual_arm_panda_moveit_config) by extension 'ignore_ament_install'
[0.762s] Level 1:colcon.colcon_core.package_identification:_identify(/home/lenovo/ros2_devcontainers/manipulation_ws/src/moveit_resources/dual_arm_panda_moveit_config) by extensions ['colcon_pkg']
[0.762s] Level 1:colcon.colcon_core.package_identification:_identify(/home/lenovo/ros2_devcontainers/manipulation_ws/src/moveit_resources/dual_arm_panda_moveit_config) by extension 'colcon_pkg'
[0.762s] Level 1:colcon.colcon_core.package_identification:_identify(/home/lenovo/ros2_devcontainers/manipulation_ws/src/moveit_resources/dual_arm_panda_moveit_config) by extensions ['colcon_meta']
[0.763s] Level 1:colcon.colcon_core.package_identification:_identify(/home/lenovo/ros2_devcontainers/manipulation_ws/src/moveit_resources/dual_arm_panda_moveit_config) by extension 'colcon_meta'
[0.763s] Level 1:colcon.colcon_core.package_identification:_identify(/home/lenovo/ros2_devcontainers/manipulation_ws/src/moveit_resources/dual_arm_panda_moveit_config) by extensions ['ros']
[0.763s] Level 1:colcon.colcon_core.package_identification:_identify(/home/lenovo/ros2_devcontainers/manipulation_ws/src/moveit_resources/dual_arm_panda_moveit_config) by extension 'ros'
[0.770s] DEBUG:colcon.colcon_core.package_identification:Package '/home/lenovo/ros2_devcontainers/manipulation_ws/src/moveit_resources/dual_arm_panda_moveit_config' with type 'ros.ament_cmake' and name 'dual_arm_panda_moveit_config'
[0.771s] Level 1:colcon.colcon_core.package_identification:_identify(/home/lenovo/ros2_devcontainers/manipulation_ws/src/moveit_resources/fanuc_description) by extensions ['ignore', 'ignore_ament_install']
[0.771s] Level 1:colcon.colcon_core.package_identification:_identify(/home/lenovo/ros2_devcontainers/manipulation_ws/src/moveit_resources/fanuc_description) by extension 'ignore'
[0.772s] Level 1:colcon.colcon_core.package_identification:_identify(/home/lenovo/ros2_devcontainers/manipulation_ws/src/moveit_resources/fanuc_description) by extension 'ignore_ament_install'
[0.772s] Level 1:colcon.colcon_core.package_identification:_identify(/home/lenovo/ros2_devcontainers/manipulation_ws/src/moveit_resources/fanuc_description) by extensions ['colcon_pkg']
[0.772s] Level 1:colcon.colcon_core.package_identification:_identify(/home/lenovo/ros2_devcontainers/manipulation_ws/src/moveit_resources/fanuc_description) by extension 'colcon_pkg'
[0.772s] Level 1:colcon.colcon_core.package_identification:_identify(/home/lenovo/ros2_devcontainers/manipulation_ws/src/moveit_resources/fanuc_description) by extensions ['colcon_meta']
[0.772s] Level 1:colcon.colcon_core.package_identification:_identify(/home/lenovo/ros2_devcontainers/manipulation_ws/src/moveit_resources/fanuc_description) by extension 'colcon_meta'
[0.773s] Level 1:colcon.colcon_core.package_identification:_identify(/home/lenovo/ros2_devcontainers/manipulation_ws/src/moveit_resources/fanuc_description) by extensions ['ros']
[0.773s] Level 1:colcon.colcon_core.package_identification:_identify(/home/lenovo/ros2_devcontainers/manipulation_ws/src/moveit_resources/fanuc_description) by extension 'ros'
[0.774s] DEBUG:colcon.colcon_core.package_identification:Package '/home/lenovo/ros2_devcontainers/manipulation_ws/src/moveit_resources/fanuc_description' with type 'ros.ament_cmake' and name 'moveit_resources_fanuc_description'
[0.775s] Level 1:colcon.colcon_core.package_identification:_identify(/home/lenovo/ros2_devcontainers/manipulation_ws/src/moveit_resources/fanuc_moveit_config) by extensions ['ignore', 'ignore_ament_install']
[0.775s] Level 1:colcon.colcon_core.package_identification:_identify(/home/lenovo/ros2_devcontainers/manipulation_ws/src/moveit_resources/fanuc_moveit_config) by extension 'ignore'
[0.775s] Level 1:colcon.colcon_core.package_identification:_identify(/home/lenovo/ros2_devcontainers/manipulation_ws/src/moveit_resources/fanuc_moveit_config) by extension 'ignore_ament_install'
[0.775s] Level 1:colcon.colcon_core.package_identification:_identify(/home/lenovo/ros2_devcontainers/manipulation_ws/src/moveit_resources/fanuc_moveit_config) by extensions ['colcon_pkg']
[0.775s] Level 1:colcon.colcon_core.package_identification:_identify(/home/lenovo/ros2_devcontainers/manipulation_ws/src/moveit_resources/fanuc_moveit_config) by extension 'colcon_pkg'
[0.775s] Level 1:colcon.colcon_core.package_identification:_identify(/home/lenovo/ros2_devcontainers/manipulation_ws/src/moveit_resources/fanuc_moveit_config) by extensions ['colcon_meta']
[0.775s] Level 1:colcon.colcon_core.package_identification:_identify(/home/lenovo/ros2_devcontainers/manipulation_ws/src/moveit_resources/fanuc_moveit_config) by extension 'colcon_meta'
[0.775s] Level 1:colcon.colcon_core.package_identification:_identify(/home/lenovo/ros2_devcontainers/manipulation_ws/src/moveit_resources/fanuc_moveit_config) by extensions ['ros']
[0.775s] Level 1:colcon.colcon_core.package_identification:_identify(/home/lenovo/ros2_devcontainers/manipulation_ws/src/moveit_resources/fanuc_moveit_config) by extension 'ros'
[0.777s] DEBUG:colcon.colcon_core.package_identification:Package '/home/lenovo/ros2_devcontainers/manipulation_ws/src/moveit_resources/fanuc_moveit_config' with type 'ros.ament_cmake' and name 'moveit_resources_fanuc_moveit_config'
[0.777s] Level 1:colcon.colcon_core.package_identification:_identify(/home/lenovo/ros2_devcontainers/manipulation_ws/src/moveit_resources/moveit_resources) by extensions ['ignore', 'ignore_ament_install']
[0.778s] Level 1:colcon.colcon_core.package_identification:_identify(/home/lenovo/ros2_devcontainers/manipulation_ws/src/moveit_resources/moveit_resources) by extension 'ignore'
[0.778s] Level 1:colcon.colcon_core.package_identification:_identify(/home/lenovo/ros2_devcontainers/manipulation_ws/src/moveit_resources/moveit_resources) by extension 'ignore_ament_install'
[0.778s] Level 1:colcon.colcon_core.package_identification:_identify(/home/lenovo/ros2_devcontainers/manipulation_ws/src/moveit_resources/moveit_resources) by extensions ['colcon_pkg']
[0.778s] Level 1:colcon.colcon_core.package_identification:_identify(/home/lenovo/ros2_devcontainers/manipulation_ws/src/moveit_resources/moveit_resources) by extension 'colcon_pkg'
[0.778s] Level 1:colcon.colcon_core.package_identification:_identify(/home/lenovo/ros2_devcontainers/manipulation_ws/src/moveit_resources/moveit_resources) by extensions ['colcon_meta']
[0.778s] Level 1:colcon.colcon_core.package_identification:_identify(/home/lenovo/ros2_devcontainers/manipulation_ws/src/moveit_resources/moveit_resources) by extension 'colcon_meta'
[0.778s] Level 1:colcon.colcon_core.package_identification:_identify(/home/lenovo/ros2_devcontainers/manipulation_ws/src/moveit_resources/moveit_resources) by extensions ['ros']
[0.778s] Level 1:colcon.colcon_core.package_identification:_identify(/home/lenovo/ros2_devcontainers/manipulation_ws/src/moveit_resources/moveit_resources) by extension 'ros'
[0.780s] DEBUG:colcon.colcon_core.package_identification:Package '/home/lenovo/ros2_devcontainers/manipulation_ws/src/moveit_resources/moveit_resources' with type 'ros.ament_cmake' and name 'moveit_resources'
[0.780s] Level 1:colcon.colcon_core.package_identification:_identify(/home/lenovo/ros2_devcontainers/manipulation_ws/src/moveit_resources/panda_description) by extensions ['ignore', 'ignore_ament_install']
[0.780s] Level 1:colcon.colcon_core.package_identification:_identify(/home/lenovo/ros2_devcontainers/manipulation_ws/src/moveit_resources/panda_description) by extension 'ignore'
[0.780s] Level 1:colcon.colcon_core.package_identification:_identify(/home/lenovo/ros2_devcontainers/manipulation_ws/src/moveit_resources/panda_description) by extension 'ignore_ament_install'
[0.781s] Level 1:colcon.colcon_core.package_identification:_identify(/home/lenovo/ros2_devcontainers/manipulation_ws/src/moveit_resources/panda_description) by extensions ['colcon_pkg']
[0.781s] Level 1:colcon.colcon_core.package_identification:_identify(/home/lenovo/ros2_devcontainers/manipulation_ws/src/moveit_resources/panda_description) by extension 'colcon_pkg'
[0.781s] Level 1:colcon.colcon_core.package_identification:_identify(/home/lenovo/ros2_devcontainers/manipulation_ws/src/moveit_resources/panda_description) by extensions ['colcon_meta']
[0.781s] Level 1:colcon.colcon_core.package_identification:_identify(/home/lenovo/ros2_devcontainers/manipulation_ws/src/moveit_resources/panda_description) by extension 'colcon_meta'
[0.781s] Level 1:colcon.colcon_core.package_identification:_identify(/home/lenovo/ros2_devcontainers/manipulation_ws/src/moveit_resources/panda_description) by extensions ['ros']
[0.781s] Level 1:colcon.colcon_core.package_identification:_identify(/home/lenovo/ros2_devcontainers/manipulation_ws/src/moveit_resources/panda_description) by extension 'ros'
[0.782s] DEBUG:colcon.colcon_core.package_identification:Package '/home/lenovo/ros2_devcontainers/manipulation_ws/src/moveit_resources/panda_description' with type 'ros.ament_cmake' and name 'moveit_resources_panda_description'
[0.783s] Level 1:colcon.colcon_core.package_identification:_identify(/home/lenovo/ros2_devcontainers/manipulation_ws/src/moveit_resources/panda_moveit_config) by extensions ['ignore', 'ignore_ament_install']
[0.783s] Level 1:colcon.colcon_core.package_identification:_identify(/home/lenovo/ros2_devcontainers/manipulation_ws/src/moveit_resources/panda_moveit_config) by extension 'ignore'
[0.783s] Level 1:colcon.colcon_core.package_identification:_identify(/home/lenovo/ros2_devcontainers/manipulation_ws/src/moveit_resources/panda_moveit_config) by extension 'ignore_ament_install'
[0.783s] Level 1:colcon.colcon_core.package_identification:_identify(/home/lenovo/ros2_devcontainers/manipulation_ws/src/moveit_resources/panda_moveit_config) by extensions ['colcon_pkg']
[0.783s] Level 1:colcon.colcon_core.package_identification:_identify(/home/lenovo/ros2_devcontainers/manipulation_ws/src/moveit_resources/panda_moveit_config) by extension 'colcon_pkg'
[0.784s] Level 1:colcon.colcon_core.package_identification:_identify(/home/lenovo/ros2_devcontainers/manipulation_ws/src/moveit_resources/panda_moveit_config) by extensions ['colcon_meta']
[0.784s] Level 1:colcon.colcon_core.package_identification:_identify(/home/lenovo/ros2_devcontainers/manipulation_ws/src/moveit_resources/panda_moveit_config) by extension 'colcon_meta'
[0.784s] Level 1:colcon.colcon_core.package_identification:_identify(/home/lenovo/ros2_devcontainers/manipulation_ws/src/moveit_resources/panda_moveit_config) by extensions ['ros']
[0.784s] Level 1:colcon.colcon_core.package_identification:_identify(/home/lenovo/ros2_devcontainers/manipulation_ws/src/moveit_resources/panda_moveit_config) by extension 'ros'
[0.787s] DEBUG:colcon.colcon_core.package_identification:Package '/home/lenovo/ros2_devcontainers/manipulation_ws/src/moveit_resources/panda_moveit_config' with type 'ros.ament_cmake' and name 'moveit_resources_panda_moveit_config'
[0.787s] Level 1:colcon.colcon_core.package_identification:_identify(/home/lenovo/ros2_devcontainers/manipulation_ws/src/moveit_resources/pr2_description) by extensions ['ignore', 'ignore_ament_install']
[0.788s] Level 1:colcon.colcon_core.package_identification:_identify(/home/lenovo/ros2_devcontainers/manipulation_ws/src/moveit_resources/pr2_description) by extension 'ignore'
[0.788s] Level 1:colcon.colcon_core.package_identification:_identify(/home/lenovo/ros2_devcontainers/manipulation_ws/src/moveit_resources/pr2_description) by extension 'ignore_ament_install'
[0.788s] Level 1:colcon.colcon_core.package_identification:_identify(/home/lenovo/ros2_devcontainers/manipulation_ws/src/moveit_resources/pr2_description) by extensions ['colcon_pkg']
[0.788s] Level 1:colcon.colcon_core.package_identification:_identify(/home/lenovo/ros2_devcontainers/manipulation_ws/src/moveit_resources/pr2_description) by extension 'colcon_pkg'
[0.789s] Level 1:colcon.colcon_core.package_identification:_identify(/home/lenovo/ros2_devcontainers/manipulation_ws/src/moveit_resources/pr2_description) by extensions ['colcon_meta']
[0.789s] Level 1:colcon.colcon_core.package_identification:_identify(/home/lenovo/ros2_devcontainers/manipulation_ws/src/moveit_resources/pr2_description) by extension 'colcon_meta'
[0.789s] Level 1:colcon.colcon_core.package_identification:_identify(/home/lenovo/ros2_devcontainers/manipulation_ws/src/moveit_resources/pr2_description) by extensions ['ros']
[0.789s] Level 1:colcon.colcon_core.package_identification:_identify(/home/lenovo/ros2_devcontainers/manipulation_ws/src/moveit_resources/pr2_description) by extension 'ros'
[0.790s] DEBUG:colcon.colcon_core.package_identification:Package '/home/lenovo/ros2_devcontainers/manipulation_ws/src/moveit_resources/pr2_description' with type 'ros.ament_cmake' and name 'moveit_resources_pr2_description'
[0.790s] Level 1:colcon.colcon_core.package_discovery:discover_packages(recursive) using defaults
