-- Found ament_cmake: 2.5.4 (/opt/ros/jazzy/share/ament_cmake/cmake)
-- Found hardware_interface: 4.29.0 (/opt/ros/jazzy/share/hardware_interface/cmake)
-- Found rosidl_generator_c: 4.6.5 (/opt/ros/jazzy/share/rosidl_generator_c/cmake)
-- Found rosidl_generator_cpp: 4.6.5 (/opt/ros/jazzy/share/rosidl_generator_cpp/cmake)
-- Using all available rosidl_typesupport_c: rosidl_typesupport_fastrtps_c;rosidl_typesupport_introspection_c
-- Using all available rosidl_typesupport_cpp: rosidl_typesupport_fastrtps_cpp;rosidl_typesupport_introspection_cpp
-- Found TinyXML2 via Config file: /usr/lib/x86_64-linux-gnu/cmake/tinyxml2
-- Found rmw_implementation_cmake: 7.3.2 (/opt/ros/jazzy/share/rmw_implementation_cmake/cmake)
-- Found rmw_fastrtps_cpp: 8.4.2 (/opt/ros/jazzy/share/rmw_fastrtps_cpp/cmake)
-- Found TinyXML2 via Config file: /usr/lib/x86_64-linux-gnu/cmake/tinyxml2
-- Found TinyXML2 via Config file: /usr/lib/x86_64-linux-gnu/cmake/tinyxml2
-- Found TinyXML2 via Config file: /usr/lib/x86_64-linux-gnu/cmake/tinyxml2
-- Found TinyXML2 via Config file: /usr/lib/x86_64-linux-gnu/cmake/tinyxml2
-- Using RMW implementation 'rmw_fastrtps_cpp' as default
-- Found ament_cmake_clang_format: 0.17.2 (/opt/ros/jazzy/share/ament_cmake_clang_format/cmake)
-- Configuring done (1.0s)
-- Generating done (0.0s)
-- Build files have been written to: /workspaces/ros2_dev_containers/simulation/ros2_ws/build/andino_base
[ 14%] [32mBuilding CXX object src/CMakeFiles/motor_driver.dir/motor_driver.cpp.o[0m
In file included from [01m[K/workspaces/ros2_dev_containers/simulation/ros2_ws/src/andino/andino_base/src/motor_driver.cpp:30[m[K:
[01m[K/workspaces/ros2_dev_containers/simulation/ros2_ws/src/andino/andino_base/include/andino_base/motor_driver.h:35:10:[m[K [01;31m[Kfatal error: [m[Klibserial/SerialPort.h: No such file or directory
   35 | #include [01;31m[K<libserial/SerialPort.h>[m[K
      |          [01;31m[K^~~~~~~~~~~~~~~~~~~~~~~~[m[K
compilation terminated.
gmake[2]: *** [src/CMakeFiles/motor_driver.dir/build.make:76: src/CMakeFiles/motor_driver.dir/motor_driver.cpp.o] Error 1
gmake[1]: *** [CMakeFiles/Makefile2:198: src/CMakeFiles/motor_driver.dir/all] Error 2
gmake: *** [Makefile:146: all] Error 2
