[0.037s] Invoking command in '/workspaces/ros2_dev_containers/simulation/ros2_ws/build/andino_base': CMAKE_PREFIX_PATH=${CMAKE_PREFIX_PATH}:/opt/ros/jazzy /usr/bin/cmake --build /workspaces/ros2_dev_containers/simulation/ros2_ws/build/andino_base -- -j8 -l8
[0.086s] -- Found ament_cmake: 2.5.4 (/opt/ros/jazzy/share/ament_cmake/cmake)
[0.361s] -- Found hardware_interface: 4.29.0 (/opt/ros/jazzy/share/hardware_interface/cmake)
[0.390s] -- Found rosidl_generator_c: 4.6.5 (/opt/ros/jazzy/share/rosidl_generator_c/cmake)
[0.400s] -- Found rosidl_generator_cpp: 4.6.5 (/opt/ros/jazzy/share/rosidl_generator_cpp/cmake)
[0.413s] -- Using all available rosidl_typesupport_c: rosidl_typesupport_fastrtps_c;rosidl_typesupport_introspection_c
[0.428s] -- Using all available rosidl_typesupport_cpp: rosidl_typesupport_fastrtps_cpp;rosidl_typesupport_introspection_cpp
[0.636s] -- Found TinyXML2 via Config file: /usr/lib/x86_64-linux-gnu/cmake/tinyxml2
[0.674s] -- Found rmw_implementation_cmake: 7.3.2 (/opt/ros/jazzy/share/rmw_implementation_cmake/cmake)
[0.676s] -- Found rmw_fastrtps_cpp: 8.4.2 (/opt/ros/jazzy/share/rmw_fastrtps_cpp/cmake)
[0.698s] -- Found TinyXML2 via Config file: /usr/lib/x86_64-linux-gnu/cmake/tinyxml2
[0.709s] -- Found TinyXML2 via Config file: /usr/lib/x86_64-linux-gnu/cmake/tinyxml2
[0.728s] -- Found TinyXML2 via Config file: /usr/lib/x86_64-linux-gnu/cmake/tinyxml2
[0.740s] -- Found TinyXML2 via Config file: /usr/lib/x86_64-linux-gnu/cmake/tinyxml2
[0.756s] -- Using RMW implementation 'rmw_fastrtps_cpp' as default
[0.911s] -- Found ament_cmake_clang_format: 0.17.2 (/opt/ros/jazzy/share/ament_cmake_clang_format/cmake)
[1.031s] -- Configuring done (1.0s)
[1.077s] -- Generating done (0.0s)
[1.088s] -- Build files have been written to: /workspaces/ros2_dev_containers/simulation/ros2_ws/build/andino_base
[1.171s] [ 14%] [32mBuilding CXX object src/CMakeFiles/motor_driver.dir/motor_driver.cpp.o[0m
[1.208s] In file included from [01m[K/workspaces/ros2_dev_containers/simulation/ros2_ws/src/andino/andino_base/src/motor_driver.cpp:30[m[K:
[1.208s] [01m[K/workspaces/ros2_dev_containers/simulation/ros2_ws/src/andino/andino_base/include/andino_base/motor_driver.h:35:10:[m[K [01;31m[Kfatal error: [m[Klibserial/SerialPort.h: No such file or directory
[1.209s]    35 | #include [01;31m[K<libserial/SerialPort.h>[m[K
[1.209s]       |          [01;31m[K^~~~~~~~~~~~~~~~~~~~~~~~[m[K
[1.209s] compilation terminated.
[1.210s] gmake[2]: *** [src/CMakeFiles/motor_driver.dir/build.make:76: src/CMakeFiles/motor_driver.dir/motor_driver.cpp.o] Error 1
[1.210s] gmake[1]: *** [CMakeFiles/Makefile2:198: src/CMakeFiles/motor_driver.dir/all] Error 2
[1.211s] gmake: *** [Makefile:146: all] Error 2
[1.215s] Invoked command in '/workspaces/ros2_dev_containers/simulation/ros2_ws/build/andino_base' returned '2': CMAKE_PREFIX_PATH=${CMAKE_PREFIX_PATH}:/opt/ros/jazzy /usr/bin/cmake --build /workspaces/ros2_dev_containers/simulation/ros2_ws/build/andino_base -- -j8 -l8
