[0.072s] Invoking command in '/workspaces/manipulation_ws/build/moveit_resources_panda_description': CMAKE_PREFIX_PATH=${CMAKE_PREFIX_PATH}:/opt/ros/jazzy /usr/bin/cmake --build /workspaces/manipulation_ws/build/moveit_resources_panda_description -- -j4 -l4
[0.308s] Invoked command in '/workspaces/manipulation_ws/build/moveit_resources_panda_description' returned '0': CMAKE_PREFIX_PATH=${CMAKE_PREFIX_PATH}:/opt/ros/jazzy /usr/bin/cmake --build /workspaces/manipulation_ws/build/moveit_resources_panda_description -- -j4 -l4
[0.310s] Invoking command in '/workspaces/manipulation_ws/build/moveit_resources_panda_description': CMAKE_PREFIX_PATH=${CMAKE_PREFIX_PATH}:/opt/ros/jazzy /usr/bin/cmake --install /workspaces/manipulation_ws/build/moveit_resources_panda_description
[0.383s] -- Install configuration: ""
[0.385s] -- Up-to-date: /workspaces/manipulation_ws/install/moveit_resources_panda_description/share/ament_index/resource_index/package_run_dependencies/moveit_resources_panda_description
[0.406s] -- Up-to-date: /workspaces/manipulation_ws/install/moveit_resources_panda_description/share/ament_index/resource_index/parent_prefix_path/moveit_resources_panda_description
[0.407s] -- Up-to-date: /workspaces/manipulation_ws/install/moveit_resources_panda_description/share/moveit_resources_panda_description/environment/ament_prefix_path.sh
[0.410s] -- Up-to-date: /workspaces/manipulation_ws/install/moveit_resources_panda_description/share/moveit_resources_panda_description/environment/ament_prefix_path.dsv
[0.410s] -- Up-to-date: /workspaces/manipulation_ws/install/moveit_resources_panda_description/share/moveit_resources_panda_description/environment/path.sh
[0.411s] -- Up-to-date: /workspaces/manipulation_ws/install/moveit_resources_panda_description/share/moveit_resources_panda_description/environment/path.dsv
[0.412s] -- Up-to-date: /workspaces/manipulation_ws/install/moveit_resources_panda_description/share/moveit_resources_panda_description/local_setup.bash
[0.413s] -- Up-to-date: /workspaces/manipulation_ws/install/moveit_resources_panda_description/share/moveit_resources_panda_description/local_setup.sh
[0.417s] -- Up-to-date: /workspaces/manipulation_ws/install/moveit_resources_panda_description/share/moveit_resources_panda_description/local_setup.zsh
[0.417s] -- Up-to-date: /workspaces/manipulation_ws/install/moveit_resources_panda_description/share/moveit_resources_panda_description/local_setup.dsv
[0.418s] -- Installing: /workspaces/manipulation_ws/install/moveit_resources_panda_description/share/moveit_resources_panda_description/package.dsv
[0.423s] -- Up-to-date: /workspaces/manipulation_ws/install/moveit_resources_panda_description/share/ament_index/resource_index/packages/moveit_resources_panda_description
[0.423s] -- Up-to-date: /workspaces/manipulation_ws/install/moveit_resources_panda_description/share/moveit_resources_panda_description/cmake/moveit_resources_panda_descriptionConfig.cmake
[0.454s] -- Up-to-date: /workspaces/manipulation_ws/install/moveit_resources_panda_description/share/moveit_resources_panda_description/cmake/moveit_resources_panda_descriptionConfig-version.cmake
[0.455s] -- Up-to-date: /workspaces/manipulation_ws/install/moveit_resources_panda_description/share/moveit_resources_panda_description/package.xml
[0.458s] -- Up-to-date: /workspaces/manipulation_ws/install/moveit_resources_panda_description/share/moveit_resources_panda_description/meshes
[0.458s] -- Up-to-date: /workspaces/manipulation_ws/install/moveit_resources_panda_description/share/moveit_resources_panda_description/meshes/visual
[0.461s] -- Up-to-date: /workspaces/manipulation_ws/install/moveit_resources_panda_description/share/moveit_resources_panda_description/meshes/visual/finger.dae
[0.466s] -- Up-to-date: /workspaces/manipulation_ws/install/moveit_resources_panda_description/share/moveit_resources_panda_description/meshes/visual/hand.dae
[0.470s] -- Up-to-date: /workspaces/manipulation_ws/install/moveit_resources_panda_description/share/moveit_resources_panda_description/meshes/visual/link3.dae
[0.470s] -- Up-to-date: /workspaces/manipulation_ws/install/moveit_resources_panda_description/share/moveit_resources_panda_description/meshes/visual/link2.dae
[0.470s] -- Up-to-date: /workspaces/manipulation_ws/install/moveit_resources_panda_description/share/moveit_resources_panda_description/meshes/visual/link5.dae
[0.471s] -- Up-to-date: /workspaces/manipulation_ws/install/moveit_resources_panda_description/share/moveit_resources_panda_description/meshes/visual/link6.dae
[0.472s] -- Up-to-date: /workspaces/manipulation_ws/install/moveit_resources_panda_description/share/moveit_resources_panda_description/meshes/visual/link1.dae
[0.473s] -- Up-to-date: /workspaces/manipulation_ws/install/moveit_resources_panda_description/share/moveit_resources_panda_description/meshes/visual/link0.dae
[0.473s] -- Up-to-date: /workspaces/manipulation_ws/install/moveit_resources_panda_description/share/moveit_resources_panda_description/meshes/visual/link4.dae
[0.477s] -- Up-to-date: /workspaces/manipulation_ws/install/moveit_resources_panda_description/share/moveit_resources_panda_description/meshes/visual/link7.dae
[0.477s] -- Up-to-date: /workspaces/manipulation_ws/install/moveit_resources_panda_description/share/moveit_resources_panda_description/meshes/collision
[0.477s] -- Up-to-date: /workspaces/manipulation_ws/install/moveit_resources_panda_description/share/moveit_resources_panda_description/meshes/collision/link5.stl
[0.478s] -- Up-to-date: /workspaces/manipulation_ws/install/moveit_resources_panda_description/share/moveit_resources_panda_description/meshes/collision/link6.stl
[0.478s] -- Up-to-date: /workspaces/manipulation_ws/install/moveit_resources_panda_description/share/moveit_resources_panda_description/meshes/collision/link1.stl
[0.478s] -- Up-to-date: /workspaces/manipulation_ws/install/moveit_resources_panda_description/share/moveit_resources_panda_description/meshes/collision/link4.stl
[0.478s] -- Up-to-date: /workspaces/manipulation_ws/install/moveit_resources_panda_description/share/moveit_resources_panda_description/meshes/collision/link2.stl
[0.479s] -- Up-to-date: /workspaces/manipulation_ws/install/moveit_resources_panda_description/share/moveit_resources_panda_description/meshes/collision/link0.stl
[0.479s] -- Up-to-date: /workspaces/manipulation_ws/install/moveit_resources_panda_description/share/moveit_resources_panda_description/meshes/collision/link7.stl
[0.479s] -- Up-to-date: /workspaces/manipulation_ws/install/moveit_resources_panda_description/share/moveit_resources_panda_description/meshes/collision/link3.stl
[0.481s] -- Up-to-date: /workspaces/manipulation_ws/install/moveit_resources_panda_description/share/moveit_resources_panda_description/meshes/collision/finger.stl
[0.481s] -- Up-to-date: /workspaces/manipulation_ws/install/moveit_resources_panda_description/share/moveit_resources_panda_description/meshes/collision/hand.stl
[0.482s] -- Up-to-date: /workspaces/manipulation_ws/install/moveit_resources_panda_description/share/moveit_resources_panda_description/urdf
[0.483s] -- Up-to-date: /workspaces/manipulation_ws/install/moveit_resources_panda_description/share/moveit_resources_panda_description/urdf/panda.urdf.xacro
[0.484s] -- Up-to-date: /workspaces/manipulation_ws/install/moveit_resources_panda_description/share/moveit_resources_panda_description/urdf/panda.urdf
[0.615s] Invoked command in '/workspaces/manipulation_ws/build/moveit_resources_panda_description' returned '0': CMAKE_PREFIX_PATH=${CMAKE_PREFIX_PATH}:/opt/ros/jazzy /usr/bin/cmake --install /workspaces/manipulation_ws/build/moveit_resources_panda_description
