[0.051s] Invoking command in '/workspaces/ros2_dev_containers/simulation/ros2_ws/build/andino_base': CMAKE_PREFIX_PATH=${CMAKE_PREFIX_PATH}:/opt/ros/jazzy /usr/bin/cmake --build /workspaces/ros2_dev_containers/simulation/ros2_ws/build/andino_base -- -j8 -l8
[0.097s] -- Found ament_cmake: 2.5.4 (/opt/ros/jazzy/share/ament_cmake/cmake)
[0.395s] -- Found hardware_interface: 4.29.0 (/opt/ros/jazzy/share/hardware_interface/cmake)
[0.425s] -- Found rosidl_generator_c: 4.6.5 (/opt/ros/jazzy/share/rosidl_generator_c/cmake)
[0.436s] -- Found rosidl_generator_cpp: 4.6.5 (/opt/ros/jazzy/share/rosidl_generator_cpp/cmake)
[0.451s] -- Using all available rosidl_typesupport_c: rosidl_typesupport_fastrtps_c;rosidl_typesupport_introspection_c
[0.470s] -- Using all available rosidl_typesupport_cpp: rosidl_typesupport_fastrtps_cpp;rosidl_typesupport_introspection_cpp
[0.690s] -- Found TinyXML2 via Config file: /usr/lib/x86_64-linux-gnu/cmake/tinyxml2
[0.729s] -- Found rmw_implementation_cmake: 7.3.2 (/opt/ros/jazzy/share/rmw_implementation_cmake/cmake)
[0.731s] -- Found rmw_fastrtps_cpp: 8.4.2 (/opt/ros/jazzy/share/rmw_fastrtps_cpp/cmake)
[0.751s] -- Found TinyXML2 via Config file: /usr/lib/x86_64-linux-gnu/cmake/tinyxml2
[0.762s] -- Found TinyXML2 via Config file: /usr/lib/x86_64-linux-gnu/cmake/tinyxml2
[0.780s] -- Found TinyXML2 via Config file: /usr/lib/x86_64-linux-gnu/cmake/tinyxml2
[0.790s] -- Found TinyXML2 via Config file: /usr/lib/x86_64-linux-gnu/cmake/tinyxml2
[0.802s] -- Using RMW implementation 'rmw_fastrtps_cpp' as default
[0.979s] [31mCMake Error at CMakeLists.txt:30 (find_package):
[0.979s]   By not providing "Findament_cmake_clang_format.cmake" in CMAKE_MODULE_PATH
[0.979s]   this project has asked CMake to find a package configuration file provided
[0.979s]   by "ament_cmake_clang_format", but CMake did not find one.
[0.979s] 
[0.980s]   Could not find a package configuration file provided by
[0.980s]   "ament_cmake_clang_format" with any of the following names:
[0.980s] 
[0.980s]     ament_cmake_clang_formatConfig.cmake
[0.980s]     ament_cmake_clang_format-config.cmake
[0.980s] 
[0.980s]   Add the installation prefix of "ament_cmake_clang_format" to
[0.980s]   CMAKE_PREFIX_PATH or set "ament_cmake_clang_format_DIR" to a directory
[0.980s]   containing one of the above files.  If "ament_cmake_clang_format" provides
[0.980s]   a separate development package or SDK, be sure it has been installed.
[0.980s] 
[0.980s] [0m
[0.980s] -- Configuring incomplete, errors occurred!
[0.987s] gmake: *** [Makefile:268: cmake_check_build_system] Error 1
[0.989s] Invoked command in '/workspaces/ros2_dev_containers/simulation/ros2_ws/build/andino_base' returned '2': CMAKE_PREFIX_PATH=${CMAKE_PREFIX_PATH}:/opt/ros/jazzy /usr/bin/cmake --build /workspaces/ros2_dev_containers/simulation/ros2_ws/build/andino_base -- -j8 -l8
