[0.201s] Invoking command in '/workspaces/manipulation_ws/build/moveit_resources_panda_description': CMAKE_PREFIX_PATH=${CMAKE_PREFIX_PATH}:/opt/ros/jazzy /usr/bin/cmake --build /workspaces/manipulation_ws/build/moveit_resources_panda_description -- -j4 -l4
[0.842s] Invoked command in '/workspaces/manipulation_ws/build/moveit_resources_panda_description' returned '0': CMAKE_PREFIX_PATH=${CMAKE_PREFIX_PATH}:/opt/ros/jazzy /usr/bin/cmake --build /workspaces/manipulation_ws/build/moveit_resources_panda_description -- -j4 -l4
[0.909s] Invoking command in '/workspaces/manipulation_ws/build/moveit_resources_panda_description': CMAKE_PREFIX_PATH=${CMAKE_PREFIX_PATH}:/opt/ros/jazzy /usr/bin/cmake --install /workspaces/manipulation_ws/build/moveit_resources_panda_description
[1.053s] -- Install configuration: ""
[1.054s] -- Up-to-date: /workspaces/manipulation_ws/install/moveit_resources_panda_description/share/ament_index/resource_index/package_run_dependencies/moveit_resources_panda_description
[1.054s] -- Up-to-date: /workspaces/manipulation_ws/install/moveit_resources_panda_description/share/ament_index/resource_index/parent_prefix_path/moveit_resources_panda_description
[1.058s] -- Up-to-date: /workspaces/manipulation_ws/install/moveit_resources_panda_description/share/moveit_resources_panda_description/environment/ament_prefix_path.sh
[1.059s] -- Up-to-date: /workspaces/manipulation_ws/install/moveit_resources_panda_description/share/moveit_resources_panda_description/environment/ament_prefix_path.dsv
[1.059s] -- Up-to-date: /workspaces/manipulation_ws/install/moveit_resources_panda_description/share/moveit_resources_panda_description/environment/path.sh
[1.059s] -- Up-to-date: /workspaces/manipulation_ws/install/moveit_resources_panda_description/share/moveit_resources_panda_description/environment/path.dsv
[1.059s] -- Up-to-date: /workspaces/manipulation_ws/install/moveit_resources_panda_description/share/moveit_resources_panda_description/local_setup.bash
[1.059s] -- Up-to-date: /workspaces/manipulation_ws/install/moveit_resources_panda_description/share/moveit_resources_panda_description/local_setup.sh
[1.060s] -- Up-to-date: /workspaces/manipulation_ws/install/moveit_resources_panda_description/share/moveit_resources_panda_description/local_setup.zsh
[1.069s] -- Up-to-date: /workspaces/manipulation_ws/install/moveit_resources_panda_description/share/moveit_resources_panda_description/local_setup.dsv
[1.070s] -- Installing: /workspaces/manipulation_ws/install/moveit_resources_panda_description/share/moveit_resources_panda_description/package.dsv
[1.070s] -- Up-to-date: /workspaces/manipulation_ws/install/moveit_resources_panda_description/share/ament_index/resource_index/packages/moveit_resources_panda_description
[1.070s] -- Up-to-date: /workspaces/manipulation_ws/install/moveit_resources_panda_description/share/moveit_resources_panda_description/cmake/moveit_resources_panda_descriptionConfig.cmake
[1.070s] -- Up-to-date: /workspaces/manipulation_ws/install/moveit_resources_panda_description/share/moveit_resources_panda_description/cmake/moveit_resources_panda_descriptionConfig-version.cmake
[1.071s] -- Up-to-date: /workspaces/manipulation_ws/install/moveit_resources_panda_description/share/moveit_resources_panda_description/package.xml
[1.071s] -- Up-to-date: /workspaces/manipulation_ws/install/moveit_resources_panda_description/share/moveit_resources_panda_description/meshes
[1.072s] -- Up-to-date: /workspaces/manipulation_ws/install/moveit_resources_panda_description/share/moveit_resources_panda_description/meshes/visual
[1.077s] -- Up-to-date: /workspaces/manipulation_ws/install/moveit_resources_panda_description/share/moveit_resources_panda_description/meshes/visual/finger.dae
[1.085s] -- Up-to-date: /workspaces/manipulation_ws/install/moveit_resources_panda_description/share/moveit_resources_panda_description/meshes/visual/hand.dae
[1.088s] -- Up-to-date: /workspaces/manipulation_ws/install/moveit_resources_panda_description/share/moveit_resources_panda_description/meshes/visual/link3.dae
[1.088s] -- Up-to-date: /workspaces/manipulation_ws/install/moveit_resources_panda_description/share/moveit_resources_panda_description/meshes/visual/link2.dae
[1.089s] -- Up-to-date: /workspaces/manipulation_ws/install/moveit_resources_panda_description/share/moveit_resources_panda_description/meshes/visual/link5.dae
[1.089s] -- Up-to-date: /workspaces/manipulation_ws/install/moveit_resources_panda_description/share/moveit_resources_panda_description/meshes/visual/link6.dae
[1.089s] -- Up-to-date: /workspaces/manipulation_ws/install/moveit_resources_panda_description/share/moveit_resources_panda_description/meshes/visual/link1.dae
[1.093s] -- Up-to-date: /workspaces/manipulation_ws/install/moveit_resources_panda_description/share/moveit_resources_panda_description/meshes/visual/link0.dae
[1.095s] -- Up-to-date: /workspaces/manipulation_ws/install/moveit_resources_panda_description/share/moveit_resources_panda_description/meshes/visual/link4.dae
[1.095s] -- Up-to-date: /workspaces/manipulation_ws/install/moveit_resources_panda_description/share/moveit_resources_panda_description/meshes/visual/link7.dae
[1.095s] -- Up-to-date: /workspaces/manipulation_ws/install/moveit_resources_panda_description/share/moveit_resources_panda_description/meshes/collision
[1.096s] -- Up-to-date: /workspaces/manipulation_ws/install/moveit_resources_panda_description/share/moveit_resources_panda_description/meshes/collision/link5.stl
[1.096s] -- Up-to-date: /workspaces/manipulation_ws/install/moveit_resources_panda_description/share/moveit_resources_panda_description/meshes/collision/link6.stl
[1.097s] -- Up-to-date: /workspaces/manipulation_ws/install/moveit_resources_panda_description/share/moveit_resources_panda_description/meshes/collision/link1.stl
[1.097s] -- Up-to-date: /workspaces/manipulation_ws/install/moveit_resources_panda_description/share/moveit_resources_panda_description/meshes/collision/link4.stl
[1.097s] -- Up-to-date: /workspaces/manipulation_ws/install/moveit_resources_panda_description/share/moveit_resources_panda_description/meshes/collision/link2.stl
[1.097s] -- Up-to-date: /workspaces/manipulation_ws/install/moveit_resources_panda_description/share/moveit_resources_panda_description/meshes/collision/link0.stl
[1.097s] -- Up-to-date: /workspaces/manipulation_ws/install/moveit_resources_panda_description/share/moveit_resources_panda_description/meshes/collision/link7.stl
[1.097s] -- Up-to-date: /workspaces/manipulation_ws/install/moveit_resources_panda_description/share/moveit_resources_panda_description/meshes/collision/link3.stl
[1.097s] -- Up-to-date: /workspaces/manipulation_ws/install/moveit_resources_panda_description/share/moveit_resources_panda_description/meshes/collision/finger.stl
[1.098s] -- Up-to-date: /workspaces/manipulation_ws/install/moveit_resources_panda_description/share/moveit_resources_panda_description/meshes/collision/hand.stl
[1.108s] -- Up-to-date: /workspaces/manipulation_ws/install/moveit_resources_panda_description/share/moveit_resources_panda_description/urdf
[1.121s] -- Up-to-date: /workspaces/manipulation_ws/install/moveit_resources_panda_description/share/moveit_resources_panda_description/urdf/panda.urdf.xacro
[1.121s] -- Up-to-date: /workspaces/manipulation_ws/install/moveit_resources_panda_description/share/moveit_resources_panda_description/urdf/panda.urdf
[1.194s] Invoked command in '/workspaces/manipulation_ws/build/moveit_resources_panda_description' returned '0': CMAKE_PREFIX_PATH=${CMAKE_PREFIX_PATH}:/opt/ros/jazzy /usr/bin/cmake --install /workspaces/manipulation_ws/build/moveit_resources_panda_description
