[0.039s] Invoking command in '/workspaces/ros2_dev_containers/simulation/ros2_ws/build/andino_description': CMAKE_PREFIX_PATH=${CMAKE_PREFIX_PATH}:/opt/ros/jazzy /usr/bin/cmake --build /workspaces/ros2_dev_containers/simulation/ros2_ws/build/andino_description -- -j8 -l8
[0.115s] Invoked command in '/workspaces/ros2_dev_containers/simulation/ros2_ws/build/andino_description' returned '0': CMAKE_PREFIX_PATH=${CMAKE_PREFIX_PATH}:/opt/ros/jazzy /usr/bin/cmake --build /workspaces/ros2_dev_containers/simulation/ros2_ws/build/andino_description -- -j8 -l8
[0.116s] Invoking command in '/workspaces/ros2_dev_containers/simulation/ros2_ws/build/andino_description': CMAKE_PREFIX_PATH=${CMAKE_PREFIX_PATH}:/opt/ros/jazzy /usr/bin/cmake --install /workspaces/ros2_dev_containers/simulation/ros2_ws/build/andino_description
[0.131s] -- Install configuration: ""
[0.131s] -- Up-to-date: /workspaces/ros2_dev_containers/simulation/ros2_ws/install/andino_description/share/andino_description//config
[0.131s] -- Up-to-date: /workspaces/ros2_dev_containers/simulation/ros2_ws/install/andino_description/share/andino_description//config/andino
[0.131s] -- Up-to-date: /workspaces/ros2_dev_containers/simulation/ros2_ws/install/andino_description/share/andino_description//config/andino/base.yaml
[0.132s] -- Up-to-date: /workspaces/ros2_dev_containers/simulation/ros2_ws/install/andino_description/share/andino_description//config/andino/wheel.yaml
[0.132s] -- Up-to-date: /workspaces/ros2_dev_containers/simulation/ros2_ws/install/andino_description/share/andino_description//config/andino/caster_wheel.yaml
[0.132s] -- Up-to-date: /workspaces/ros2_dev_containers/simulation/ros2_ws/install/andino_description/share/andino_description//config/andino/second_base.yaml
[0.132s] -- Up-to-date: /workspaces/ros2_dev_containers/simulation/ros2_ws/install/andino_description/share/andino_description//config/andino/hardware.yaml
[0.132s] -- Up-to-date: /workspaces/ros2_dev_containers/simulation/ros2_ws/install/andino_description/share/andino_description//config/andino/motor.yaml
[0.132s] -- Up-to-date: /workspaces/ros2_dev_containers/simulation/ros2_ws/install/andino_description/share/andino_description//config/andino/sensors.yaml
[0.132s] -- Up-to-date: /workspaces/ros2_dev_containers/simulation/ros2_ws/install/andino_description/share/andino_description//launch
[0.132s] -- Up-to-date: /workspaces/ros2_dev_containers/simulation/ros2_ws/install/andino_description/share/andino_description//launch/andino_description.launch.py
[0.133s] -- Up-to-date: /workspaces/ros2_dev_containers/simulation/ros2_ws/install/andino_description/share/andino_description//launch/view_andino.launch.py
[0.133s] -- Up-to-date: /workspaces/ros2_dev_containers/simulation/ros2_ws/install/andino_description/share/andino_description//meshes
[0.133s] -- Up-to-date: /workspaces/ros2_dev_containers/simulation/ros2_ws/install/andino_description/share/andino_description//meshes/components
[0.133s] -- Up-to-date: /workspaces/ros2_dev_containers/simulation/ros2_ws/install/andino_description/share/andino_description//meshes/components/wheel.stl
[0.133s] -- Up-to-date: /workspaces/ros2_dev_containers/simulation/ros2_ws/install/andino_description/share/andino_description//meshes/sensors
[0.133s] -- Up-to-date: /workspaces/ros2_dev_containers/simulation/ros2_ws/install/andino_description/share/andino_description//meshes/sensors/camera_mount.stl
[0.133s] -- Up-to-date: /workspaces/ros2_dev_containers/simulation/ros2_ws/install/andino_description/share/andino_description//meshes/sensors/rplidar-a2.stl
[0.133s] -- Up-to-date: /workspaces/ros2_dev_containers/simulation/ros2_ws/install/andino_description/share/andino_description//meshes/sensors/rplidar-a1.stl
[0.134s] -- Up-to-date: /workspaces/ros2_dev_containers/simulation/ros2_ws/install/andino_description/share/andino_description//meshes/andino
[0.134s] -- Up-to-date: /workspaces/ros2_dev_containers/simulation/ros2_ws/install/andino_description/share/andino_description//meshes/andino/caster_wheel_support.stl
[0.135s] -- Up-to-date: /workspaces/ros2_dev_containers/simulation/ros2_ws/install/andino_description/share/andino_description//meshes/andino/chassis_top.stl
[0.135s] -- Up-to-date: /workspaces/ros2_dev_containers/simulation/ros2_ws/install/andino_description/share/andino_description//meshes/andino/caster_base.stl
[0.135s] -- Up-to-date: /workspaces/ros2_dev_containers/simulation/ros2_ws/install/andino_description/share/andino_description//meshes/andino/wheel_rim.stl
[0.136s] -- Up-to-date: /workspaces/ros2_dev_containers/simulation/ros2_ws/install/andino_description/share/andino_description//meshes/andino/motor.stl
[0.136s] -- Up-to-date: /workspaces/ros2_dev_containers/simulation/ros2_ws/install/andino_description/share/andino_description//meshes/andino/chassis.stl
[0.136s] -- Up-to-date: /workspaces/ros2_dev_containers/simulation/ros2_ws/install/andino_description/share/andino_description//meshes/andino/wheel_tire.stl
[0.136s] -- Up-to-date: /workspaces/ros2_dev_containers/simulation/ros2_ws/install/andino_description/share/andino_description//meshes/andino/caster_wheel.stl
[0.136s] -- Up-to-date: /workspaces/ros2_dev_containers/simulation/ros2_ws/install/andino_description/share/andino_description//urdf
[0.136s] -- Up-to-date: /workspaces/ros2_dev_containers/simulation/ros2_ws/install/andino_description/share/andino_description//urdf/include
[0.137s] -- Up-to-date: /workspaces/ros2_dev_containers/simulation/ros2_ws/install/andino_description/share/andino_description//urdf/include/common_sensors.urdf.xacro
[0.137s] -- Up-to-date: /workspaces/ros2_dev_containers/simulation/ros2_ws/install/andino_description/share/andino_description//urdf/include/andino_control.urdf.xacro
[0.137s] -- Up-to-date: /workspaces/ros2_dev_containers/simulation/ros2_ws/install/andino_description/share/andino_description//urdf/include/andino_caster_macro.urdf.xacro
[0.137s] -- Up-to-date: /workspaces/ros2_dev_containers/simulation/ros2_ws/install/andino_description/share/andino_description//urdf/include/common_macros.urdf.xacro
[0.137s] -- Up-to-date: /workspaces/ros2_dev_containers/simulation/ros2_ws/install/andino_description/share/andino_description//urdf/andino.urdf.xacro
[0.137s] -- Up-to-date: /workspaces/ros2_dev_containers/simulation/ros2_ws/install/andino_description/share/andino_description//rviz
[0.137s] -- Up-to-date: /workspaces/ros2_dev_containers/simulation/ros2_ws/install/andino_description/share/andino_description//rviz/andino_description.rviz
[0.137s] -- Up-to-date: /workspaces/ros2_dev_containers/simulation/ros2_ws/install/andino_description/share/ament_index/resource_index/package_run_dependencies/andino_description
[0.137s] -- Up-to-date: /workspaces/ros2_dev_containers/simulation/ros2_ws/install/andino_description/share/ament_index/resource_index/parent_prefix_path/andino_description
[0.138s] -- Up-to-date: /workspaces/ros2_dev_containers/simulation/ros2_ws/install/andino_description/share/andino_description/environment/ament_prefix_path.sh
[0.138s] -- Up-to-date: /workspaces/ros2_dev_containers/simulation/ros2_ws/install/andino_description/share/andino_description/environment/ament_prefix_path.dsv
[0.138s] -- Up-to-date: /workspaces/ros2_dev_containers/simulation/ros2_ws/install/andino_description/share/andino_description/environment/path.sh
[0.138s] -- Up-to-date: /workspaces/ros2_dev_containers/simulation/ros2_ws/install/andino_description/share/andino_description/environment/path.dsv
[0.138s] -- Up-to-date: /workspaces/ros2_dev_containers/simulation/ros2_ws/install/andino_description/share/andino_description/local_setup.bash
[0.139s] -- Up-to-date: /workspaces/ros2_dev_containers/simulation/ros2_ws/install/andino_description/share/andino_description/local_setup.sh
[0.139s] -- Up-to-date: /workspaces/ros2_dev_containers/simulation/ros2_ws/install/andino_description/share/andino_description/local_setup.zsh
[0.140s] -- Up-to-date: /workspaces/ros2_dev_containers/simulation/ros2_ws/install/andino_description/share/andino_description/local_setup.dsv
[0.140s] -- Installing: /workspaces/ros2_dev_containers/simulation/ros2_ws/install/andino_description/share/andino_description/package.dsv
[0.140s] -- Up-to-date: /workspaces/ros2_dev_containers/simulation/ros2_ws/install/andino_description/share/ament_index/resource_index/packages/andino_description
[0.140s] -- Up-to-date: /workspaces/ros2_dev_containers/simulation/ros2_ws/install/andino_description/share/andino_description/cmake/andino_descriptionConfig.cmake
[0.140s] -- Up-to-date: /workspaces/ros2_dev_containers/simulation/ros2_ws/install/andino_description/share/andino_description/cmake/andino_descriptionConfig-version.cmake
[0.141s] -- Up-to-date: /workspaces/ros2_dev_containers/simulation/ros2_ws/install/andino_description/share/andino_description/package.xml
[0.150s] Invoked command in '/workspaces/ros2_dev_containers/simulation/ros2_ws/build/andino_description' returned '0': CMAKE_PREFIX_PATH=${CMAKE_PREFIX_PATH}:/opt/ros/jazzy /usr/bin/cmake --install /workspaces/ros2_dev_containers/simulation/ros2_ws/build/andino_description
