[0.150s] Invoking command in '/workspaces/manipulation_ws/build/moveit_resources_fanuc_description': CMAKE_PREFIX_PATH=${CMAKE_PREFIX_PATH}:/opt/ros/jazzy /usr/bin/cmake --build /workspaces/manipulation_ws/build/moveit_resources_fanuc_description -- -j4 -l4
[0.612s] Invoked command in '/workspaces/manipulation_ws/build/moveit_resources_fanuc_description' returned '0': CMAKE_PREFIX_PATH=${CMAKE_PREFIX_PATH}:/opt/ros/jazzy /usr/bin/cmake --build /workspaces/manipulation_ws/build/moveit_resources_fanuc_description -- -j4 -l4
[0.618s] Invoking command in '/workspaces/manipulation_ws/build/moveit_resources_fanuc_description': CMAKE_PREFIX_PATH=${CMAKE_PREFIX_PATH}:/opt/ros/jazzy /usr/bin/cmake --install /workspaces/manipulation_ws/build/moveit_resources_fanuc_description
[0.794s] -- Install configuration: ""
[0.795s] -- Up-to-date: /workspaces/manipulation_ws/install/moveit_resources_fanuc_description/share/ament_index/resource_index/package_run_dependencies/moveit_resources_fanuc_description
[0.795s] -- Up-to-date: /workspaces/manipulation_ws/install/moveit_resources_fanuc_description/share/ament_index/resource_index/parent_prefix_path/moveit_resources_fanuc_description
[0.795s] -- Up-to-date: /workspaces/manipulation_ws/install/moveit_resources_fanuc_description/share/moveit_resources_fanuc_description/environment/ament_prefix_path.sh
[0.798s] -- Up-to-date: /workspaces/manipulation_ws/install/moveit_resources_fanuc_description/share/moveit_resources_fanuc_description/environment/ament_prefix_path.dsv
[0.798s] -- Up-to-date: /workspaces/manipulation_ws/install/moveit_resources_fanuc_description/share/moveit_resources_fanuc_description/environment/path.sh
[0.798s] -- Up-to-date: /workspaces/manipulation_ws/install/moveit_resources_fanuc_description/share/moveit_resources_fanuc_description/environment/path.dsv
[0.798s] -- Up-to-date: /workspaces/manipulation_ws/install/moveit_resources_fanuc_description/share/moveit_resources_fanuc_description/local_setup.bash
[0.798s] -- Up-to-date: /workspaces/manipulation_ws/install/moveit_resources_fanuc_description/share/moveit_resources_fanuc_description/local_setup.sh
[0.799s] -- Up-to-date: /workspaces/manipulation_ws/install/moveit_resources_fanuc_description/share/moveit_resources_fanuc_description/local_setup.zsh
[0.799s] -- Up-to-date: /workspaces/manipulation_ws/install/moveit_resources_fanuc_description/share/moveit_resources_fanuc_description/local_setup.dsv
[0.799s] -- Installing: /workspaces/manipulation_ws/install/moveit_resources_fanuc_description/share/moveit_resources_fanuc_description/package.dsv
[0.799s] -- Up-to-date: /workspaces/manipulation_ws/install/moveit_resources_fanuc_description/share/ament_index/resource_index/packages/moveit_resources_fanuc_description
[0.803s] -- Up-to-date: /workspaces/manipulation_ws/install/moveit_resources_fanuc_description/share/moveit_resources_fanuc_description/cmake/moveit_resources_fanuc_descriptionConfig.cmake
[0.806s] -- Up-to-date: /workspaces/manipulation_ws/install/moveit_resources_fanuc_description/share/moveit_resources_fanuc_description/cmake/moveit_resources_fanuc_descriptionConfig-version.cmake
[0.811s] -- Up-to-date: /workspaces/manipulation_ws/install/moveit_resources_fanuc_description/share/moveit_resources_fanuc_description/package.xml
[0.811s] -- Up-to-date: /workspaces/manipulation_ws/install/moveit_resources_fanuc_description/share/moveit_resources_fanuc_description/meshes
[0.812s] -- Up-to-date: /workspaces/manipulation_ws/install/moveit_resources_fanuc_description/share/moveit_resources_fanuc_description/meshes/visual
[0.812s] -- Up-to-date: /workspaces/manipulation_ws/install/moveit_resources_fanuc_description/share/moveit_resources_fanuc_description/meshes/visual/link_3.stl
[0.812s] -- Up-to-date: /workspaces/manipulation_ws/install/moveit_resources_fanuc_description/share/moveit_resources_fanuc_description/meshes/visual/link_4.stl
[0.812s] -- Up-to-date: /workspaces/manipulation_ws/install/moveit_resources_fanuc_description/share/moveit_resources_fanuc_description/meshes/visual/link_5.stl
[0.812s] -- Up-to-date: /workspaces/manipulation_ws/install/moveit_resources_fanuc_description/share/moveit_resources_fanuc_description/meshes/visual/link_1.stl
[0.840s] -- Up-to-date: /workspaces/manipulation_ws/install/moveit_resources_fanuc_description/share/moveit_resources_fanuc_description/meshes/visual/link_2.stl
[0.840s] -- Up-to-date: /workspaces/manipulation_ws/install/moveit_resources_fanuc_description/share/moveit_resources_fanuc_description/meshes/visual/link_6.stl
[0.841s] -- Up-to-date: /workspaces/manipulation_ws/install/moveit_resources_fanuc_description/share/moveit_resources_fanuc_description/meshes/visual/base_link.stl
[0.841s] -- Up-to-date: /workspaces/manipulation_ws/install/moveit_resources_fanuc_description/share/moveit_resources_fanuc_description/meshes/collision
[0.841s] -- Up-to-date: /workspaces/manipulation_ws/install/moveit_resources_fanuc_description/share/moveit_resources_fanuc_description/meshes/collision/link_3.stl
[0.841s] -- Up-to-date: /workspaces/manipulation_ws/install/moveit_resources_fanuc_description/share/moveit_resources_fanuc_description/meshes/collision/link_4.stl
[0.841s] -- Up-to-date: /workspaces/manipulation_ws/install/moveit_resources_fanuc_description/share/moveit_resources_fanuc_description/meshes/collision/link_5.stl
[0.841s] -- Up-to-date: /workspaces/manipulation_ws/install/moveit_resources_fanuc_description/share/moveit_resources_fanuc_description/meshes/collision/link_1.stl
[0.842s] -- Up-to-date: /workspaces/manipulation_ws/install/moveit_resources_fanuc_description/share/moveit_resources_fanuc_description/meshes/collision/link_2.stl
[0.842s] -- Up-to-date: /workspaces/manipulation_ws/install/moveit_resources_fanuc_description/share/moveit_resources_fanuc_description/meshes/collision/link_6.stl
[0.842s] -- Up-to-date: /workspaces/manipulation_ws/install/moveit_resources_fanuc_description/share/moveit_resources_fanuc_description/meshes/collision/base_link.stl
[0.842s] -- Up-to-date: /workspaces/manipulation_ws/install/moveit_resources_fanuc_description/share/moveit_resources_fanuc_description/urdf
[0.842s] -- Up-to-date: /workspaces/manipulation_ws/install/moveit_resources_fanuc_description/share/moveit_resources_fanuc_description/urdf/fanuc.urdf
[0.933s] Invoked command in '/workspaces/manipulation_ws/build/moveit_resources_fanuc_description' returned '0': CMAKE_PREFIX_PATH=${CMAKE_PREFIX_PATH}:/opt/ros/jazzy /usr/bin/cmake --install /workspaces/manipulation_ws/build/moveit_resources_fanuc_description
