-- Install configuration: ""
-- Up-to-date: /workspaces/ros2_dev_containers/simulation/ros2_ws/install/andino_hardware/share/andino_hardware//printing_model
-- Up-to-date: /workspaces/ros2_dev_containers/simulation/ros2_ws/install/andino_hardware/share/andino_hardware//printing_model/raspi_cam_mount
-- Up-to-date: /workspaces/ros2_dev_containers/simulation/ros2_ws/install/andino_hardware/share/andino_hardware//printing_model/raspi_cam_mount/raspi_camera_mount_back.stl
-- Up-to-date: /workspaces/ros2_dev_containers/simulation/ros2_ws/install/andino_hardware/share/andino_hardware//printing_model/raspi_cam_mount/raspi_camera_mount_front.stl
-- Up-to-date: /workspaces/ros2_dev_containers/simulation/ros2_ws/install/andino_hardware/share/andino_hardware//printing_model/raspi_cam_mount/raspi_camera_mount_hinge.stl
-- Up-to-date: /workspaces/ros2_dev_containers/simulation/ros2_ws/install/andino_hardware/share/andino_hardware//printing_model/chassis
-- Up-to-date: /workspaces/ros2_dev_containers/simulation/ros2_ws/install/andino_hardware/share/andino_hardware//printing_model/chassis/RobotChassis.PDF
-- Up-to-date: /workspaces/ros2_dev_containers/simulation/ros2_ws/install/andino_hardware/share/andino_hardware//printing_model/chassis/RobotChassis.STL
-- Up-to-date: /workspaces/ros2_dev_containers/simulation/ros2_ws/install/andino_hardware/share/ament_index/resource_index/package_run_dependencies/andino_hardware
-- Up-to-date: /workspaces/ros2_dev_containers/simulation/ros2_ws/install/andino_hardware/share/ament_index/resource_index/parent_prefix_path/andino_hardware
-- Up-to-date: /workspaces/ros2_dev_containers/simulation/ros2_ws/install/andino_hardware/share/andino_hardware/environment/ament_prefix_path.sh
-- Up-to-date: /workspaces/ros2_dev_containers/simulation/ros2_ws/install/andino_hardware/share/andino_hardware/environment/ament_prefix_path.dsv
-- Up-to-date: /workspaces/ros2_dev_containers/simulation/ros2_ws/install/andino_hardware/share/andino_hardware/environment/path.sh
-- Up-to-date: /workspaces/ros2_dev_containers/simulation/ros2_ws/install/andino_hardware/share/andino_hardware/environment/path.dsv
-- Up-to-date: /workspaces/ros2_dev_containers/simulation/ros2_ws/install/andino_hardware/share/andino_hardware/local_setup.bash
-- Up-to-date: /workspaces/ros2_dev_containers/simulation/ros2_ws/install/andino_hardware/share/andino_hardware/local_setup.sh
-- Up-to-date: /workspaces/ros2_dev_containers/simulation/ros2_ws/install/andino_hardware/share/andino_hardware/local_setup.zsh
-- Up-to-date: /workspaces/ros2_dev_containers/simulation/ros2_ws/install/andino_hardware/share/andino_hardware/local_setup.dsv
-- Installing: /workspaces/ros2_dev_containers/simulation/ros2_ws/install/andino_hardware/share/andino_hardware/package.dsv
-- Up-to-date: /workspaces/ros2_dev_containers/simulation/ros2_ws/install/andino_hardware/share/ament_index/resource_index/packages/andino_hardware
-- Up-to-date: /workspaces/ros2_dev_containers/simulation/ros2_ws/install/andino_hardware/share/andino_hardware/cmake/andino_hardwareConfig.cmake
-- Up-to-date: /workspaces/ros2_dev_containers/simulation/ros2_ws/install/andino_hardware/share/andino_hardware/cmake/andino_hardwareConfig-version.cmake
-- Up-to-date: /workspaces/ros2_dev_containers/simulation/ros2_ws/install/andino_hardware/share/andino_hardware/package.xml
